<?xml version="1.0" encoding="UTF-8"?>
<testsuite xmlns:xsi="http://www.w3.org/2001/XMLSchema-instance" xsi:noNamespaceSchemaLocation="https://maven.apache.org/surefire/maven-surefire-plugin/xsd/surefire-test-report-3.0.xsd" version="3.0" name="TestSuite" time="231.545" tests="7" errors="0" skipped="1" failures="3">
  <properties>
    <property name="sun.desktop" value="windows"/>
    <property name="awt.toolkit" value="sun.awt.windows.WToolkit"/>
    <property name="java.specification.version" value="11"/>
    <property name="sun.cpu.isalist" value="amd64"/>
    <property name="sun.jnu.encoding" value="Cp1252"/>
    <property name="java.class.path" value="C:\Users\ravish.rana\GIT\FrameWork_Ravish\target\test-classes;C:\Users\ravish.rana\GIT\FrameWork_Ravish\target\classes;C:\Users\ravish.rana\.m2\repository\junit\junit\4.11\junit-4.11.jar;C:\Users\ravish.rana\.m2\repository\org\hamcrest\hamcrest-core\1.3\hamcrest-core-1.3.jar;C:\Users\ravish.rana\.m2\repository\org\seleniumhq\selenium\selenium-java\4.1.0\selenium-java-4.1.0.jar;C:\Users\ravish.rana\.m2\repository\org\seleniumhq\selenium\selenium-api\4.1.0\selenium-api-4.1.0.jar;C:\Users\ravish.rana\.m2\repository\org\seleniumhq\selenium\selenium-chrome-driver\4.1.0\selenium-chrome-driver-4.1.0.jar;C:\Users\ravish.rana\.m2\repository\com\google\auto\service\auto-service-annotations\1.0.1\auto-service-annotations-1.0.1.jar;C:\Users\ravish.rana\.m2\repository\com\google\auto\service\auto-service\1.0.1\auto-service-1.0.1.jar;C:\Users\ravish.rana\.m2\repository\com\google\auto\auto-common\1.2\auto-common-1.2.jar;C:\Users\ravish.rana\.m2\repository\com\google\guava\guava\31.0.1-jre\guava-31.0.1-jre.jar;C:\Users\ravish.rana\.m2\repository\com\google\guava\failureaccess\1.0.1\failureaccess-1.0.1.jar;C:\Users\ravish.rana\.m2\repository\com\google\guava\listenablefuture\9999.0-empty-to-avoid-conflict-with-guava\listenablefuture-9999.0-empty-to-avoid-conflict-with-guava.jar;C:\Users\ravish.rana\.m2\repository\com\google\code\findbugs\jsr305\3.0.2\jsr305-3.0.2.jar;C:\Users\ravish.rana\.m2\repository\org\checkerframework\checker-qual\3.12.0\checker-qual-3.12.0.jar;C:\Users\ravish.rana\.m2\repository\com\google\errorprone\error_prone_annotations\2.7.1\error_prone_annotations-2.7.1.jar;C:\Users\ravish.rana\.m2\repository\com\google\j2objc\j2objc-annotations\1.3\j2objc-annotations-1.3.jar;C:\Users\ravish.rana\.m2\repository\org\seleniumhq\selenium\selenium-chromium-driver\4.1.0\selenium-chromium-driver-4.1.0.jar;C:\Users\ravish.rana\.m2\repository\org\seleniumhq\selenium\selenium-json\4.1.0\selenium-json-4.1.0.jar;C:\Users\ravish.rana\.m2\repository\org\seleniumhq\selenium\selenium-devtools-v85\4.1.0\selenium-devtools-v85-4.1.0.jar;C:\Users\ravish.rana\.m2\repository\org\seleniumhq\selenium\selenium-devtools-v94\4.1.0\selenium-devtools-v94-4.1.0.jar;C:\Users\ravish.rana\.m2\repository\org\seleniumhq\selenium\selenium-devtools-v95\4.1.0\selenium-devtools-v95-4.1.0.jar;C:\Users\ravish.rana\.m2\repository\org\seleniumhq\selenium\selenium-devtools-v96\4.1.0\selenium-devtools-v96-4.1.0.jar;C:\Users\ravish.rana\.m2\repository\org\seleniumhq\selenium\selenium-edge-driver\4.1.0\selenium-edge-driver-4.1.0.jar;C:\Users\ravish.rana\.m2\repository\org\seleniumhq\selenium\selenium-firefox-driver\4.1.0\selenium-firefox-driver-4.1.0.jar;C:\Users\ravish.rana\.m2\repository\org\seleniumhq\selenium\selenium-firefox-xpi-driver\4.1.0\selenium-firefox-xpi-driver-4.1.0.jar;C:\Users\ravish.rana\.m2\repository\org\seleniumhq\selenium\selenium-ie-driver\4.1.0\selenium-ie-driver-4.1.0.jar;C:\Users\ravish.rana\.m2\repository\org\seleniumhq\selenium\selenium-opera-driver\4.1.0\selenium-opera-driver-4.1.0.jar;C:\Users\ravish.rana\.m2\repository\org\seleniumhq\selenium\selenium-remote-driver\4.1.0\selenium-remote-driver-4.1.0.jar;C:\Users\ravish.rana\.m2\repository\io\netty\netty-buffer\4.1.69.Final\netty-buffer-4.1.69.Final.jar;C:\Users\ravish.rana\.m2\repository\io\netty\netty-codec-http\4.1.69.Final\netty-codec-http-4.1.69.Final.jar;C:\Users\ravish.rana\.m2\repository\io\netty\netty-codec\4.1.69.Final\netty-codec-4.1.69.Final.jar;C:\Users\ravish.rana\.m2\repository\io\netty\netty-handler\4.1.69.Final\netty-handler-4.1.69.Final.jar;C:\Users\ravish.rana\.m2\repository\io\netty\netty-common\4.1.69.Final\netty-common-4.1.69.Final.jar;C:\Users\ravish.rana\.m2\repository\io\netty\netty-transport-native-epoll\4.1.69.Final\netty-transport-native-epoll-4.1.69.Final.jar;C:\Users\ravish.rana\.m2\repository\io\netty\netty-transport-native-kqueue\4.1.69.Final\netty-transport-native-kqueue-4.1.69.Final.jar;C:\Users\ravish.rana\.m2\repository\io\netty\netty-transport-native-unix-common\4.1.69.Final\netty-transport-native-unix-common-4.1.69.Final.jar;C:\Users\ravish.rana\.m2\repository\io\netty\netty-transport\4.1.69.Final\netty-transport-4.1.69.Final.jar;C:\Users\ravish.rana\.m2\repository\io\netty\netty-resolver\4.1.69.Final\netty-resolver-4.1.69.Final.jar;C:\Users\ravish.rana\.m2\repository\io\opentelemetry\opentelemetry-api\1.9.0\opentelemetry-api-1.9.0.jar;C:\Users\ravish.rana\.m2\repository\io\opentelemetry\opentelemetry-context\1.9.0\opentelemetry-context-1.9.0.jar;C:\Users\ravish.rana\.m2\repository\io\opentelemetry\opentelemetry-exporter-logging\1.9.0\opentelemetry-exporter-logging-1.9.0.jar;C:\Users\ravish.rana\.m2\repository\io\opentelemetry\opentelemetry-sdk-metrics\1.9.0-alpha\opentelemetry-sdk-metrics-1.9.0-alpha.jar;C:\Users\ravish.rana\.m2\repository\io\opentelemetry\opentelemetry-sdk-logs\1.9.0-alpha\opentelemetry-sdk-logs-1.9.0-alpha.jar;C:\Users\ravish.rana\.m2\repository\io\opentelemetry\opentelemetry-sdk-common\1.9.0\opentelemetry-sdk-common-1.9.0.jar;C:\Users\ravish.rana\.m2\repository\io\opentelemetry\opentelemetry-sdk-extension-autoconfigure-spi\1.9.0\opentelemetry-sdk-extension-autoconfigure-spi-1.9.0.jar;C:\Users\ravish.rana\.m2\repository\io\opentelemetry\opentelemetry-sdk-extension-autoconfigure\1.9.0-alpha\opentelemetry-sdk-extension-autoconfigure-1.9.0-alpha.jar;C:\Users\ravish.rana\.m2\repository\io\opentelemetry\opentelemetry-sdk-trace\1.9.0\opentelemetry-sdk-trace-1.9.0.jar;C:\Users\ravish.rana\.m2\repository\io\opentelemetry\opentelemetry-api-metrics\1.9.0-alpha\opentelemetry-api-metrics-1.9.0-alpha.jar;C:\Users\ravish.rana\.m2\repository\io\opentelemetry\opentelemetry-sdk\1.9.0\opentelemetry-sdk-1.9.0.jar;C:\Users\ravish.rana\.m2\repository\io\opentelemetry\opentelemetry-semconv\1.9.0-alpha\opentelemetry-semconv-1.9.0-alpha.jar;C:\Users\ravish.rana\.m2\repository\io\ous\jtoml\2.0.0\jtoml-2.0.0.jar;C:\Users\ravish.rana\.m2\repository\net\bytebuddy\byte-buddy\1.12.1\byte-buddy-1.12.1.jar;C:\Users\ravish.rana\.m2\repository\org\apache\commons\commons-exec\1.3\commons-exec-1.3.jar;C:\Users\ravish.rana\.m2\repository\org\asynchttpclient\async-http-client\2.12.3\async-http-client-2.12.3.jar;C:\Users\ravish.rana\.m2\repository\org\asynchttpclient\async-http-client-netty-utils\2.12.3\async-http-client-netty-utils-2.12.3.jar;C:\Users\ravish.rana\.m2\repository\io\netty\netty-codec-socks\4.1.60.Final\netty-codec-socks-4.1.60.Final.jar;C:\Users\ravish.rana\.m2\repository\io\netty\netty-handler-proxy\4.1.60.Final\netty-handler-proxy-4.1.60.Final.jar;C:\Users\ravish.rana\.m2\repository\io\netty\netty-transport-native-epoll\4.1.60.Final\netty-transport-native-epoll-4.1.60.Final-linux-x86_64.jar;C:\Users\ravish.rana\.m2\repository\io\netty\netty-transport-native-kqueue\4.1.60.Final\netty-transport-native-kqueue-4.1.60.Final-osx-x86_64.jar;C:\Users\ravish.rana\.m2\repository\com\typesafe\netty\netty-reactive-streams\2.0.4\netty-reactive-streams-2.0.4.jar;C:\Users\ravish.rana\.m2\repository\com\sun\activation\jakarta.activation\1.2.2\jakarta.activation-1.2.2.jar;C:\Users\ravish.rana\.m2\repository\org\seleniumhq\selenium\selenium-http\4.1.0\selenium-http-4.1.0.jar;C:\Users\ravish.rana\.m2\repository\net\jodah\failsafe\2.4.4\failsafe-2.4.4.jar;C:\Users\ravish.rana\.m2\repository\org\seleniumhq\selenium\selenium-safari-driver\4.1.0\selenium-safari-driver-4.1.0.jar;C:\Users\ravish.rana\.m2\repository\org\seleniumhq\selenium\selenium-support\4.1.0\selenium-support-4.1.0.jar;C:\Users\ravish.rana\.m2\repository\org\apache\poi\poi-ooxml\5.2.1\poi-ooxml-5.2.1.jar;C:\Users\ravish.rana\.m2\repository\org\apache\poi\poi-ooxml-lite\5.2.1\poi-ooxml-lite-5.2.1.jar;C:\Users\ravish.rana\.m2\repository\org\apache\xmlbeans\xmlbeans\5.0.3\xmlbeans-5.0.3.jar;C:\Users\ravish.rana\.m2\repository\org\apache\commons\commons-compress\1.21\commons-compress-1.21.jar;C:\Users\ravish.rana\.m2\repository\com\github\virtuald\curvesapi\1.07\curvesapi-1.07.jar;C:\Users\ravish.rana\.m2\repository\org\apache\logging\log4j\log4j-api\2.17.1\log4j-api-2.17.1.jar;C:\Users\ravish.rana\.m2\repository\org\apache\commons\commons-collections4\4.4\commons-collections4-4.4.jar;C:\Users\ravish.rana\.m2\repository\com\aventstack\extentreports\5.0.9\extentreports-5.0.9.jar;C:\Users\ravish.rana\.m2\repository\io\reactivex\rxjava3\rxjava\3.0.4\rxjava-3.0.4.jar;C:\Users\ravish.rana\.m2\repository\org\reactivestreams\reactive-streams\1.0.3\reactive-streams-1.0.3.jar;C:\Users\ravish.rana\.m2\repository\org\freemarker\freemarker\2.3.30\freemarker-2.3.30.jar;C:\Users\ravish.rana\.m2\repository\org\projectlombok\lombok\1.18.12\lombok-1.18.12.jar;C:\Users\ravish.rana\.m2\repository\com\google\code\gson\gson\2.8.6\gson-2.8.6.jar;C:\Users\ravish.rana\.m2\repository\commons-io\commons-io\2.11.0\commons-io-2.11.0.jar;C:\Users\ravish.rana\.m2\repository\io\github\bonigarcia\webdrivermanager\5.8.0\webdrivermanager-5.8.0.jar;C:\Users\ravish.rana\.m2\repository\org\slf4j\slf4j-api\2.0.12\slf4j-api-2.0.12.jar;C:\Users\ravish.rana\.m2\repository\com\github\docker-java\docker-java\3.3.6\docker-java-3.3.6.jar;C:\Users\ravish.rana\.m2\repository\com\github\docker-java\docker-java-core\3.3.6\docker-java-core-3.3.6.jar;C:\Users\ravish.rana\.m2\repository\com\github\docker-java\docker-java-api\3.3.6\docker-java-api-3.3.6.jar;C:\Users\ravish.rana\.m2\repository\com\fasterxml\jackson\core\jackson-annotations\2.10.3\jackson-annotations-2.10.3.jar;C:\Users\ravish.rana\.m2\repository\com\fasterxml\jackson\core\jackson-databind\2.10.3\jackson-databind-2.10.3.jar;C:\Users\ravish.rana\.m2\repository\com\fasterxml\jackson\core\jackson-core\2.10.3\jackson-core-2.10.3.jar;C:\Users\ravish.rana\.m2\repository\org\bouncycastle\bcpkix-jdk18on\1.76\bcpkix-jdk18on-1.76.jar;C:\Users\ravish.rana\.m2\repository\org\bouncycastle\bcprov-jdk18on\1.76\bcprov-jdk18on-1.76.jar;C:\Users\ravish.rana\.m2\repository\org\bouncycastle\bcutil-jdk18on\1.76\bcutil-jdk18on-1.76.jar;C:\Users\ravish.rana\.m2\repository\org\slf4j\jcl-over-slf4j\1.7.30\jcl-over-slf4j-1.7.30.jar;C:\Users\ravish.rana\.m2\repository\com\github\docker-java\docker-java-transport-httpclient5\3.3.6\docker-java-transport-httpclient5-3.3.6.jar;C:\Users\ravish.rana\.m2\repository\com\github\docker-java\docker-java-transport\3.3.6\docker-java-transport-3.3.6.jar;C:\Users\ravish.rana\.m2\repository\net\java\dev\jna\jna\5.13.0\jna-5.13.0.jar;C:\Users\ravish.rana\.m2\repository\org\brotli\dec\0.1.2\dec-0.1.2.jar;C:\Users\ravish.rana\.m2\repository\org\apache\commons\commons-lang3\3.14.0\commons-lang3-3.14.0.jar;C:\Users\ravish.rana\.m2\repository\org\apache\httpcomponents\client5\httpclient5\5.2.1\httpclient5-5.2.1.jar;C:\Users\ravish.rana\.m2\repository\org\apache\httpcomponents\core5\httpcore5\5.2\httpcore5-5.2.jar;C:\Users\ravish.rana\.m2\repository\org\apache\httpcomponents\core5\httpcore5-h2\5.2\httpcore5-h2-5.2.jar;C:\Users\ravish.rana\.m2\repository\com\github\2gis\winium\winium-webdriver\0.1.0-1\winium-webdriver-0.1.0-1.jar;C:\Users\ravish.rana\.m2\repository\log4j\log4j\1.2.17\log4j-1.2.17.jar;C:\Users\ravish.rana\.m2\repository\org\apache\poi\poi\5.1.0\poi-5.1.0.jar;C:\Users\ravish.rana\.m2\repository\commons-codec\commons-codec\1.15\commons-codec-1.15.jar;C:\Users\ravish.rana\.m2\repository\org\apache\commons\commons-math3\3.6.1\commons-math3-3.6.1.jar;C:\Users\ravish.rana\.m2\repository\com\zaxxer\SparseBitSet\1.2\SparseBitSet-1.2.jar;C:\Users\ravish.rana\.m2\repository\org\testng\testng\7.4.0\testng-7.4.0.jar;C:\Users\ravish.rana\.m2\repository\com\beust\jcommander\1.78\jcommander-1.78.jar;C:\Users\ravish.rana\.m2\repository\org\webjars\jquery\3.5.1\jquery-3.5.1.jar;C:\Users\ravish.rana\.m2\repository\com\browserstack\browserstack-java-sdk\1.20.2\browserstack-java-sdk-1.20.2.jar;"/>
    <property name="java.vm.vendor" value="Oracle Corporation"/>
    <property name="sun.arch.data.model" value="64"/>
    <property name="user.variant" value=""/>
    <property name="java.vendor.url" value="https://openjdk.java.net/"/>
    <property name="user.timezone" value="Asia/Calcutta"/>
    <property name="java.vm.specification.version" value="11"/>
    <property name="os.name" value="Windows 11"/>
    <property name="sun.java.launcher" value="SUN_STANDARD"/>
    <property name="user.country" value="IN"/>
    <property name="sun.boot.library.path" value="C:\Program Files\Java\jdk-11\bin"/>
    <property name="sun.java.command" value="C:\Users\ravish.rana\AppData\Local\Temp\surefire6648190967543163231\surefirebooter18439230584248033846.jar C:\Users\ravish.rana\AppData\Local\Temp\surefire6648190967543163231 2024-08-07T17-38-42_126-jvmRun1 surefire2747044216415141792tmp surefire_09320452773031449893tmp"/>
    <property name="jdk.debug" value="release"/>
    <property name="surefire.test.class.path" value="C:\Users\ravish.rana\GIT\FrameWork_Ravish\target\test-classes;C:\Users\ravish.rana\GIT\FrameWork_Ravish\target\classes;C:\Users\ravish.rana\.m2\repository\junit\junit\4.11\junit-4.11.jar;C:\Users\ravish.rana\.m2\repository\org\hamcrest\hamcrest-core\1.3\hamcrest-core-1.3.jar;C:\Users\ravish.rana\.m2\repository\org\seleniumhq\selenium\selenium-java\4.1.0\selenium-java-4.1.0.jar;C:\Users\ravish.rana\.m2\repository\org\seleniumhq\selenium\selenium-api\4.1.0\selenium-api-4.1.0.jar;C:\Users\ravish.rana\.m2\repository\org\seleniumhq\selenium\selenium-chrome-driver\4.1.0\selenium-chrome-driver-4.1.0.jar;C:\Users\ravish.rana\.m2\repository\com\google\auto\service\auto-service-annotations\1.0.1\auto-service-annotations-1.0.1.jar;C:\Users\ravish.rana\.m2\repository\com\google\auto\service\auto-service\1.0.1\auto-service-1.0.1.jar;C:\Users\ravish.rana\.m2\repository\com\google\auto\auto-common\1.2\auto-common-1.2.jar;C:\Users\ravish.rana\.m2\repository\com\google\guava\guava\31.0.1-jre\guava-31.0.1-jre.jar;C:\Users\ravish.rana\.m2\repository\com\google\guava\failureaccess\1.0.1\failureaccess-1.0.1.jar;C:\Users\ravish.rana\.m2\repository\com\google\guava\listenablefuture\9999.0-empty-to-avoid-conflict-with-guava\listenablefuture-9999.0-empty-to-avoid-conflict-with-guava.jar;C:\Users\ravish.rana\.m2\repository\com\google\code\findbugs\jsr305\3.0.2\jsr305-3.0.2.jar;C:\Users\ravish.rana\.m2\repository\org\checkerframework\checker-qual\3.12.0\checker-qual-3.12.0.jar;C:\Users\ravish.rana\.m2\repository\com\google\errorprone\error_prone_annotations\2.7.1\error_prone_annotations-2.7.1.jar;C:\Users\ravish.rana\.m2\repository\com\google\j2objc\j2objc-annotations\1.3\j2objc-annotations-1.3.jar;C:\Users\ravish.rana\.m2\repository\org\seleniumhq\selenium\selenium-chromium-driver\4.1.0\selenium-chromium-driver-4.1.0.jar;C:\Users\ravish.rana\.m2\repository\org\seleniumhq\selenium\selenium-json\4.1.0\selenium-json-4.1.0.jar;C:\Users\ravish.rana\.m2\repository\org\seleniumhq\selenium\selenium-devtools-v85\4.1.0\selenium-devtools-v85-4.1.0.jar;C:\Users\ravish.rana\.m2\repository\org\seleniumhq\selenium\selenium-devtools-v94\4.1.0\selenium-devtools-v94-4.1.0.jar;C:\Users\ravish.rana\.m2\repository\org\seleniumhq\selenium\selenium-devtools-v95\4.1.0\selenium-devtools-v95-4.1.0.jar;C:\Users\ravish.rana\.m2\repository\org\seleniumhq\selenium\selenium-devtools-v96\4.1.0\selenium-devtools-v96-4.1.0.jar;C:\Users\ravish.rana\.m2\repository\org\seleniumhq\selenium\selenium-edge-driver\4.1.0\selenium-edge-driver-4.1.0.jar;C:\Users\ravish.rana\.m2\repository\org\seleniumhq\selenium\selenium-firefox-driver\4.1.0\selenium-firefox-driver-4.1.0.jar;C:\Users\ravish.rana\.m2\repository\org\seleniumhq\selenium\selenium-firefox-xpi-driver\4.1.0\selenium-firefox-xpi-driver-4.1.0.jar;C:\Users\ravish.rana\.m2\repository\org\seleniumhq\selenium\selenium-ie-driver\4.1.0\selenium-ie-driver-4.1.0.jar;C:\Users\ravish.rana\.m2\repository\org\seleniumhq\selenium\selenium-opera-driver\4.1.0\selenium-opera-driver-4.1.0.jar;C:\Users\ravish.rana\.m2\repository\org\seleniumhq\selenium\selenium-remote-driver\4.1.0\selenium-remote-driver-4.1.0.jar;C:\Users\ravish.rana\.m2\repository\io\netty\netty-buffer\4.1.69.Final\netty-buffer-4.1.69.Final.jar;C:\Users\ravish.rana\.m2\repository\io\netty\netty-codec-http\4.1.69.Final\netty-codec-http-4.1.69.Final.jar;C:\Users\ravish.rana\.m2\repository\io\netty\netty-codec\4.1.69.Final\netty-codec-4.1.69.Final.jar;C:\Users\ravish.rana\.m2\repository\io\netty\netty-handler\4.1.69.Final\netty-handler-4.1.69.Final.jar;C:\Users\ravish.rana\.m2\repository\io\netty\netty-common\4.1.69.Final\netty-common-4.1.69.Final.jar;C:\Users\ravish.rana\.m2\repository\io\netty\netty-transport-native-epoll\4.1.69.Final\netty-transport-native-epoll-4.1.69.Final.jar;C:\Users\ravish.rana\.m2\repository\io\netty\netty-transport-native-kqueue\4.1.69.Final\netty-transport-native-kqueue-4.1.69.Final.jar;C:\Users\ravish.rana\.m2\repository\io\netty\netty-transport-native-unix-common\4.1.69.Final\netty-transport-native-unix-common-4.1.69.Final.jar;C:\Users\ravish.rana\.m2\repository\io\netty\netty-transport\4.1.69.Final\netty-transport-4.1.69.Final.jar;C:\Users\ravish.rana\.m2\repository\io\netty\netty-resolver\4.1.69.Final\netty-resolver-4.1.69.Final.jar;C:\Users\ravish.rana\.m2\repository\io\opentelemetry\opentelemetry-api\1.9.0\opentelemetry-api-1.9.0.jar;C:\Users\ravish.rana\.m2\repository\io\opentelemetry\opentelemetry-context\1.9.0\opentelemetry-context-1.9.0.jar;C:\Users\ravish.rana\.m2\repository\io\opentelemetry\opentelemetry-exporter-logging\1.9.0\opentelemetry-exporter-logging-1.9.0.jar;C:\Users\ravish.rana\.m2\repository\io\opentelemetry\opentelemetry-sdk-metrics\1.9.0-alpha\opentelemetry-sdk-metrics-1.9.0-alpha.jar;C:\Users\ravish.rana\.m2\repository\io\opentelemetry\opentelemetry-sdk-logs\1.9.0-alpha\opentelemetry-sdk-logs-1.9.0-alpha.jar;C:\Users\ravish.rana\.m2\repository\io\opentelemetry\opentelemetry-sdk-common\1.9.0\opentelemetry-sdk-common-1.9.0.jar;C:\Users\ravish.rana\.m2\repository\io\opentelemetry\opentelemetry-sdk-extension-autoconfigure-spi\1.9.0\opentelemetry-sdk-extension-autoconfigure-spi-1.9.0.jar;C:\Users\ravish.rana\.m2\repository\io\opentelemetry\opentelemetry-sdk-extension-autoconfigure\1.9.0-alpha\opentelemetry-sdk-extension-autoconfigure-1.9.0-alpha.jar;C:\Users\ravish.rana\.m2\repository\io\opentelemetry\opentelemetry-sdk-trace\1.9.0\opentelemetry-sdk-trace-1.9.0.jar;C:\Users\ravish.rana\.m2\repository\io\opentelemetry\opentelemetry-api-metrics\1.9.0-alpha\opentelemetry-api-metrics-1.9.0-alpha.jar;C:\Users\ravish.rana\.m2\repository\io\opentelemetry\opentelemetry-sdk\1.9.0\opentelemetry-sdk-1.9.0.jar;C:\Users\ravish.rana\.m2\repository\io\opentelemetry\opentelemetry-semconv\1.9.0-alpha\opentelemetry-semconv-1.9.0-alpha.jar;C:\Users\ravish.rana\.m2\repository\io\ous\jtoml\2.0.0\jtoml-2.0.0.jar;C:\Users\ravish.rana\.m2\repository\net\bytebuddy\byte-buddy\1.12.1\byte-buddy-1.12.1.jar;C:\Users\ravish.rana\.m2\repository\org\apache\commons\commons-exec\1.3\commons-exec-1.3.jar;C:\Users\ravish.rana\.m2\repository\org\asynchttpclient\async-http-client\2.12.3\async-http-client-2.12.3.jar;C:\Users\ravish.rana\.m2\repository\org\asynchttpclient\async-http-client-netty-utils\2.12.3\async-http-client-netty-utils-2.12.3.jar;C:\Users\ravish.rana\.m2\repository\io\netty\netty-codec-socks\4.1.60.Final\netty-codec-socks-4.1.60.Final.jar;C:\Users\ravish.rana\.m2\repository\io\netty\netty-handler-proxy\4.1.60.Final\netty-handler-proxy-4.1.60.Final.jar;C:\Users\ravish.rana\.m2\repository\io\netty\netty-transport-native-epoll\4.1.60.Final\netty-transport-native-epoll-4.1.60.Final-linux-x86_64.jar;C:\Users\ravish.rana\.m2\repository\io\netty\netty-transport-native-kqueue\4.1.60.Final\netty-transport-native-kqueue-4.1.60.Final-osx-x86_64.jar;C:\Users\ravish.rana\.m2\repository\com\typesafe\netty\netty-reactive-streams\2.0.4\netty-reactive-streams-2.0.4.jar;C:\Users\ravish.rana\.m2\repository\com\sun\activation\jakarta.activation\1.2.2\jakarta.activation-1.2.2.jar;C:\Users\ravish.rana\.m2\repository\org\seleniumhq\selenium\selenium-http\4.1.0\selenium-http-4.1.0.jar;C:\Users\ravish.rana\.m2\repository\net\jodah\failsafe\2.4.4\failsafe-2.4.4.jar;C:\Users\ravish.rana\.m2\repository\org\seleniumhq\selenium\selenium-safari-driver\4.1.0\selenium-safari-driver-4.1.0.jar;C:\Users\ravish.rana\.m2\repository\org\seleniumhq\selenium\selenium-support\4.1.0\selenium-support-4.1.0.jar;C:\Users\ravish.rana\.m2\repository\org\apache\poi\poi-ooxml\5.2.1\poi-ooxml-5.2.1.jar;C:\Users\ravish.rana\.m2\repository\org\apache\poi\poi-ooxml-lite\5.2.1\poi-ooxml-lite-5.2.1.jar;C:\Users\ravish.rana\.m2\repository\org\apache\xmlbeans\xmlbeans\5.0.3\xmlbeans-5.0.3.jar;C:\Users\ravish.rana\.m2\repository\org\apache\commons\commons-compress\1.21\commons-compress-1.21.jar;C:\Users\ravish.rana\.m2\repository\com\github\virtuald\curvesapi\1.07\curvesapi-1.07.jar;C:\Users\ravish.rana\.m2\repository\org\apache\logging\log4j\log4j-api\2.17.1\log4j-api-2.17.1.jar;C:\Users\ravish.rana\.m2\repository\org\apache\commons\commons-collections4\4.4\commons-collections4-4.4.jar;C:\Users\ravish.rana\.m2\repository\com\aventstack\extentreports\5.0.9\extentreports-5.0.9.jar;C:\Users\ravish.rana\.m2\repository\io\reactivex\rxjava3\rxjava\3.0.4\rxjava-3.0.4.jar;C:\Users\ravish.rana\.m2\repository\org\reactivestreams\reactive-streams\1.0.3\reactive-streams-1.0.3.jar;C:\Users\ravish.rana\.m2\repository\org\freemarker\freemarker\2.3.30\freemarker-2.3.30.jar;C:\Users\ravish.rana\.m2\repository\org\projectlombok\lombok\1.18.12\lombok-1.18.12.jar;C:\Users\ravish.rana\.m2\repository\com\google\code\gson\gson\2.8.6\gson-2.8.6.jar;C:\Users\ravish.rana\.m2\repository\commons-io\commons-io\2.11.0\commons-io-2.11.0.jar;C:\Users\ravish.rana\.m2\repository\io\github\bonigarcia\webdrivermanager\5.8.0\webdrivermanager-5.8.0.jar;C:\Users\ravish.rana\.m2\repository\org\slf4j\slf4j-api\2.0.12\slf4j-api-2.0.12.jar;C:\Users\ravish.rana\.m2\repository\com\github\docker-java\docker-java\3.3.6\docker-java-3.3.6.jar;C:\Users\ravish.rana\.m2\repository\com\github\docker-java\docker-java-core\3.3.6\docker-java-core-3.3.6.jar;C:\Users\ravish.rana\.m2\repository\com\github\docker-java\docker-java-api\3.3.6\docker-java-api-3.3.6.jar;C:\Users\ravish.rana\.m2\repository\com\fasterxml\jackson\core\jackson-annotations\2.10.3\jackson-annotations-2.10.3.jar;C:\Users\ravish.rana\.m2\repository\com\fasterxml\jackson\core\jackson-databind\2.10.3\jackson-databind-2.10.3.jar;C:\Users\ravish.rana\.m2\repository\com\fasterxml\jackson\core\jackson-core\2.10.3\jackson-core-2.10.3.jar;C:\Users\ravish.rana\.m2\repository\org\bouncycastle\bcpkix-jdk18on\1.76\bcpkix-jdk18on-1.76.jar;C:\Users\ravish.rana\.m2\repository\org\bouncycastle\bcprov-jdk18on\1.76\bcprov-jdk18on-1.76.jar;C:\Users\ravish.rana\.m2\repository\org\bouncycastle\bcutil-jdk18on\1.76\bcutil-jdk18on-1.76.jar;C:\Users\ravish.rana\.m2\repository\org\slf4j\jcl-over-slf4j\1.7.30\jcl-over-slf4j-1.7.30.jar;C:\Users\ravish.rana\.m2\repository\com\github\docker-java\docker-java-transport-httpclient5\3.3.6\docker-java-transport-httpclient5-3.3.6.jar;C:\Users\ravish.rana\.m2\repository\com\github\docker-java\docker-java-transport\3.3.6\docker-java-transport-3.3.6.jar;C:\Users\ravish.rana\.m2\repository\net\java\dev\jna\jna\5.13.0\jna-5.13.0.jar;C:\Users\ravish.rana\.m2\repository\org\brotli\dec\0.1.2\dec-0.1.2.jar;C:\Users\ravish.rana\.m2\repository\org\apache\commons\commons-lang3\3.14.0\commons-lang3-3.14.0.jar;C:\Users\ravish.rana\.m2\repository\org\apache\httpcomponents\client5\httpclient5\5.2.1\httpclient5-5.2.1.jar;C:\Users\ravish.rana\.m2\repository\org\apache\httpcomponents\core5\httpcore5\5.2\httpcore5-5.2.jar;C:\Users\ravish.rana\.m2\repository\org\apache\httpcomponents\core5\httpcore5-h2\5.2\httpcore5-h2-5.2.jar;C:\Users\ravish.rana\.m2\repository\com\github\2gis\winium\winium-webdriver\0.1.0-1\winium-webdriver-0.1.0-1.jar;C:\Users\ravish.rana\.m2\repository\log4j\log4j\1.2.17\log4j-1.2.17.jar;C:\Users\ravish.rana\.m2\repository\org\apache\poi\poi\5.1.0\poi-5.1.0.jar;C:\Users\ravish.rana\.m2\repository\commons-codec\commons-codec\1.15\commons-codec-1.15.jar;C:\Users\ravish.rana\.m2\repository\org\apache\commons\commons-math3\3.6.1\commons-math3-3.6.1.jar;C:\Users\ravish.rana\.m2\repository\com\zaxxer\SparseBitSet\1.2\SparseBitSet-1.2.jar;C:\Users\ravish.rana\.m2\repository\org\testng\testng\7.4.0\testng-7.4.0.jar;C:\Users\ravish.rana\.m2\repository\com\beust\jcommander\1.78\jcommander-1.78.jar;C:\Users\ravish.rana\.m2\repository\org\webjars\jquery\3.5.1\jquery-3.5.1.jar;C:\Users\ravish.rana\.m2\repository\com\browserstack\browserstack-java-sdk\1.20.2\browserstack-java-sdk-1.20.2.jar;"/>
    <property name="sun.cpu.endian" value="little"/>
    <property name="user.home" value="C:\Users\ravish.rana"/>
    <property name="user.language" value="en"/>
    <property name="java.specification.vendor" value="Oracle Corporation"/>
    <property name="java.version.date" value="2023-01-17"/>
    <property name="java.home" value="C:\Program Files\Java\jdk-11"/>
    <property name="file.separator" value="\"/>
    <property name="basedir" value="C:\Users\ravish.rana\GIT\FrameWork_Ravish"/>
    <property name="java.vm.compressedOopsMode" value="Zero based"/>
    <property name="line.separator" value="&#10;"/>
    <property name="java.specification.name" value="Java Platform API Specification"/>
    <property name="java.vm.specification.vendor" value="Oracle Corporation"/>
    <property name="java.awt.graphicsenv" value="sun.awt.Win32GraphicsEnvironment"/>
    <property name="surefire.real.class.path" value="C:\Users\ravish.rana\AppData\Local\Temp\surefire6648190967543163231\surefirebooter18439230584248033846.jar"/>
    <property name="user.script" value=""/>
    <property name="sun.management.compiler" value="HotSpot 64-Bit Tiered Compilers"/>
    <property name="java.runtime.version" value="11.0.18+9-LTS-195"/>
    <property name="user.name" value="ravish.rana"/>
    <property name="path.separator" value=";"/>
    <property name="otel.metrics.exporter" value="none"/>
    <property name="os.version" value="10.0"/>
    <property name="java.runtime.name" value="Java(TM) SE Runtime Environment"/>
    <property name="otel.traces.exporter" value="none"/>
    <property name="file.encoding" value="Cp1252"/>
    <property name="sun.nio.ch.bugLevel" value=""/>
    <property name="java.vm.name" value="Java HotSpot(TM) 64-Bit Server VM"/>
    <property name="java.vendor.version" value="18.9"/>
    <property name="localRepository" value="C:\Users\ravish.rana\.m2\repository"/>
    <property name="java.vendor.url.bug" value="https://bugreport.java.com/bugreport/"/>
    <property name="java.io.tmpdir" value="C:\Users\RAVISH~1.RAN\AppData\Local\Temp\"/>
    <property name="java.version" value="11.0.18"/>
    <property name="user.dir" value="C:\Users\ravish.rana\GIT\FrameWork_Ravish"/>
    <property name="os.arch" value="amd64"/>
    <property name="java.vm.specification.name" value="Java Virtual Machine Specification"/>
    <property name="java.awt.printerjob" value="sun.awt.windows.WPrinterJob"/>
    <property name="sun.os.patch.level" value=""/>
    <property name="java.library.path" value="C:\Program Files\Java\jdk-11\bin;C:\WINDOWS\Sun\Java\bin;C:\WINDOWS\system32;C:\WINDOWS;C:/Users/ravish.rana/.p2/pool/plugins/org.eclipse.justj.openjdk.hotspot.jre.full.win32.x86_64_17.0.2.v20220201-1208/jre/bin/server;C:/Users/ravish.rana/.p2/pool/plugins/org.eclipse.justj.openjdk.hotspot.jre.full.win32.x86_64_17.0.2.v20220201-1208/jre/bin;C:\Program Files\Common Files\Oracle\Java\javapath;C:\Python310\Scripts\;C:\Python310\;C:\Program Files (x86)\Common Files\Oracle\Java\javapath;C:\WINDOWS\system32;C:\WINDOWS;C:\WINDOWS\System32\Wbem;C:\WINDOWS\System32\WindowsPowerShell\v1.0\;C:\WINDOWS\System32\OpenSSH\;C:\Users\ravish.rana\Downloads\platform-tools_r31.0.2-windows\platform-tools;C:\Softwares\apache-ant-1.10.11\bin;C:\Program Files\Java\jdk-11\bin;C:\Program Files\Git\cmd;C:\Users\ravish.rana\Documents\DeliveryHero\apache-maven-3.8.4-bin\apache-maven-3.8.4\bin;C:\ProgramData\chocolatey\bin;C:\Users\ravish.rana\AppData\Local\Android\Sdk;C:\Users\ravish.rana\AppData\Local\Android\Sdk\platform-tools;C:\Users\ravish.rana\AppData\Local\Android\Sdk\build-tools;C:\Users\ravish.rana\AppData\Local\Android\Sdk\tools;C:\Users\ravish.rana\AppData\Local\Android\Sdk\platforms;C:\Program Files\nodejs\;C:\Program Files\sfdx\bin;C:\Program Files (x86)\GnuWin32\bin;C:\Program Files\OpenSSL-Win64\bin;C:\Program Files\Docker\Docker\resources\bin;C:\Users\ravish.rana\Documents\DeliveryHero\apache-maven-3.8.4-bin\apache-maven-3.8.4\bin;C:\Users\ravish.rana\AppData\Local\Microsoft\WindowsApps;C:\Users\ravish.rana\AppData\Local\Programs\Microsoft VS Code\bin;C:\Users\ravish.rana\AppData\Local\Android\Sdk;C:\Users\ravish.rana\AppData\Roaming\npm;C:\Program Files\Java\jdk-11\bin;C:\Program Files\sfdx\bin;C:\WINDOWS\System32;;."/>
    <property name="java.vendor" value="Oracle Corporation"/>
    <property name="java.vm.info" value="mixed mode"/>
    <property name="java.vm.version" value="11.0.18+9-LTS-195"/>
    <property name="sun.io.unicode.encoding" value="UnicodeLittle"/>
    <property name="java.class.version" value="55.0"/>
  </properties>
  <testcase name="printProducts" classname="com.mystore.testcases.FlipkartHomeTest" time="36.598">
    <failure message="Unable to locate element: //*[text()=&apos;in Mobiles&apos;]//ancestor::a[contains(@href,&apos;samsung+galaxy+s10&apos;)]&#10;For documentation on this error, please visit: https://selenium.dev/exceptions/#no_such_element&#10;Build info: version: &apos;4.1.0&apos;, revision: &apos;87802e897b&apos;&#10;System info: host: &apos;IBM-RAVISHRANA&apos;, ip: &apos;192.168.29.167&apos;, os.name: &apos;Windows 11&apos;, os.arch: &apos;amd64&apos;, os.version: &apos;10.0&apos;, java.version: &apos;11.0.18&apos;&#10;Driver info: org.openqa.selenium.remote.RemoteWebDriver&#10;Command: [20cdca83-450d-4684-a127-b8964627f60c, findElement {using=xpath, value=//*[text()=&apos;in Mobiles&apos;]//ancestor::a[contains(@href,&apos;samsung+galaxy+s10&apos;)]}]&#10;Capabilities {acceptInsecureCerts: true, browserName: firefox, browserVersion: 126.0, bstack:options: {accessKey: CAxyP14U99jJLtThkKMj, browser_version: latest, browserstack.selenium_version: 4.4.0, consoleLogs: info, os: Windows, os_version: 10, sessionName: Parallel Test - Browser : F..., username: ravishrana_5vWQ7y}, javascriptEnabled: true, moz:accessibilityChecks: false, moz:buildID: 20240509170740, moz:debuggerAddress: 127.0.0.1:45452, moz:firefoxOptions: {args: [--headless, --window-size=1920,1080], binary: C:\Program Files\Mozilla Fi..., prefs: {network.proxy.http: , network.proxy.http_port: 0, network.proxy.socks_remote_dns: true, network.proxy.ssl: , network.proxy.ssl_port: 0, network.proxy.type: 1}}, moz:geckodriverVersion: 0.35.0, moz:headless: true, moz:platformVersion: 10.0, moz:processID: 13396, moz:profile: C:\Users\ContainerAdministr..., moz:shutdownTimeout: 60000, moz:webdriverClick: true, moz:windowless: false, pageLoadStrategy: normal, platform: WINDOWS, platformName: WINDOWS, proxy: Proxy(manual, socks=repeate..., se:bidiEnabled: false, se:cdp: ws://10.64.12.37:4444/sessi..., se:cdpVersion: 85.0, setWindowRect: true, strictFileInteractability: false, timeouts: {implicit: 0, pageLoad: 300000, script: 30000}, unhandledPromptBehavior: dismiss and notify, userAgent: Mozilla/5.0 (Windows NT 10....}&#10;Session ID: 20cdca83-450d-4684-a127-b8964627f60c" type="org.openqa.selenium.NoSuchElementException"><![CDATA[org.openqa.selenium.NoSuchElementException: 
Unable to locate element: //*[text()='in Mobiles']//ancestor::a[contains(@href,'samsung+galaxy+s10')]
For documentation on this error, please visit: https://selenium.dev/exceptions/#no_such_element
Build info: version: '4.1.0', revision: '87802e897b'
System info: host: 'IBM-RAVISHRANA', ip: '192.168.29.167', os.name: 'Windows 11', os.arch: 'amd64', os.version: '10.0', java.version: '11.0.18'
Driver info: org.openqa.selenium.remote.RemoteWebDriver
Command: [20cdca83-450d-4684-a127-b8964627f60c, findElement {using=xpath, value=//*[text()='in Mobiles']//ancestor::a[contains(@href,'samsung+galaxy+s10')]}]
Capabilities {acceptInsecureCerts: true, browserName: firefox, browserVersion: 126.0, bstack:options: {accessKey: CAxyP14U99jJLtThkKMj, browser_version: latest, browserstack.selenium_version: 4.4.0, consoleLogs: info, os: Windows, os_version: 10, sessionName: Parallel Test - Browser : F..., username: ravishrana_5vWQ7y}, javascriptEnabled: true, moz:accessibilityChecks: false, moz:buildID: 20240509170740, moz:debuggerAddress: 127.0.0.1:45452, moz:firefoxOptions: {args: [--headless, --window-size=1920,1080], binary: C:\Program Files\Mozilla Fi..., prefs: {network.proxy.http: , network.proxy.http_port: 0, network.proxy.socks_remote_dns: true, network.proxy.ssl: , network.proxy.ssl_port: 0, network.proxy.type: 1}}, moz:geckodriverVersion: 0.35.0, moz:headless: true, moz:platformVersion: 10.0, moz:processID: 13396, moz:profile: C:\Users\ContainerAdministr..., moz:shutdownTimeout: 60000, moz:webdriverClick: true, moz:windowless: false, pageLoadStrategy: normal, platform: WINDOWS, platformName: WINDOWS, proxy: Proxy(manual, socks=repeate..., se:bidiEnabled: false, se:cdp: ws://10.64.12.37:4444/sessi..., se:cdpVersion: 85.0, setWindowRect: true, strictFileInteractability: false, timeouts: {implicit: 0, pageLoad: 300000, script: 30000}, unhandledPromptBehavior: dismiss and notify, userAgent: Mozilla/5.0 (Windows NT 10....}
Session ID: 20cdca83-450d-4684-a127-b8964627f60c
	at com.mystore.testcases.FlipkartHomeTest.printProducts(FlipkartHomeTest.java:19)
]]></failure>
    <system-out><![CDATA[Super constructor invoked
Super constructor invoked
Super constructor invoked
Super constructor invoked
Super constructor invoked
Initial State of Driver= java.lang.ThreadLocal@143c3981
Initial State of Driver= java.lang.ThreadLocal@143c3981
Initial State of Driver= java.lang.ThreadLocal@143c3981
Initial State of Driver= java.lang.ThreadLocal@143c3981
Initial State of Driver= java.lang.ThreadLocal@143c3981
URL to hit is : https://ravishrana_5vWQ7y:CAxyP14U99jJLtThkKMj@v9v7j6fv-hub.browserstack-ats.com/wd/hub
URL to hit is : https://ravishrana_5vWQ7y:CAxyP14U99jJLtThkKMj@v9v7j6fv-hub.browserstack-ats.com/wd/hub
URL to hit is : https://ravishrana_5vWQ7y:CAxyP14U99jJLtThkKMj@v9v7j6fv-hub.browserstack-ats.com/wd/hub
URL to hit is : https://ravishrana_5vWQ7y:CAxyP14U99jJLtThkKMj@v9v7j6fv-hub.browserstack-ats.com/wd/hub
URL to hit is : https://ravishrana_5vWQ7y:CAxyP14U99jJLtThkKMj@v9v7j6fv-hub.browserstack-ats.com/wd/hub
RemoteWebDriver: chrome on LINUX (ac9cc03f-015d-4d47-98a3-5e398e98cd9a) BrowserStack driver has been instantiated. 
RemoteWebDriver: MicrosoftEdge on LINUX (95d3640b-38ac-4875-b223-fe2452cb64fc) BrowserStack driver has been instantiated. 
DE8CA6FAA424FD5DCF529F84BB181BAF
CF9BDB4936E0CC8C5F5DB992626993AD
First try in catch
First try in catch
Second try in catch
Second try in catch
RemoteWebDriver: firefox on WINDOWS (20cdca83-450d-4684-a127-b8964627f60c) BrowserStack driver has been instantiated. 
First try in catch
d0a45e0d-2bf9-44dc-ac53-52cf80a06b9f
First try in catch
Second try in catch
First try in catch
Second try in catch
First try in catch
Name: SAMSUNG Galaxy S24 Ultra 5G (Titanium Violet, 512 GB)
Price: ₹1,39,999
Link: https://www.flipkart.com/samsung-galaxy-s24-ultra-5g-titanium-violet-512-gb/p/itmb65a445764f10?pid=MOBGX2F3PHGQHXSB&lid=LSTMOBGX2F3PHGQHXSBOO4CVF&marketplace=FLIPKART&q=samsung+galaxy+s10+lite+price&store=tyy%2F4io&srno=s_1_1&otracker=AS_QueryStore_OrganicAutoSuggest_2_18_na_na_na&otracker1=AS_QueryStore_OrganicAutoSuggest_2_18_na_na_na&fm=search-autosuggest&iid=6ccf761b-c955-4b0b-9c14-fe9ad21f01f3.MOBGX2F3PHGQHXSB.SEARCH&ppt=sp&ppn=sp&ssid=i06gk6qzwg0000001723032579310&qH=e9ac4d84cd2eb9ab
-----------------------------
Name: SAMSUNG Galaxy S24 Ultra 5G (Titanium Black, 256 GB)
Price: ₹1,29,999
Link: https://www.flipkart.com/samsung-galaxy-s24-ultra-5g-titanium-black-256-gb/p/itm7d3b6b5d0f501?pid=MOBGX2F3QGZYYZAK&lid=LSTMOBGX2F3QGZYYZAKNETZ3C&marketplace=FLIPKART&q=samsung+galaxy+s10+lite+price&store=tyy%2F4io&srno=s_1_2&otracker=AS_QueryStore_OrganicAutoSuggest_2_18_na_na_na&otracker1=AS_QueryStore_OrganicAutoSuggest_2_18_na_na_na&fm=search-autosuggest&iid=6ccf761b-c955-4b0b-9c14-fe9ad21f01f3.MOBGX2F3QGZYYZAK.SEARCH&ppt=sp&ppn=sp&ssid=i06gk6qzwg0000001723032579310&qH=e9ac4d84cd2eb9ab
-----------------------------
Name: SAMSUNG Galaxy S24 Ultra 5G (Titanium Gray, 256 GB)
Price: ₹1,29,999
Link: https://www.flipkart.com/samsung-galaxy-s24-ultra-5g-titanium-gray-256-gb/p/itm12ef5ea0212ed?pid=MOBGX2F3RQKKKTAW&lid=LSTMOBGX2F3RQKKKTAWKAVWET&marketplace=FLIPKART&q=samsung+galaxy+s10+lite+price&store=tyy%2F4io&srno=s_1_3&otracker=AS_QueryStore_OrganicAutoSuggest_2_18_na_na_na&otracker1=AS_QueryStore_OrganicAutoSuggest_2_18_na_na_na&fm=search-autosuggest&iid=6ccf761b-c955-4b0b-9c14-fe9ad21f01f3.MOBGX2F3RQKKKTAW.SEARCH&ppt=sp&ppn=sp&ssid=i06gk6qzwg0000001723032579310&qH=e9ac4d84cd2eb9ab
-----------------------------
Name: SAMSUNG Galaxy S24+ 5G (Onyx Black, 512 GB)
Price: ₹1,04,999
Link: https://www.flipkart.com/samsung-galaxy-s24-5g-onyx-black-512-gb/p/itme2d93d42550ad?pid=MOBGX2F3YAZ6MRCQ&lid=LSTMOBGX2F3YAZ6MRCQFU5NRH&marketplace=FLIPKART&q=samsung+galaxy+s10+lite+price&store=tyy%2F4io&srno=s_1_4&otracker=AS_QueryStore_OrganicAutoSuggest_2_18_na_na_na&otracker1=AS_QueryStore_OrganicAutoSuggest_2_18_na_na_na&fm=search-autosuggest&iid=6ccf761b-c955-4b0b-9c14-fe9ad21f01f3.MOBGX2F3YAZ6MRCQ.SEARCH&ppt=sp&ppn=sp&ssid=i06gk6qzwg0000001723032579310&qH=e9ac4d84cd2eb9ab
-----------------------------
Name: SAMSUNG Galaxy S24 Ultra 5G (Titanium Violet, 512 GB)
Price: ₹1,39,999
Link: https://www.flipkart.com/samsung-galaxy-s24-ultra-5g-titanium-violet-512-gb/p/itmb65a445764f10?pid=MOBGX2F3PHGQHXSB&lid=LSTMOBGX2F3PHGQHXSBOO4CVF&marketplace=FLIPKART&q=samsung+galaxy+s10+lite+price&store=tyy%2F4io&srno=s_1_1&otracker=AS_QueryStore_OrganicAutoSuggest_2_18_na_na_na&otracker1=AS_QueryStore_OrganicAutoSuggest_2_18_na_na_na&fm=search-autosuggest&iid=f43e56d9-65e0-43d8-a1c5-d2801e16de5b.MOBGX2F3PHGQHXSB.SEARCH&ppt=sp&ppn=sp&ssid=ua5v0318j40000001723032583218&qH=e9ac4d84cd2eb9ab
-----------------------------
Name: SAMSUNG Galaxy S24+ 5G (Cobalt Violet, 512 GB)
Price: ₹1,04,999
Link: https://www.flipkart.com/samsung-galaxy-s24-5g-cobalt-violet-512-gb/p/itmdbe5ac49590db?pid=MOBGX2F3SN4R8GHF&lid=LSTMOBGX2F3SN4R8GHFUVLXKX&marketplace=FLIPKART&q=samsung+galaxy+s10+lite+price&store=tyy%2F4io&srno=s_1_5&otracker=AS_QueryStore_OrganicAutoSuggest_2_18_na_na_na&otracker1=AS_QueryStore_OrganicAutoSuggest_2_18_na_na_na&fm=search-autosuggest&iid=6ccf761b-c955-4b0b-9c14-fe9ad21f01f3.MOBGX2F3SN4R8GHF.SEARCH&ppt=sp&ppn=sp&ssid=i06gk6qzwg0000001723032579310&qH=e9ac4d84cd2eb9ab
-----------------------------
Name: SAMSUNG Galaxy S24 Ultra 5G (Titanium Black, 256 GB)
Price: ₹1,29,999
Link: https://www.flipkart.com/samsung-galaxy-s24-ultra-5g-titanium-black-256-gb/p/itm7d3b6b5d0f501?pid=MOBGX2F3QGZYYZAK&lid=LSTMOBGX2F3QGZYYZAKNETZ3C&marketplace=FLIPKART&q=samsung+galaxy+s10+lite+price&store=tyy%2F4io&srno=s_1_2&otracker=AS_QueryStore_OrganicAutoSuggest_2_18_na_na_na&otracker1=AS_QueryStore_OrganicAutoSuggest_2_18_na_na_na&fm=search-autosuggest&iid=f43e56d9-65e0-43d8-a1c5-d2801e16de5b.MOBGX2F3QGZYYZAK.SEARCH&ppt=sp&ppn=sp&ssid=ua5v0318j40000001723032583218&qH=e9ac4d84cd2eb9ab
-----------------------------
Name: SAMSUNG Galaxy S24+ 5G (Cobalt Violet, 256 GB)
Price: ₹94,999
Link: https://www.flipkart.com/samsung-galaxy-s24-5g-cobalt-violet-256-gb/p/itm46fc37ddc7255?pid=MOBGX2F3GDX7QYFT&lid=LSTMOBGX2F3GDX7QYFTDDMJ7Z&marketplace=FLIPKART&q=samsung+galaxy+s10+lite+price&store=tyy%2F4io&srno=s_1_6&otracker=AS_QueryStore_OrganicAutoSuggest_2_18_na_na_na&otracker1=AS_QueryStore_OrganicAutoSuggest_2_18_na_na_na&fm=search-autosuggest&iid=6ccf761b-c955-4b0b-9c14-fe9ad21f01f3.MOBGX2F3GDX7QYFT.SEARCH&ppt=sp&ppn=sp&ssid=i06gk6qzwg0000001723032579310&qH=e9ac4d84cd2eb9ab
-----------------------------
Name: SAMSUNG Galaxy S24 Ultra 5G (Titanium Gray, 256 GB)
Price: ₹1,29,999
Link: https://www.flipkart.com/samsung-galaxy-s24-ultra-5g-titanium-gray-256-gb/p/itm12ef5ea0212ed?pid=MOBGX2F3RQKKKTAW&lid=LSTMOBGX2F3RQKKKTAWKAVWET&marketplace=FLIPKART&q=samsung+galaxy+s10+lite+price&store=tyy%2F4io&srno=s_1_3&otracker=AS_QueryStore_OrganicAutoSuggest_2_18_na_na_na&otracker1=AS_QueryStore_OrganicAutoSuggest_2_18_na_na_na&fm=search-autosuggest&iid=f43e56d9-65e0-43d8-a1c5-d2801e16de5b.MOBGX2F3RQKKKTAW.SEARCH&ppt=sp&ppn=sp&ssid=ua5v0318j40000001723032583218&qH=e9ac4d84cd2eb9ab
-----------------------------
Name: SAMSUNG Galaxy S24 5G (Onyx Black, 512 GB)
Price: ₹89,999
Link: https://www.flipkart.com/samsung-galaxy-s24-5g-onyx-black-512-gb/p/itm210a5a47ed251?pid=MOBGX2F3FEUH6PKS&lid=LSTMOBGX2F3FEUH6PKSNYKMCU&marketplace=FLIPKART&q=samsung+galaxy+s10+lite+price&store=tyy%2F4io&srno=s_1_7&otracker=AS_QueryStore_OrganicAutoSuggest_2_18_na_na_na&otracker1=AS_QueryStore_OrganicAutoSuggest_2_18_na_na_na&fm=search-autosuggest&iid=6ccf761b-c955-4b0b-9c14-fe9ad21f01f3.MOBGX2F3FEUH6PKS.SEARCH&ppt=sp&ppn=sp&ssid=i06gk6qzwg0000001723032579310&qH=e9ac4d84cd2eb9ab
-----------------------------
Name: SAMSUNG Galaxy S23 Ultra 5G (Cream, 512 GB)
Price: ₹1,24,999
Link: https://www.flipkart.com/samsung-galaxy-s23-ultra-5g-cream-512-gb/p/itm1db5d333d4ee1?pid=MOBGMFFXEHJGRUXK&lid=LSTMOBGMFFXEHJGRUXKYBVAQY&marketplace=FLIPKART&q=samsung+galaxy+s10+lite+price&store=tyy%2F4io&srno=s_1_4&otracker=AS_QueryStore_OrganicAutoSuggest_2_18_na_na_na&otracker1=AS_QueryStore_OrganicAutoSuggest_2_18_na_na_na&fm=search-autosuggest&iid=f43e56d9-65e0-43d8-a1c5-d2801e16de5b.MOBGMFFXEHJGRUXK.SEARCH&ppt=sp&ppn=sp&ssid=ua5v0318j40000001723032583218&qH=e9ac4d84cd2eb9ab
-----------------------------
Name: SAMSUNG Galaxy S24 5G (Amber Yellow, 512 GB)
Price: ₹89,999
Link: https://www.flipkart.com/samsung-galaxy-s24-5g-amber-yellow-512-gb/p/itm6225fa9b0990b?pid=MOBGX2F3VFMYCHCX&lid=LSTMOBGX2F3VFMYCHCXJQ83UW&marketplace=FLIPKART&q=samsung+galaxy+s10+lite+price&store=tyy%2F4io&srno=s_1_8&otracker=AS_QueryStore_OrganicAutoSuggest_2_18_na_na_na&otracker1=AS_QueryStore_OrganicAutoSuggest_2_18_na_na_na&fm=search-autosuggest&iid=6ccf761b-c955-4b0b-9c14-fe9ad21f01f3.MOBGX2F3VFMYCHCX.SEARCH&ppt=sp&ppn=sp&ssid=i06gk6qzwg0000001723032579310&qH=e9ac4d84cd2eb9ab
-----------------------------
Name: SAMSUNG Galaxy S24+ 5G (Onyx Black, 512 GB)
Price: ₹1,04,999
Link: https://www.flipkart.com/samsung-galaxy-s24-5g-onyx-black-512-gb/p/itme2d93d42550ad?pid=MOBGX2F3YAZ6MRCQ&lid=LSTMOBGX2F3YAZ6MRCQFU5NRH&marketplace=FLIPKART&q=samsung+galaxy+s10+lite+price&store=tyy%2F4io&srno=s_1_5&otracker=AS_QueryStore_OrganicAutoSuggest_2_18_na_na_na&otracker1=AS_QueryStore_OrganicAutoSuggest_2_18_na_na_na&fm=search-autosuggest&iid=f43e56d9-65e0-43d8-a1c5-d2801e16de5b.MOBGX2F3YAZ6MRCQ.SEARCH&ppt=sp&ppn=sp&ssid=ua5v0318j40000001723032583218&qH=e9ac4d84cd2eb9ab
-----------------------------
Name: SAMSUNG Galaxy S24 5G (Cobalt Violet, 512 GB)
Price: ₹89,999
Link: https://www.flipkart.com/samsung-galaxy-s24-5g-cobalt-violet-512-gb/p/itm0d5ed926087c7?pid=MOBGX2F3V52SBYMZ&lid=LSTMOBGX2F3V52SBYMZKEWTB0&marketplace=FLIPKART&q=samsung+galaxy+s10+lite+price&store=tyy%2F4io&srno=s_1_9&otracker=AS_QueryStore_OrganicAutoSuggest_2_18_na_na_na&otracker1=AS_QueryStore_OrganicAutoSuggest_2_18_na_na_na&fm=search-autosuggest&iid=6ccf761b-c955-4b0b-9c14-fe9ad21f01f3.MOBGX2F3V52SBYMZ.SEARCH&ppt=sp&ppn=sp&ssid=i06gk6qzwg0000001723032579310&qH=e9ac4d84cd2eb9ab
-----------------------------
Name: SAMSUNG Galaxy S24+ 5G (Cobalt Violet, 512 GB)
Price: ₹1,04,999
Link: https://www.flipkart.com/samsung-galaxy-s24-5g-cobalt-violet-512-gb/p/itmdbe5ac49590db?pid=MOBGX2F3SN4R8GHF&lid=LSTMOBGX2F3SN4R8GHFUVLXKX&marketplace=FLIPKART&q=samsung+galaxy+s10+lite+price&store=tyy%2F4io&srno=s_1_6&otracker=AS_QueryStore_OrganicAutoSuggest_2_18_na_na_na&otracker1=AS_QueryStore_OrganicAutoSuggest_2_18_na_na_na&fm=search-autosuggest&iid=f43e56d9-65e0-43d8-a1c5-d2801e16de5b.MOBGX2F3SN4R8GHF.SEARCH&ppt=sp&ppn=sp&ssid=ua5v0318j40000001723032583218&qH=e9ac4d84cd2eb9ab
-----------------------------
Name: SAMSUNG Galaxy S24 5G (Cobalt Violet, 256 GB)
Price: ₹79,999
Link: https://www.flipkart.com/samsung-galaxy-s24-5g-cobalt-violet-256-gb/p/itme4c78903b0c9f?pid=MOBGX2F3GNSJZ23R&lid=LSTMOBGX2F3GNSJZ23REJ6ZQ8&marketplace=FLIPKART&q=samsung+galaxy+s10+lite+price&store=tyy%2F4io&srno=s_1_10&otracker=AS_QueryStore_OrganicAutoSuggest_2_18_na_na_na&otracker1=AS_QueryStore_OrganicAutoSuggest_2_18_na_na_na&fm=search-autosuggest&iid=6ccf761b-c955-4b0b-9c14-fe9ad21f01f3.MOBGX2F3GNSJZ23R.SEARCH&ppt=sp&ppn=sp&ssid=i06gk6qzwg0000001723032579310&qH=e9ac4d84cd2eb9ab
-----------------------------
Name: SAMSUNG Galaxy S24+ 5G (Cobalt Violet, 256 GB)
Price: ₹94,999
Link: https://www.flipkart.com/samsung-galaxy-s24-5g-cobalt-violet-256-gb/p/itm46fc37ddc7255?pid=MOBGX2F3GDX7QYFT&lid=LSTMOBGX2F3GDX7QYFTDDMJ7Z&marketplace=FLIPKART&q=samsung+galaxy+s10+lite+price&store=tyy%2F4io&srno=s_1_7&otracker=AS_QueryStore_OrganicAutoSuggest_2_18_na_na_na&otracker1=AS_QueryStore_OrganicAutoSuggest_2_18_na_na_na&fm=search-autosuggest&iid=f43e56d9-65e0-43d8-a1c5-d2801e16de5b.MOBGX2F3GDX7QYFT.SEARCH&ppt=sp&ppn=sp&ssid=ua5v0318j40000001723032583218&qH=e9ac4d84cd2eb9ab
-----------------------------
Name: SAMSUNG Galaxy S24 5G (Onyx Black, 256 GB)
Price: ₹79,999
Link: https://www.flipkart.com/samsung-galaxy-s24-5g-onyx-black-256-gb/p/itm0456c01739016?pid=MOBGX2F3ZUBMWBGP&lid=LSTMOBGX2F3ZUBMWBGPME7BYW&marketplace=FLIPKART&q=samsung+galaxy+s10+lite+price&store=tyy%2F4io&srno=s_1_11&otracker=AS_QueryStore_OrganicAutoSuggest_2_18_na_na_na&otracker1=AS_QueryStore_OrganicAutoSuggest_2_18_na_na_na&fm=search-autosuggest&iid=6ccf761b-c955-4b0b-9c14-fe9ad21f01f3.MOBGX2F3ZUBMWBGP.SEARCH&ppt=sp&ppn=sp&ssid=i06gk6qzwg0000001723032579310&qH=e9ac4d84cd2eb9ab
-----------------------------
First try in catch
Name: SAMSUNG Galaxy S24 5G (Cobalt Violet, 512 GB)
Price: ₹89,999
Link: https://www.flipkart.com/samsung-galaxy-s24-5g-cobalt-violet-512-gb/p/itm0d5ed926087c7?pid=MOBGX2F3V52SBYMZ&lid=LSTMOBGX2F3V52SBYMZKEWTB0&marketplace=FLIPKART&q=samsung+galaxy+s10+lite+price&store=tyy%2F4io&srno=s_1_8&otracker=AS_QueryStore_OrganicAutoSuggest_2_18_na_na_na&otracker1=AS_QueryStore_OrganicAutoSuggest_2_18_na_na_na&fm=search-autosuggest&iid=f43e56d9-65e0-43d8-a1c5-d2801e16de5b.MOBGX2F3V52SBYMZ.SEARCH&ppt=sp&ppn=sp&ssid=ua5v0318j40000001723032583218&qH=e9ac4d84cd2eb9ab
-----------------------------
Name: SAMSUNG Galaxy S24 5G (Amber Yellow, 256 GB)
Price: ₹79,999
Link: https://www.flipkart.com/samsung-galaxy-s24-5g-amber-yellow-256-gb/p/itmebc700bb8d159?pid=MOBGX2F3TYAVSQJC&lid=LSTMOBGX2F3TYAVSQJCZEHPSQ&marketplace=FLIPKART&q=samsung+galaxy+s10+lite+price&store=tyy%2F4io&srno=s_1_12&otracker=AS_QueryStore_OrganicAutoSuggest_2_18_na_na_na&otracker1=AS_QueryStore_OrganicAutoSuggest_2_18_na_na_na&fm=search-autosuggest&iid=6ccf761b-c955-4b0b-9c14-fe9ad21f01f3.MOBGX2F3TYAVSQJC.SEARCH&ppt=sp&ppn=sp&ssid=i06gk6qzwg0000001723032579310&qH=e9ac4d84cd2eb9ab
-----------------------------
Name: SAMSUNG Galaxy S24 5G (Onyx Black, 512 GB)
Price: ₹89,999
Link: https://www.flipkart.com/samsung-galaxy-s24-5g-onyx-black-512-gb/p/itm210a5a47ed251?pid=MOBGX2F3FEUH6PKS&lid=LSTMOBGX2F3FEUH6PKSNYKMCU&marketplace=FLIPKART&q=samsung+galaxy+s10+lite+price&store=tyy%2F4io&srno=s_1_9&otracker=AS_QueryStore_OrganicAutoSuggest_2_18_na_na_na&otracker1=AS_QueryStore_OrganicAutoSuggest_2_18_na_na_na&fm=search-autosuggest&iid=f43e56d9-65e0-43d8-a1c5-d2801e16de5b.MOBGX2F3FEUH6PKS.SEARCH&ppt=sp&ppn=sp&ssid=ua5v0318j40000001723032583218&qH=e9ac4d84cd2eb9ab
-----------------------------
Name: SAMSUNG Galaxy S24 5G (Cobalt Violet, 128 GB)
Price: ₹74,999
Link: https://www.flipkart.com/samsung-galaxy-s24-5g-cobalt-violet-128-gb/p/itma2ec54ed01030?pid=MOBHYJ6Q3ZAFJTF7&lid=LSTMOBHYJ6Q3ZAFJTF7GUPLRR&marketplace=FLIPKART&q=samsung+galaxy+s10+lite+price&store=tyy%2F4io&srno=s_1_13&otracker=AS_QueryStore_OrganicAutoSuggest_2_18_na_na_na&otracker1=AS_QueryStore_OrganicAutoSuggest_2_18_na_na_na&fm=search-autosuggest&iid=6ccf761b-c955-4b0b-9c14-fe9ad21f01f3.MOBHYJ6Q3ZAFJTF7.SEARCH&ppt=sp&ppn=sp&ssid=i06gk6qzwg0000001723032579310&qH=e9ac4d84cd2eb9ab
-----------------------------
Name: SAMSUNG Galaxy S24 5G (Amber Yellow, 512 GB)
Price: ₹89,999
Link: https://www.flipkart.com/samsung-galaxy-s24-5g-amber-yellow-512-gb/p/itm6225fa9b0990b?pid=MOBGX2F3VFMYCHCX&lid=LSTMOBGX2F3VFMYCHCXJQ83UW&marketplace=FLIPKART&q=samsung+galaxy+s10+lite+price&store=tyy%2F4io&srno=s_1_10&otracker=AS_QueryStore_OrganicAutoSuggest_2_18_na_na_na&otracker1=AS_QueryStore_OrganicAutoSuggest_2_18_na_na_na&fm=search-autosuggest&iid=f43e56d9-65e0-43d8-a1c5-d2801e16de5b.MOBGX2F3VFMYCHCX.SEARCH&ppt=sp&ppn=sp&ssid=ua5v0318j40000001723032583218&qH=e9ac4d84cd2eb9ab
-----------------------------
Name: SAMSUNG Galaxy S24 5G (Amber Yellow, 128 GB)
Price: ₹74,999
Link: https://www.flipkart.com/samsung-galaxy-s24-5g-amber-yellow-128-gb/p/itmc7715e16403d1?pid=MOBHYJ6QMSGJG28G&lid=LSTMOBHYJ6QMSGJG28GKEE5UE&marketplace=FLIPKART&q=samsung+galaxy+s10+lite+price&store=tyy%2F4io&srno=s_1_14&otracker=AS_QueryStore_OrganicAutoSuggest_2_18_na_na_na&otracker1=AS_QueryStore_OrganicAutoSuggest_2_18_na_na_na&fm=search-autosuggest&iid=6ccf761b-c955-4b0b-9c14-fe9ad21f01f3.MOBHYJ6QMSGJG28G.SEARCH&ppt=sp&ppn=sp&ssid=i06gk6qzwg0000001723032579310&qH=e9ac4d84cd2eb9ab
-----------------------------
Name: SAMSUNG Galaxy S24 5G (Amber Yellow, 256 GB)
Price: ₹79,999
Link: https://www.flipkart.com/samsung-galaxy-s24-5g-amber-yellow-256-gb/p/itmebc700bb8d159?pid=MOBGX2F3TYAVSQJC&lid=LSTMOBGX2F3TYAVSQJCZEHPSQ&marketplace=FLIPKART&q=samsung+galaxy+s10+lite+price&store=tyy%2F4io&srno=s_1_11&otracker=AS_QueryStore_OrganicAutoSuggest_2_18_na_na_na&otracker1=AS_QueryStore_OrganicAutoSuggest_2_18_na_na_na&fm=search-autosuggest&iid=f43e56d9-65e0-43d8-a1c5-d2801e16de5b.MOBGX2F3TYAVSQJC.SEARCH&ppt=sp&ppn=sp&ssid=ua5v0318j40000001723032583218&qH=e9ac4d84cd2eb9ab
-----------------------------
Name: SAMSUNG Galaxy S24 5G (Marble Gray, 128 GB)
Price: ₹70,999
Link: https://www.flipkart.com/samsung-galaxy-s24-5g-marble-gray-128-gb/p/itmd5309d6e0a151?pid=MOBHYJ6QZP2UA4X9&lid=LSTMOBHYJ6QZP2UA4X90LSJBH&marketplace=FLIPKART&q=samsung+galaxy+s10+lite+price&store=tyy%2F4io&srno=s_1_15&otracker=AS_QueryStore_OrganicAutoSuggest_2_18_na_na_na&otracker1=AS_QueryStore_OrganicAutoSuggest_2_18_na_na_na&fm=search-autosuggest&iid=6ccf761b-c955-4b0b-9c14-fe9ad21f01f3.MOBHYJ6QZP2UA4X9.SEARCH&ppt=sp&ppn=sp&ssid=i06gk6qzwg0000001723032579310&qH=e9ac4d84cd2eb9ab
-----------------------------
Name: SAMSUNG Galaxy S24 5G (Cobalt Violet, 256 GB)
Price: ₹79,999
Link: https://www.flipkart.com/samsung-galaxy-s24-5g-cobalt-violet-256-gb/p/itme4c78903b0c9f?pid=MOBGX2F3GNSJZ23R&lid=LSTMOBGX2F3GNSJZ23REJ6ZQ8&marketplace=FLIPKART&q=samsung+galaxy+s10+lite+price&store=tyy%2F4io&srno=s_1_12&otracker=AS_QueryStore_OrganicAutoSuggest_2_18_na_na_na&otracker1=AS_QueryStore_OrganicAutoSuggest_2_18_na_na_na&fm=search-autosuggest&iid=f43e56d9-65e0-43d8-a1c5-d2801e16de5b.MOBGX2F3GNSJZ23R.SEARCH&ppt=sp&ppn=sp&ssid=ua5v0318j40000001723032583218&qH=e9ac4d84cd2eb9ab
-----------------------------
Second try in catch
Name: SAMSUNG Galaxy S22 Plus 5G (Phantom Black, 128 GB)
Price: ₹69,999
Link: https://www.flipkart.com/samsung-galaxy-s22-plus-5g-phantom-black-128-gb/p/itm7fd318a27dcd7?pid=MOBGGG2YUGAYANRQ&lid=LSTMOBGGG2YUGAYANRQQF31UI&marketplace=FLIPKART&q=samsung+galaxy+s10+lite+price&store=tyy%2F4io&srno=s_1_16&otracker=AS_QueryStore_OrganicAutoSuggest_2_18_na_na_na&otracker1=AS_QueryStore_OrganicAutoSuggest_2_18_na_na_na&fm=search-autosuggest&iid=6ccf761b-c955-4b0b-9c14-fe9ad21f01f3.MOBGGG2YUGAYANRQ.SEARCH&ppt=sp&ppn=sp&ssid=i06gk6qzwg0000001723032579310&qH=e9ac4d84cd2eb9ab
-----------------------------
Name: SAMSUNG Galaxy S24 5G (Onyx Black, 256 GB)
Price: ₹79,999
Link: https://www.flipkart.com/samsung-galaxy-s24-5g-onyx-black-256-gb/p/itm0456c01739016?pid=MOBGX2F3ZUBMWBGP&lid=LSTMOBGX2F3ZUBMWBGPME7BYW&marketplace=FLIPKART&q=samsung+galaxy+s10+lite+price&store=tyy%2F4io&srno=s_1_13&otracker=AS_QueryStore_OrganicAutoSuggest_2_18_na_na_na&otracker1=AS_QueryStore_OrganicAutoSuggest_2_18_na_na_na&fm=search-autosuggest&iid=f43e56d9-65e0-43d8-a1c5-d2801e16de5b.MOBGX2F3ZUBMWBGP.SEARCH&ppt=sp&ppn=sp&ssid=ua5v0318j40000001723032583218&qH=e9ac4d84cd2eb9ab
-----------------------------
Name: SAMSUNG Galaxy S22 Plus 5G (Green, 256 GB)
Price: ₹88,999
Link: https://www.flipkart.com/samsung-galaxy-s22-plus-5g-green-256-gb/p/itmc442739abe1a1?pid=MOBGGG2YGHC42XMF&lid=LSTMOBGGG2YGHC42XMFCUR4NX&marketplace=FLIPKART&q=samsung+galaxy+s10+lite+price&store=tyy%2F4io&srno=s_1_17&otracker=AS_QueryStore_OrganicAutoSuggest_2_18_na_na_na&otracker1=AS_QueryStore_OrganicAutoSuggest_2_18_na_na_na&fm=search-autosuggest&iid=6ccf761b-c955-4b0b-9c14-fe9ad21f01f3.MOBGGG2YGHC42XMF.SEARCH&ppt=sp&ppn=sp&ssid=i06gk6qzwg0000001723032579310&qH=e9ac4d84cd2eb9ab
-----------------------------
Name: SAMSUNG Galaxy S24 5G (Amber Yellow, 128 GB)
Price: ₹74,999
Link: https://www.flipkart.com/samsung-galaxy-s24-5g-amber-yellow-128-gb/p/itmc7715e16403d1?pid=MOBHYJ6QMSGJG28G&lid=LSTMOBHYJ6QMSGJG28GKEE5UE&marketplace=FLIPKART&q=samsung+galaxy+s10+lite+price&store=tyy%2F4io&srno=s_1_14&otracker=AS_QueryStore_OrganicAutoSuggest_2_18_na_na_na&otracker1=AS_QueryStore_OrganicAutoSuggest_2_18_na_na_na&fm=search-autosuggest&iid=f43e56d9-65e0-43d8-a1c5-d2801e16de5b.MOBHYJ6QMSGJG28G.SEARCH&ppt=sp&ppn=sp&ssid=ua5v0318j40000001723032583218&qH=e9ac4d84cd2eb9ab
-----------------------------
Name: SAMSUNG Galaxy S7 (Gold Platinum, 32 GB)
Price: ₹46,000
Link: https://www.flipkart.com/samsung-galaxy-s7-gold-platinum-32-gb/p/itmeuyda4qgqetc6?pid=MOBEGFZPWJHYT7NX&lid=LSTMOBEGFZPWJHYT7NXKNHWSQ&marketplace=FLIPKART&q=samsung+galaxy+s10+lite+price&store=tyy%2F4io&srno=s_1_18&otracker=AS_QueryStore_OrganicAutoSuggest_2_18_na_na_na&otracker1=AS_QueryStore_OrganicAutoSuggest_2_18_na_na_na&fm=search-autosuggest&iid=6ccf761b-c955-4b0b-9c14-fe9ad21f01f3.MOBEGFZPWJHYT7NX.SEARCH&ppt=sp&ppn=sp&ssid=i06gk6qzwg0000001723032579310&qH=e9ac4d84cd2eb9ab
-----------------------------
Name: SAMSUNG Galaxy S24 5G (Cobalt Violet, 128 GB)
Price: ₹74,999
Link: https://www.flipkart.com/samsung-galaxy-s24-5g-cobalt-violet-128-gb/p/itma2ec54ed01030?pid=MOBHYJ6Q3ZAFJTF7&lid=LSTMOBHYJ6Q3ZAFJTF7GUPLRR&marketplace=FLIPKART&q=samsung+galaxy+s10+lite+price&store=tyy%2F4io&srno=s_1_15&otracker=AS_QueryStore_OrganicAutoSuggest_2_18_na_na_na&otracker1=AS_QueryStore_OrganicAutoSuggest_2_18_na_na_na&fm=search-autosuggest&iid=f43e56d9-65e0-43d8-a1c5-d2801e16de5b.MOBHYJ6Q3ZAFJTF7.SEARCH&ppt=sp&ppn=sp&ssid=ua5v0318j40000001723032583218&qH=e9ac4d84cd2eb9ab
-----------------------------
Name: SAMSUNG Galaxy S23 5G (Green, 128 GB)
Price: ₹44,999
Link: https://www.flipkart.com/samsung-galaxy-s23-5g-green-128-gb/p/itm7cdd081996dc8?pid=MOBGNPGYWGZAUZGK&lid=LSTMOBGNPGYWGZAUZGKLQSOT0&marketplace=FLIPKART&q=samsung+galaxy+s10+lite+price&store=tyy%2F4io&srno=s_1_19&otracker=AS_QueryStore_OrganicAutoSuggest_2_18_na_na_na&otracker1=AS_QueryStore_OrganicAutoSuggest_2_18_na_na_na&fm=search-autosuggest&iid=6ccf761b-c955-4b0b-9c14-fe9ad21f01f3.MOBGNPGYWGZAUZGK.SEARCH&ppt=sp&ppn=sp&ssid=i06gk6qzwg0000001723032579310&qH=e9ac4d84cd2eb9ab
-----------------------------
Name: SAMSUNG Galaxy S24 5G (Marble Gray, 128 GB)
Price: ₹70,999
Link: https://www.flipkart.com/samsung-galaxy-s24-5g-marble-gray-128-gb/p/itmd5309d6e0a151?pid=MOBHYJ6QZP2UA4X9&lid=LSTMOBHYJ6QZP2UA4X90LSJBH&marketplace=FLIPKART&q=samsung+galaxy+s10+lite+price&store=tyy%2F4io&srno=s_1_16&otracker=AS_QueryStore_OrganicAutoSuggest_2_18_na_na_na&otracker1=AS_QueryStore_OrganicAutoSuggest_2_18_na_na_na&fm=search-autosuggest&iid=f43e56d9-65e0-43d8-a1c5-d2801e16de5b.MOBHYJ6QZP2UA4X9.SEARCH&ppt=sp&ppn=sp&ssid=ua5v0318j40000001723032583218&qH=e9ac4d84cd2eb9ab
-----------------------------
Name: SAMSUNG Galaxy S21 FE 5G (Lavender, 128 GB)
Price: ₹39,999
Link: https://www.flipkart.com/samsung-galaxy-s21-fe-5g-lavender-128-gb/p/itm3b094762fb621?pid=MOBGBNBDZJ5Q3RXK&lid=LSTMOBGBNBDZJ5Q3RXKUCNNBS&marketplace=FLIPKART&q=samsung+galaxy+s10+lite+price&store=tyy%2F4io&srno=s_1_20&otracker=AS_QueryStore_OrganicAutoSuggest_2_18_na_na_na&otracker1=AS_QueryStore_OrganicAutoSuggest_2_18_na_na_na&fm=search-autosuggest&iid=6ccf761b-c955-4b0b-9c14-fe9ad21f01f3.MOBGBNBDZJ5Q3RXK.SEARCH&ppt=sp&ppn=sp&ssid=i06gk6qzwg0000001723032579310&qH=e9ac4d84cd2eb9ab
-----------------------------
]]></system-out>
    <system-err><![CDATA[Aug 07, 2024 5:38:44 PM org.openqa.selenium.remote.tracing.opentelemetry.OpenTelemetryTracer createTracer
INFO: Using OpenTelemetry for tracing
SLF4J(W): No SLF4J providers were found.
SLF4J(W): Defaulting to no-operation (NOP) logger implementation
SLF4J(W): See https://www.slf4j.org/codes.html#noProviders for further details.
Aug 07, 2024 5:39:13 PM org.openqa.selenium.remote.ProtocolHandshake createSession
INFO: Detected dialect: W3C
Aug 07, 2024 5:39:14 PM org.openqa.selenium.remote.ProtocolHandshake createSession
INFO: Detected dialect: W3C
Aug 07, 2024 5:39:57 PM org.openqa.selenium.remote.ProtocolHandshake createSession
INFO: Detected dialect: W3C
org.openqa.selenium.TimeoutException: Expected condition failed: waiting for element to be clickable: Proxy element for: DefaultElementLocator 'By.xpath: //input[@title='Search for Products, Brands and More']' (tried for 10 second(s) with 500 milliseconds interval)
	at org.openqa.selenium.support.ui.WebDriverWait.timeoutException(WebDriverWait.java:138)
	at org.openqa.selenium.support.ui.FluentWait.until(FluentWait.java:231)
	at com.mystore.actiondriver.Action.findElementPresence(Action.java:707)
	at com.mystore.actiondriver.Action.fill(Action.java:125)
	at com.mystore.pageobjects.FlipkartHome.searchProduct(FlipkartHome.java:54)
	at com.mystore.testcases.FlipkartHomeTest.printProducts(FlipkartHomeTest.java:19)
	at java.base/jdk.internal.reflect.NativeMethodAccessorImpl.invoke0(Native Method)
	at java.base/jdk.internal.reflect.NativeMethodAccessorImpl.invoke(NativeMethodAccessorImpl.java:62)
	at java.base/jdk.internal.reflect.DelegatingMethodAccessorImpl.invoke(DelegatingMethodAccessorImpl.java:43)
	at java.base/java.lang.reflect.Method.invoke(Method.java:566)
	at org.testng.internal.MethodInvocationHelper.invokeMethod(MethodInvocationHelper.java:133)
	at org.testng.internal.TestInvoker.invokeMethod(TestInvoker.java:598)
	at org.testng.internal.TestInvoker.invokeTestMethod(TestInvoker.java:173)
	at org.testng.internal.MethodRunner.runInSequence(MethodRunner.java:46)
	at org.testng.internal.TestInvoker$MethodInvocationAgent.invoke(TestInvoker.java:824)
	at org.testng.internal.TestInvoker.invokeTestMethods(TestInvoker.java:146)
	at org.testng.internal.TestMethodWorker.invokeTestMethods(TestMethodWorker.java:146)
	at org.testng.internal.TestMethodWorker.run(TestMethodWorker.java:128)
	at java.base/java.util.ArrayList.forEach(ArrayList.java:1541)
	at org.testng.TestRunner.privateRun(TestRunner.java:794)
	at org.testng.TestRunner.run(TestRunner.java:596)
	at org.testng.SuiteRunner.runTest(SuiteRunner.java:377)
	at org.testng.SuiteRunner.access$000(SuiteRunner.java:28)
	at org.testng.SuiteRunner$SuiteWorker.run(SuiteRunner.java:418)
	at org.testng.internal.thread.ThreadUtil.lambda$execute$0(ThreadUtil.java:64)
	at java.base/java.util.concurrent.FutureTask.run(FutureTask.java:264)
	at java.base/java.util.concurrent.ThreadPoolExecutor.runWorker(ThreadPoolExecutor.java:1128)
	at java.base/java.util.concurrent.ThreadPoolExecutor$Worker.run(ThreadPoolExecutor.java:628)
	at java.base/java.lang.Thread.run(Thread.java:834)
Caused by: org.openqa.selenium.NoSuchElementException: Unable to locate element: //input[@title='Search for Products, Brands and More']
For documentation on this error, please visit: https://selenium.dev/exceptions/#no_such_element
Build info: version: '4.1.0', revision: '87802e897b'
System info: host: 'IBM-RAVISHRANA', ip: '192.168.29.167', os.name: 'Windows 11', os.arch: 'amd64', os.version: '10.0', java.version: '11.0.18'
Driver info: org.openqa.selenium.remote.RemoteWebDriver
Command: [20cdca83-450d-4684-a127-b8964627f60c, findElement {using=xpath, value=//input[@title='Search for Products, Brands and More']}]
Capabilities {acceptInsecureCerts: true, browserName: firefox, browserVersion: 126.0, bstack:options: {accessKey: CAxyP14U99jJLtThkKMj, browser_version: latest, browserstack.selenium_version: 4.4.0, consoleLogs: info, os: Windows, os_version: 10, sessionName: Parallel Test - Browser : F..., username: ravishrana_5vWQ7y}, javascriptEnabled: true, moz:accessibilityChecks: false, moz:buildID: 20240509170740, moz:debuggerAddress: 127.0.0.1:45452, moz:firefoxOptions: {args: [--headless, --window-size=1920,1080], binary: C:\Program Files\Mozilla Fi..., prefs: {network.proxy.http: , network.proxy.http_port: 0, network.proxy.socks_remote_dns: true, network.proxy.ssl: , network.proxy.ssl_port: 0, network.proxy.type: 1}}, moz:geckodriverVersion: 0.35.0, moz:headless: true, moz:platformVersion: 10.0, moz:processID: 13396, moz:profile: C:\Users\ContainerAdministr..., moz:shutdownTimeout: 60000, moz:webdriverClick: true, moz:windowless: false, pageLoadStrategy: normal, platform: WINDOWS, platformName: WINDOWS, proxy: Proxy(manual, socks=repeate..., se:bidiEnabled: false, se:cdp: ws://10.64.12.37:4444/sessi..., se:cdpVersion: 85.0, setWindowRect: true, strictFileInteractability: false, timeouts: {implicit: 0, pageLoad: 300000, script: 30000}, unhandledPromptBehavior: dismiss and notify, userAgent: Mozilla/5.0 (Windows NT 10....}
Session ID: 20cdca83-450d-4684-a127-b8964627f60c
	at java.base/jdk.internal.reflect.NativeConstructorAccessorImpl.newInstance0(Native Method)
	at java.base/jdk.internal.reflect.NativeConstructorAccessorImpl.newInstance(NativeConstructorAccessorImpl.java:62)
	at java.base/jdk.internal.reflect.DelegatingConstructorAccessorImpl.newInstance(DelegatingConstructorAccessorImpl.java:45)
	at java.base/java.lang.reflect.Constructor.newInstance(Constructor.java:490)
	at org.openqa.selenium.remote.codec.w3c.W3CHttpResponseCodec.createException(W3CHttpResponseCodec.java:200)
	at org.openqa.selenium.remote.codec.w3c.W3CHttpResponseCodec.decode(W3CHttpResponseCodec.java:133)
	at org.openqa.selenium.remote.codec.w3c.W3CHttpResponseCodec.decode(W3CHttpResponseCodec.java:53)
	at org.openqa.selenium.remote.HttpCommandExecutor.execute(HttpCommandExecutor.java:184)
	at org.openqa.selenium.remote.TracedCommandExecutor.execute(TracedCommandExecutor.java:50)
	at org.openqa.selenium.remote.RemoteWebDriver.execute(RemoteWebDriver.java:559)
	at org.openqa.selenium.remote.ElementLocation$ElementFinder$2.findElement(ElementLocation.java:162)
	at org.openqa.selenium.remote.ElementLocation.findElement(ElementLocation.java:60)
	at org.openqa.selenium.remote.RemoteWebDriver.findElement(RemoteWebDriver.java:383)
	at org.openqa.selenium.remote.RemoteWebDriver.findElement(RemoteWebDriver.java:375)
	at org.openqa.selenium.support.pagefactory.DefaultElementLocator.findElement(DefaultElementLocator.java:70)
	at org.openqa.selenium.support.pagefactory.internal.LocatingElementHandler.invoke(LocatingElementHandler.java:39)
	at com.sun.proxy.$Proxy21.isDisplayed(Unknown Source)
	at org.openqa.selenium.support.ui.ExpectedConditions.elementIfVisible(ExpectedConditions.java:307)
	at org.openqa.selenium.support.ui.ExpectedConditions.access$000(ExpectedConditions.java:40)
	at org.openqa.selenium.support.ui.ExpectedConditions$10.apply(ExpectedConditions.java:293)
	at org.openqa.selenium.support.ui.ExpectedConditions$10.apply(ExpectedConditions.java:290)
	at org.openqa.selenium.support.ui.ExpectedConditions$23.apply(ExpectedConditions.java:660)
	at org.openqa.selenium.support.ui.ExpectedConditions$23.apply(ExpectedConditions.java:656)
	at org.openqa.selenium.support.ui.FluentWait.until(FluentWait.java:208)
	... 27 more
]]></system-err>
  </testcase>
  <testcase name="printProducts" classname="com.mystore.testcases.FlipkartHomeTest" time="42.027">
    <system-out><![CDATA[Driver process found to close
Name: SAMSUNG Galaxy S22 Plus 5G (Phantom Black, 128 GB)
Price: ₹69,999
Link: https://www.flipkart.com/samsung-galaxy-s22-plus-5g-phantom-black-128-gb/p/itm7fd318a27dcd7?pid=MOBGGG2YUGAYANRQ&lid=LSTMOBGGG2YUGAYANRQQF31UI&marketplace=FLIPKART&q=samsung+galaxy+s10+lite+price&store=tyy%2F4io&srno=s_1_17&otracker=AS_QueryStore_OrganicAutoSuggest_2_18_na_na_na&otracker1=AS_QueryStore_OrganicAutoSuggest_2_18_na_na_na&fm=search-autosuggest&iid=f43e56d9-65e0-43d8-a1c5-d2801e16de5b.MOBGGG2YUGAYANRQ.SEARCH&ppt=sp&ppn=sp&ssid=ua5v0318j40000001723032583218&qH=e9ac4d84cd2eb9ab
-----------------------------
Name: SAMSUNG Galaxy S23 FE (Graphite, 256 GB)
Price: ₹38,999
Link: https://www.flipkart.com/samsung-galaxy-s23-fe-graphite-256-gb/p/itm3dd39c0d1ec9c?pid=MOBGVTA2GWPSR57X&lid=LSTMOBGVTA2GWPSR57XIIBGXC&marketplace=FLIPKART&q=samsung+galaxy+s10+lite+price&store=tyy%2F4io&srno=s_1_21&otracker=AS_QueryStore_OrganicAutoSuggest_2_18_na_na_na&otracker1=AS_QueryStore_OrganicAutoSuggest_2_18_na_na_na&fm=search-autosuggest&iid=6ccf761b-c955-4b0b-9c14-fe9ad21f01f3.MOBGVTA2GWPSR57X.SEARCH&ppt=sp&ppn=sp&ssid=i06gk6qzwg0000001723032579310&qH=e9ac4d84cd2eb9ab
-----------------------------
Name: SAMSUNG Galaxy S22 Plus 5G (Green, 256 GB)
Price: ₹88,999
Link: https://www.flipkart.com/samsung-galaxy-s22-plus-5g-green-256-gb/p/itmc442739abe1a1?pid=MOBGGG2YGHC42XMF&lid=LSTMOBGGG2YGHC42XMFCUR4NX&marketplace=FLIPKART&q=samsung+galaxy+s10+lite+price&store=tyy%2F4io&srno=s_1_18&otracker=AS_QueryStore_OrganicAutoSuggest_2_18_na_na_na&otracker1=AS_QueryStore_OrganicAutoSuggest_2_18_na_na_na&fm=search-autosuggest&iid=f43e56d9-65e0-43d8-a1c5-d2801e16de5b.MOBGGG2YGHC42XMF.SEARCH&ppt=sp&ppn=sp&ssid=ua5v0318j40000001723032583218&qH=e9ac4d84cd2eb9ab
-----------------------------
Name: SAMSUNG Galaxy S23 FE (Mint, 256 GB)
Price: ₹38,999
Link: https://www.flipkart.com/samsung-galaxy-s23-fe-mint-256-gb/p/itmdb72279972171?pid=MOBGVTA2R8ZH4G3C&lid=LSTMOBGVTA2R8ZH4G3C8XDOZH&marketplace=FLIPKART&q=samsung+galaxy+s10+lite+price&store=tyy%2F4io&srno=s_1_22&otracker=AS_QueryStore_OrganicAutoSuggest_2_18_na_na_na&otracker1=AS_QueryStore_OrganicAutoSuggest_2_18_na_na_na&fm=search-autosuggest&iid=6ccf761b-c955-4b0b-9c14-fe9ad21f01f3.MOBGVTA2R8ZH4G3C.SEARCH&ppt=sp&ppn=sp&ssid=i06gk6qzwg0000001723032579310&qH=e9ac4d84cd2eb9ab
-----------------------------
Name: SAMSUNG Galaxy S7 (Gold Platinum, 32 GB)
Price: ₹46,000
Link: https://www.flipkart.com/samsung-galaxy-s7-gold-platinum-32-gb/p/itmeuyda4qgqetc6?pid=MOBEGFZPWJHYT7NX&lid=LSTMOBEGFZPWJHYT7NXKNHWSQ&marketplace=FLIPKART&q=samsung+galaxy+s10+lite+price&store=tyy%2F4io&srno=s_1_19&otracker=AS_QueryStore_OrganicAutoSuggest_2_18_na_na_na&otracker1=AS_QueryStore_OrganicAutoSuggest_2_18_na_na_na&fm=search-autosuggest&iid=f43e56d9-65e0-43d8-a1c5-d2801e16de5b.MOBEGFZPWJHYT7NX.SEARCH&ppt=sp&ppn=sp&ssid=ua5v0318j40000001723032583218&qH=e9ac4d84cd2eb9ab
-----------------------------
Name: SAMSUNG Galaxy S23 FE (Purple, 256 GB)
Price: ₹38,999
Link: https://www.flipkart.com/samsung-galaxy-s23-fe-purple-256-gb/p/itm8f6a49271bf21?pid=MOBGVTA2VGHCJFGG&lid=LSTMOBGVTA2VGHCJFGG1TC2LI&marketplace=FLIPKART&q=samsung+galaxy+s10+lite+price&store=tyy%2F4io&srno=s_1_23&otracker=AS_QueryStore_OrganicAutoSuggest_2_18_na_na_na&otracker1=AS_QueryStore_OrganicAutoSuggest_2_18_na_na_na&fm=search-autosuggest&iid=6ccf761b-c955-4b0b-9c14-fe9ad21f01f3.MOBGVTA2VGHCJFGG.SEARCH&ppt=sp&ppn=sp&ssid=i06gk6qzwg0000001723032579310&qH=e9ac4d84cd2eb9ab
-----------------------------
Name: SAMSUNG Galaxy S23 5G (Green, 128 GB)
Price: ₹44,999
Link: https://www.flipkart.com/samsung-galaxy-s23-5g-green-128-gb/p/itm7cdd081996dc8?pid=MOBGNPGYWGZAUZGK&lid=LSTMOBGNPGYWGZAUZGKLQSOT0&marketplace=FLIPKART&q=samsung+galaxy+s10+lite+price&store=tyy%2F4io&srno=s_1_20&otracker=AS_QueryStore_OrganicAutoSuggest_2_18_na_na_na&otracker1=AS_QueryStore_OrganicAutoSuggest_2_18_na_na_na&fm=search-autosuggest&iid=f43e56d9-65e0-43d8-a1c5-d2801e16de5b.MOBGNPGYWGZAUZGK.SEARCH&ppt=sp&ppn=sp&ssid=ua5v0318j40000001723032583218&qH=e9ac4d84cd2eb9ab
-----------------------------
Name: SAMSUNG Galaxy S22 5G (Green, 128 GB)
Price: ₹36,999
Link: https://www.flipkart.com/samsung-galaxy-s22-5g-green-128-gb/p/itm92c75094f3b93?pid=MOBGGG2YKYPWPCNP&lid=LSTMOBGGG2YKYPWPCNPJQJIS6&marketplace=FLIPKART&q=samsung+galaxy+s10+lite+price&store=tyy%2F4io&srno=s_1_24&otracker=AS_QueryStore_OrganicAutoSuggest_2_18_na_na_na&otracker1=AS_QueryStore_OrganicAutoSuggest_2_18_na_na_na&fm=search-autosuggest&iid=6ccf761b-c955-4b0b-9c14-fe9ad21f01f3.MOBGGG2YKYPWPCNP.SEARCH&ppt=sp&ppn=sp&ssid=i06gk6qzwg0000001723032579310&qH=e9ac4d84cd2eb9ab
-----------------------------
]]></system-out>
    <system-err><![CDATA[log4j:WARN No appenders could be found for logger (freemarker.cache).
log4j:WARN Please initialize the log4j system properly.
log4j:WARN See http://logging.apache.org/log4j/1.2/faq.html#noconfig for more info.
]]></system-err>
  </testcase>
  <testcase name="printProducts" classname="com.mystore.testcases.FlipkartHomeTest" time="45.976">
    <system-out><![CDATA[Driver process found to close
Name: SAMSUNG Galaxy S21 FE 5G (Lavender, 128 GB)
Price: ₹39,999
Link: https://www.flipkart.com/samsung-galaxy-s21-fe-5g-lavender-128-gb/p/itm3b094762fb621?pid=MOBGBNBDZJ5Q3RXK&lid=LSTMOBGBNBDZJ5Q3RXKUCNNBS&marketplace=FLIPKART&q=samsung+galaxy+s10+lite+price&store=tyy%2F4io&srno=s_1_21&otracker=AS_QueryStore_OrganicAutoSuggest_2_18_na_na_na&otracker1=AS_QueryStore_OrganicAutoSuggest_2_18_na_na_na&fm=search-autosuggest&iid=f43e56d9-65e0-43d8-a1c5-d2801e16de5b.MOBGBNBDZJ5Q3RXK.SEARCH&ppt=sp&ppn=sp&ssid=ua5v0318j40000001723032583218&qH=e9ac4d84cd2eb9ab
-----------------------------
Name: SAMSUNG Galaxy S23 FE (Purple, 256 GB)
Price: ₹38,999
Link: https://www.flipkart.com/samsung-galaxy-s23-fe-purple-256-gb/p/itm8f6a49271bf21?pid=MOBGVTA2VGHCJFGG&lid=LSTMOBGVTA2VGHCJFGG1TC2LI&marketplace=FLIPKART&q=samsung+galaxy+s10+lite+price&store=tyy%2F4io&srno=s_1_22&otracker=AS_QueryStore_OrganicAutoSuggest_2_18_na_na_na&otracker1=AS_QueryStore_OrganicAutoSuggest_2_18_na_na_na&fm=search-autosuggest&iid=f43e56d9-65e0-43d8-a1c5-d2801e16de5b.MOBGVTA2VGHCJFGG.SEARCH&ppt=sp&ppn=sp&ssid=ua5v0318j40000001723032583218&qH=e9ac4d84cd2eb9ab
-----------------------------
Name: SAMSUNG Galaxy S23 FE (Graphite, 256 GB)
Price: ₹38,999
Link: https://www.flipkart.com/samsung-galaxy-s23-fe-graphite-256-gb/p/itm3dd39c0d1ec9c?pid=MOBGVTA2GWPSR57X&lid=LSTMOBGVTA2GWPSR57XIIBGXC&marketplace=FLIPKART&q=samsung+galaxy+s10+lite+price&store=tyy%2F4io&srno=s_1_23&otracker=AS_QueryStore_OrganicAutoSuggest_2_18_na_na_na&otracker1=AS_QueryStore_OrganicAutoSuggest_2_18_na_na_na&fm=search-autosuggest&iid=f43e56d9-65e0-43d8-a1c5-d2801e16de5b.MOBGVTA2GWPSR57X.SEARCH&ppt=sp&ppn=sp&ssid=ua5v0318j40000001723032583218&qH=e9ac4d84cd2eb9ab
-----------------------------
Name: SAMSUNG Galaxy S23 FE (Mint, 256 GB)
Price: ₹38,999
Link: https://www.flipkart.com/samsung-galaxy-s23-fe-mint-256-gb/p/itmdb72279972171?pid=MOBGVTA2R8ZH4G3C&lid=LSTMOBGVTA2R8ZH4G3C8XDOZH&marketplace=FLIPKART&q=samsung+galaxy+s10+lite+price&store=tyy%2F4io&srno=s_1_24&otracker=AS_QueryStore_OrganicAutoSuggest_2_18_na_na_na&otracker1=AS_QueryStore_OrganicAutoSuggest_2_18_na_na_na&fm=search-autosuggest&iid=f43e56d9-65e0-43d8-a1c5-d2801e16de5b.MOBGVTA2R8ZH4G3C.SEARCH&ppt=sp&ppn=sp&ssid=ua5v0318j40000001723032583218&qH=e9ac4d84cd2eb9ab
-----------------------------
]]></system-out>
  </testcase>
  <testcase name="printProducts" classname="com.mystore.testcases.FlipkartHomeTest" time="0">
    <skipped message="Could not start a new session. Possible causes are invalid address of the remote server or browser start-up failure.&#10;Build info: version: &apos;4.1.0&apos;, revision: &apos;87802e897b&apos;&#10;System info: host: &apos;IBM-RAVISHRANA&apos;, ip: &apos;192.168.29.167&apos;, os.name: &apos;Windows 11&apos;, os.arch: &apos;amd64&apos;, os.version: &apos;10.0&apos;, java.version: &apos;11.0.18&apos;&#10;Driver info: org.openqa.selenium.remote.RemoteWebDriver&#10;Command: [null, newSession {capabilities=[Capabilities {browserName: Chrome, bstack:options: {browser_version: latest, browserstack.selenium_version: 4.4.0, consoleLogs: info, os: Windows, os_version: 10}}], desiredCapabilities=Capabilities {browserName: Chrome, bstack:options: {browser_version: latest, browserstack.selenium_version: 4.4.0, consoleLogs: info, os: Windows, os_version: 10}, name: Parallel Test - Browser : C...}}]&#10;Capabilities {}"/>
  </testcase>
  <testcase name="printProducts" classname="com.mystore.testcases.FlipkartHomeTest" time="48.707">
    <system-out><![CDATA[First try in catch
Second try in catch
First try in catch
Name: SAMSUNG Galaxy S24 Ultra 5G (Titanium Violet, 512 GB)
Price: ₹1,39,999
Link: https://www.flipkart.com/samsung-galaxy-s24-ultra-5g-titanium-violet-512-gb/p/itmb65a445764f10?pid=MOBGX2F3PHGQHXSB&lid=LSTMOBGX2F3PHGQHXSBOO4CVF&marketplace=FLIPKART&q=samsung+galaxy+s10+lite+price&store=tyy%2F4io&srno=s_1_1&otracker=AS_QueryStore_OrganicAutoSuggest_2_18_na_na_na&otracker1=AS_QueryStore_OrganicAutoSuggest_2_18_na_na_na&fm=search-autosuggest&iid=71681c82-e934-40c5-afbd-505afd3b15de.MOBGX2F3PHGQHXSB.SEARCH&ppt=sp&ppn=sp&ssid=bkxrvskbvk0000001723032688235&qH=e9ac4d84cd2eb9ab
-----------------------------
Name: SAMSUNG Galaxy S24 Ultra 5G (Titanium Black, 256 GB)
Price: ₹1,29,999
Link: https://www.flipkart.com/samsung-galaxy-s24-ultra-5g-titanium-black-256-gb/p/itm7d3b6b5d0f501?pid=MOBGX2F3QGZYYZAK&lid=LSTMOBGX2F3QGZYYZAKNETZ3C&marketplace=FLIPKART&q=samsung+galaxy+s10+lite+price&store=tyy%2F4io&srno=s_1_2&otracker=AS_QueryStore_OrganicAutoSuggest_2_18_na_na_na&otracker1=AS_QueryStore_OrganicAutoSuggest_2_18_na_na_na&fm=search-autosuggest&iid=71681c82-e934-40c5-afbd-505afd3b15de.MOBGX2F3QGZYYZAK.SEARCH&ppt=sp&ppn=sp&ssid=bkxrvskbvk0000001723032688235&qH=e9ac4d84cd2eb9ab
-----------------------------
Name: SAMSUNG Galaxy S24 Ultra 5G (Titanium Gray, 256 GB)
Price: ₹1,29,999
Link: https://www.flipkart.com/samsung-galaxy-s24-ultra-5g-titanium-gray-256-gb/p/itm12ef5ea0212ed?pid=MOBGX2F3RQKKKTAW&lid=LSTMOBGX2F3RQKKKTAWKAVWET&marketplace=FLIPKART&q=samsung+galaxy+s10+lite+price&store=tyy%2F4io&srno=s_1_3&otracker=AS_QueryStore_OrganicAutoSuggest_2_18_na_na_na&otracker1=AS_QueryStore_OrganicAutoSuggest_2_18_na_na_na&fm=search-autosuggest&iid=71681c82-e934-40c5-afbd-505afd3b15de.MOBGX2F3RQKKKTAW.SEARCH&ppt=sp&ppn=sp&ssid=bkxrvskbvk0000001723032688235&qH=e9ac4d84cd2eb9ab
-----------------------------
Name: SAMSUNG Galaxy S23 Ultra 5G (Cream, 512 GB)
Price: ₹1,24,999
Link: https://www.flipkart.com/samsung-galaxy-s23-ultra-5g-cream-512-gb/p/itm1db5d333d4ee1?pid=MOBGMFFXEHJGRUXK&lid=LSTMOBGMFFXEHJGRUXKYBVAQY&marketplace=FLIPKART&q=samsung+galaxy+s10+lite+price&store=tyy%2F4io&srno=s_1_4&otracker=AS_QueryStore_OrganicAutoSuggest_2_18_na_na_na&otracker1=AS_QueryStore_OrganicAutoSuggest_2_18_na_na_na&fm=search-autosuggest&iid=71681c82-e934-40c5-afbd-505afd3b15de.MOBGMFFXEHJGRUXK.SEARCH&ppt=sp&ppn=sp&ssid=bkxrvskbvk0000001723032688235&qH=e9ac4d84cd2eb9ab
-----------------------------
Name: SAMSUNG Galaxy S24+ 5G (Onyx Black, 512 GB)
Price: ₹1,04,999
Link: https://www.flipkart.com/samsung-galaxy-s24-5g-onyx-black-512-gb/p/itme2d93d42550ad?pid=MOBGX2F3YAZ6MRCQ&lid=LSTMOBGX2F3YAZ6MRCQFU5NRH&marketplace=FLIPKART&q=samsung+galaxy+s10+lite+price&store=tyy%2F4io&srno=s_1_5&otracker=AS_QueryStore_OrganicAutoSuggest_2_18_na_na_na&otracker1=AS_QueryStore_OrganicAutoSuggest_2_18_na_na_na&fm=search-autosuggest&iid=71681c82-e934-40c5-afbd-505afd3b15de.MOBGX2F3YAZ6MRCQ.SEARCH&ppt=sp&ppn=sp&ssid=bkxrvskbvk0000001723032688235&qH=e9ac4d84cd2eb9ab
-----------------------------
Name: SAMSUNG Galaxy S24+ 5G (Cobalt Violet, 512 GB)
Price: ₹1,04,999
Link: https://www.flipkart.com/samsung-galaxy-s24-5g-cobalt-violet-512-gb/p/itmdbe5ac49590db?pid=MOBGX2F3SN4R8GHF&lid=LSTMOBGX2F3SN4R8GHFUVLXKX&marketplace=FLIPKART&q=samsung+galaxy+s10+lite+price&store=tyy%2F4io&srno=s_1_6&otracker=AS_QueryStore_OrganicAutoSuggest_2_18_na_na_na&otracker1=AS_QueryStore_OrganicAutoSuggest_2_18_na_na_na&fm=search-autosuggest&iid=71681c82-e934-40c5-afbd-505afd3b15de.MOBGX2F3SN4R8GHF.SEARCH&ppt=sp&ppn=sp&ssid=bkxrvskbvk0000001723032688235&qH=e9ac4d84cd2eb9ab
-----------------------------
Name: SAMSUNG Galaxy S24+ 5G (Cobalt Violet, 256 GB)
Price: ₹94,999
Link: https://www.flipkart.com/samsung-galaxy-s24-5g-cobalt-violet-256-gb/p/itm46fc37ddc7255?pid=MOBGX2F3GDX7QYFT&lid=LSTMOBGX2F3GDX7QYFTDDMJ7Z&marketplace=FLIPKART&q=samsung+galaxy+s10+lite+price&store=tyy%2F4io&srno=s_1_7&otracker=AS_QueryStore_OrganicAutoSuggest_2_18_na_na_na&otracker1=AS_QueryStore_OrganicAutoSuggest_2_18_na_na_na&fm=search-autosuggest&iid=71681c82-e934-40c5-afbd-505afd3b15de.MOBGX2F3GDX7QYFT.SEARCH&ppt=sp&ppn=sp&ssid=bkxrvskbvk0000001723032688235&qH=e9ac4d84cd2eb9ab
-----------------------------
Name: SAMSUNG Galaxy S24 5G (Cobalt Violet, 512 GB)
Price: ₹89,999
Link: https://www.flipkart.com/samsung-galaxy-s24-5g-cobalt-violet-512-gb/p/itm0d5ed926087c7?pid=MOBGX2F3V52SBYMZ&lid=LSTMOBGX2F3V52SBYMZKEWTB0&marketplace=FLIPKART&q=samsung+galaxy+s10+lite+price&store=tyy%2F4io&srno=s_1_8&otracker=AS_QueryStore_OrganicAutoSuggest_2_18_na_na_na&otracker1=AS_QueryStore_OrganicAutoSuggest_2_18_na_na_na&fm=search-autosuggest&iid=71681c82-e934-40c5-afbd-505afd3b15de.MOBGX2F3V52SBYMZ.SEARCH&ppt=sp&ppn=sp&ssid=bkxrvskbvk0000001723032688235&qH=e9ac4d84cd2eb9ab
-----------------------------
Name: SAMSUNG Galaxy S24 5G (Onyx Black, 512 GB)
Price: ₹89,999
Link: https://www.flipkart.com/samsung-galaxy-s24-5g-onyx-black-512-gb/p/itm210a5a47ed251?pid=MOBGX2F3FEUH6PKS&lid=LSTMOBGX2F3FEUH6PKSNYKMCU&marketplace=FLIPKART&q=samsung+galaxy+s10+lite+price&store=tyy%2F4io&srno=s_1_9&otracker=AS_QueryStore_OrganicAutoSuggest_2_18_na_na_na&otracker1=AS_QueryStore_OrganicAutoSuggest_2_18_na_na_na&fm=search-autosuggest&iid=71681c82-e934-40c5-afbd-505afd3b15de.MOBGX2F3FEUH6PKS.SEARCH&ppt=sp&ppn=sp&ssid=bkxrvskbvk0000001723032688235&qH=e9ac4d84cd2eb9ab
-----------------------------
Name: SAMSUNG Galaxy S24 5G (Amber Yellow, 512 GB)
Price: ₹89,999
Link: https://www.flipkart.com/samsung-galaxy-s24-5g-amber-yellow-512-gb/p/itm6225fa9b0990b?pid=MOBGX2F3VFMYCHCX&lid=LSTMOBGX2F3VFMYCHCXJQ83UW&marketplace=FLIPKART&q=samsung+galaxy+s10+lite+price&store=tyy%2F4io&srno=s_1_10&otracker=AS_QueryStore_OrganicAutoSuggest_2_18_na_na_na&otracker1=AS_QueryStore_OrganicAutoSuggest_2_18_na_na_na&fm=search-autosuggest&iid=71681c82-e934-40c5-afbd-505afd3b15de.MOBGX2F3VFMYCHCX.SEARCH&ppt=sp&ppn=sp&ssid=bkxrvskbvk0000001723032688235&qH=e9ac4d84cd2eb9ab
-----------------------------
Name: SAMSUNG Galaxy S24 5G (Amber Yellow, 256 GB)
Price: ₹79,999
Link: https://www.flipkart.com/samsung-galaxy-s24-5g-amber-yellow-256-gb/p/itmebc700bb8d159?pid=MOBGX2F3TYAVSQJC&lid=LSTMOBGX2F3TYAVSQJCZEHPSQ&marketplace=FLIPKART&q=samsung+galaxy+s10+lite+price&store=tyy%2F4io&srno=s_1_11&otracker=AS_QueryStore_OrganicAutoSuggest_2_18_na_na_na&otracker1=AS_QueryStore_OrganicAutoSuggest_2_18_na_na_na&fm=search-autosuggest&iid=71681c82-e934-40c5-afbd-505afd3b15de.MOBGX2F3TYAVSQJC.SEARCH&ppt=sp&ppn=sp&ssid=bkxrvskbvk0000001723032688235&qH=e9ac4d84cd2eb9ab
-----------------------------
Name: SAMSUNG Galaxy S24 5G (Cobalt Violet, 256 GB)
Price: ₹79,999
Link: https://www.flipkart.com/samsung-galaxy-s24-5g-cobalt-violet-256-gb/p/itme4c78903b0c9f?pid=MOBGX2F3GNSJZ23R&lid=LSTMOBGX2F3GNSJZ23REJ6ZQ8&marketplace=FLIPKART&q=samsung+galaxy+s10+lite+price&store=tyy%2F4io&srno=s_1_12&otracker=AS_QueryStore_OrganicAutoSuggest_2_18_na_na_na&otracker1=AS_QueryStore_OrganicAutoSuggest_2_18_na_na_na&fm=search-autosuggest&iid=71681c82-e934-40c5-afbd-505afd3b15de.MOBGX2F3GNSJZ23R.SEARCH&ppt=sp&ppn=sp&ssid=bkxrvskbvk0000001723032688235&qH=e9ac4d84cd2eb9ab
-----------------------------
Name: SAMSUNG Galaxy S24 5G (Onyx Black, 256 GB)
Price: ₹79,999
Link: https://www.flipkart.com/samsung-galaxy-s24-5g-onyx-black-256-gb/p/itm0456c01739016?pid=MOBGX2F3ZUBMWBGP&lid=LSTMOBGX2F3ZUBMWBGPME7BYW&marketplace=FLIPKART&q=samsung+galaxy+s10+lite+price&store=tyy%2F4io&srno=s_1_13&otracker=AS_QueryStore_OrganicAutoSuggest_2_18_na_na_na&otracker1=AS_QueryStore_OrganicAutoSuggest_2_18_na_na_na&fm=search-autosuggest&iid=71681c82-e934-40c5-afbd-505afd3b15de.MOBGX2F3ZUBMWBGP.SEARCH&ppt=sp&ppn=sp&ssid=bkxrvskbvk0000001723032688235&qH=e9ac4d84cd2eb9ab
-----------------------------
Name: SAMSUNG Galaxy S24 5G (Amber Yellow, 128 GB)
Price: ₹74,999
Link: https://www.flipkart.com/samsung-galaxy-s24-5g-amber-yellow-128-gb/p/itmc7715e16403d1?pid=MOBHYJ6QMSGJG28G&lid=LSTMOBHYJ6QMSGJG28GKEE5UE&marketplace=FLIPKART&q=samsung+galaxy+s10+lite+price&store=tyy%2F4io&srno=s_1_14&otracker=AS_QueryStore_OrganicAutoSuggest_2_18_na_na_na&otracker1=AS_QueryStore_OrganicAutoSuggest_2_18_na_na_na&fm=search-autosuggest&iid=71681c82-e934-40c5-afbd-505afd3b15de.MOBHYJ6QMSGJG28G.SEARCH&ppt=sp&ppn=sp&ssid=bkxrvskbvk0000001723032688235&qH=e9ac4d84cd2eb9ab
-----------------------------
Name: SAMSUNG Galaxy S24 5G (Cobalt Violet, 128 GB)
Price: ₹74,999
Link: https://www.flipkart.com/samsung-galaxy-s24-5g-cobalt-violet-128-gb/p/itma2ec54ed01030?pid=MOBHYJ6Q3ZAFJTF7&lid=LSTMOBHYJ6Q3ZAFJTF7GUPLRR&marketplace=FLIPKART&q=samsung+galaxy+s10+lite+price&store=tyy%2F4io&srno=s_1_15&otracker=AS_QueryStore_OrganicAutoSuggest_2_18_na_na_na&otracker1=AS_QueryStore_OrganicAutoSuggest_2_18_na_na_na&fm=search-autosuggest&iid=71681c82-e934-40c5-afbd-505afd3b15de.MOBHYJ6Q3ZAFJTF7.SEARCH&ppt=sp&ppn=sp&ssid=bkxrvskbvk0000001723032688235&qH=e9ac4d84cd2eb9ab
-----------------------------
Name: SAMSUNG Galaxy S24 5G (Marble Gray, 128 GB)
Price: ₹70,999
Link: https://www.flipkart.com/samsung-galaxy-s24-5g-marble-gray-128-gb/p/itmd5309d6e0a151?pid=MOBHYJ6QZP2UA4X9&lid=LSTMOBHYJ6QZP2UA4X90LSJBH&marketplace=FLIPKART&q=samsung+galaxy+s10+lite+price&store=tyy%2F4io&srno=s_1_16&otracker=AS_QueryStore_OrganicAutoSuggest_2_18_na_na_na&otracker1=AS_QueryStore_OrganicAutoSuggest_2_18_na_na_na&fm=search-autosuggest&iid=71681c82-e934-40c5-afbd-505afd3b15de.MOBHYJ6QZP2UA4X9.SEARCH&ppt=sp&ppn=sp&ssid=bkxrvskbvk0000001723032688235&qH=e9ac4d84cd2eb9ab
-----------------------------
Name: SAMSUNG Galaxy S22 Plus 5G (Phantom Black, 128 GB)
Price: ₹69,999
Link: https://www.flipkart.com/samsung-galaxy-s22-plus-5g-phantom-black-128-gb/p/itm7fd318a27dcd7?pid=MOBGGG2YUGAYANRQ&lid=LSTMOBGGG2YUGAYANRQQF31UI&marketplace=FLIPKART&q=samsung+galaxy+s10+lite+price&store=tyy%2F4io&srno=s_1_17&otracker=AS_QueryStore_OrganicAutoSuggest_2_18_na_na_na&otracker1=AS_QueryStore_OrganicAutoSuggest_2_18_na_na_na&fm=search-autosuggest&iid=71681c82-e934-40c5-afbd-505afd3b15de.MOBGGG2YUGAYANRQ.SEARCH&ppt=sp&ppn=sp&ssid=bkxrvskbvk0000001723032688235&qH=e9ac4d84cd2eb9ab
-----------------------------
Name: SAMSUNG Galaxy S22 Plus 5G (Green, 256 GB)
Price: ₹88,999
Link: https://www.flipkart.com/samsung-galaxy-s22-plus-5g-green-256-gb/p/itmc442739abe1a1?pid=MOBGGG2YGHC42XMF&lid=LSTMOBGGG2YGHC42XMFCUR4NX&marketplace=FLIPKART&q=samsung+galaxy+s10+lite+price&store=tyy%2F4io&srno=s_1_18&otracker=AS_QueryStore_OrganicAutoSuggest_2_18_na_na_na&otracker1=AS_QueryStore_OrganicAutoSuggest_2_18_na_na_na&fm=search-autosuggest&iid=71681c82-e934-40c5-afbd-505afd3b15de.MOBGGG2YGHC42XMF.SEARCH&ppt=sp&ppn=sp&ssid=bkxrvskbvk0000001723032688235&qH=e9ac4d84cd2eb9ab
-----------------------------
Name: SAMSUNG Galaxy S7 (Gold Platinum, 32 GB)
Price: ₹46,000
Link: https://www.flipkart.com/samsung-galaxy-s7-gold-platinum-32-gb/p/itmeuyda4qgqetc6?pid=MOBEGFZPWJHYT7NX&lid=LSTMOBEGFZPWJHYT7NXKNHWSQ&marketplace=FLIPKART&q=samsung+galaxy+s10+lite+price&store=tyy%2F4io&srno=s_1_19&otracker=AS_QueryStore_OrganicAutoSuggest_2_18_na_na_na&otracker1=AS_QueryStore_OrganicAutoSuggest_2_18_na_na_na&fm=search-autosuggest&iid=71681c82-e934-40c5-afbd-505afd3b15de.MOBEGFZPWJHYT7NX.SEARCH&ppt=sp&ppn=sp&ssid=bkxrvskbvk0000001723032688235&qH=e9ac4d84cd2eb9ab
-----------------------------
Name: SAMSUNG Galaxy S23 5G (Green, 128 GB)
Price: ₹44,999
Link: https://www.flipkart.com/samsung-galaxy-s23-5g-green-128-gb/p/itm7cdd081996dc8?pid=MOBGNPGYWGZAUZGK&lid=LSTMOBGNPGYWGZAUZGKLQSOT0&marketplace=FLIPKART&q=samsung+galaxy+s10+lite+price&store=tyy%2F4io&srno=s_1_20&otracker=AS_QueryStore_OrganicAutoSuggest_2_18_na_na_na&otracker1=AS_QueryStore_OrganicAutoSuggest_2_18_na_na_na&fm=search-autosuggest&iid=71681c82-e934-40c5-afbd-505afd3b15de.MOBGNPGYWGZAUZGK.SEARCH&ppt=sp&ppn=sp&ssid=bkxrvskbvk0000001723032688235&qH=e9ac4d84cd2eb9ab
-----------------------------
Name: SAMSUNG Galaxy S21 FE 5G (Lavender, 128 GB)
Price: ₹39,999
Link: https://www.flipkart.com/samsung-galaxy-s21-fe-5g-lavender-128-gb/p/itm3b094762fb621?pid=MOBGBNBDZJ5Q3RXK&lid=LSTMOBGBNBDZJ5Q3RXKUCNNBS&marketplace=FLIPKART&q=samsung+galaxy+s10+lite+price&store=tyy%2F4io&srno=s_1_21&otracker=AS_QueryStore_OrganicAutoSuggest_2_18_na_na_na&otracker1=AS_QueryStore_OrganicAutoSuggest_2_18_na_na_na&fm=search-autosuggest&iid=71681c82-e934-40c5-afbd-505afd3b15de.MOBGBNBDZJ5Q3RXK.SEARCH&ppt=sp&ppn=sp&ssid=bkxrvskbvk0000001723032688235&qH=e9ac4d84cd2eb9ab
-----------------------------
Name: SAMSUNG Galaxy S23 FE (Purple, 256 GB)
Price: ₹38,999
Link: https://www.flipkart.com/samsung-galaxy-s23-fe-purple-256-gb/p/itm8f6a49271bf21?pid=MOBGVTA2VGHCJFGG&lid=LSTMOBGVTA2VGHCJFGG1TC2LI&marketplace=FLIPKART&q=samsung+galaxy+s10+lite+price&store=tyy%2F4io&srno=s_1_22&otracker=AS_QueryStore_OrganicAutoSuggest_2_18_na_na_na&otracker1=AS_QueryStore_OrganicAutoSuggest_2_18_na_na_na&fm=search-autosuggest&iid=71681c82-e934-40c5-afbd-505afd3b15de.MOBGVTA2VGHCJFGG.SEARCH&ppt=sp&ppn=sp&ssid=bkxrvskbvk0000001723032688235&qH=e9ac4d84cd2eb9ab
-----------------------------
Name: SAMSUNG Galaxy S23 FE (Graphite, 256 GB)
Price: ₹38,999
Link: https://www.flipkart.com/samsung-galaxy-s23-fe-graphite-256-gb/p/itm3dd39c0d1ec9c?pid=MOBGVTA2GWPSR57X&lid=LSTMOBGVTA2GWPSR57XIIBGXC&marketplace=FLIPKART&q=samsung+galaxy+s10+lite+price&store=tyy%2F4io&srno=s_1_23&otracker=AS_QueryStore_OrganicAutoSuggest_2_18_na_na_na&otracker1=AS_QueryStore_OrganicAutoSuggest_2_18_na_na_na&fm=search-autosuggest&iid=71681c82-e934-40c5-afbd-505afd3b15de.MOBGVTA2GWPSR57X.SEARCH&ppt=sp&ppn=sp&ssid=bkxrvskbvk0000001723032688235&qH=e9ac4d84cd2eb9ab
-----------------------------
Name: SAMSUNG Galaxy S23 FE (Mint, 256 GB)
Price: ₹38,999
Link: https://www.flipkart.com/samsung-galaxy-s23-fe-mint-256-gb/p/itmdb72279972171?pid=MOBGVTA2R8ZH4G3C&lid=LSTMOBGVTA2R8ZH4G3C8XDOZH&marketplace=FLIPKART&q=samsung+galaxy+s10+lite+price&store=tyy%2F4io&srno=s_1_24&otracker=AS_QueryStore_OrganicAutoSuggest_2_18_na_na_na&otracker1=AS_QueryStore_OrganicAutoSuggest_2_18_na_na_na&fm=search-autosuggest&iid=71681c82-e934-40c5-afbd-505afd3b15de.MOBGVTA2R8ZH4G3C.SEARCH&ppt=sp&ppn=sp&ssid=bkxrvskbvk0000001723032688235&qH=e9ac4d84cd2eb9ab
-----------------------------
]]></system-out>
  </testcase>
  <testcase name="launchAppBrowserStack[Windows, 10, Chrome, latest](0)" classname="com.mystore.testcases.FlipkartHomeTest" time="33.543">
    <failure message="Could not start a new session. Possible causes are invalid address of the remote server or browser start-up failure.&#10;Build info: version: &apos;4.1.0&apos;, revision: &apos;87802e897b&apos;&#10;System info: host: &apos;IBM-RAVISHRANA&apos;, ip: &apos;192.168.29.167&apos;, os.name: &apos;Windows 11&apos;, os.arch: &apos;amd64&apos;, os.version: &apos;10.0&apos;, java.version: &apos;11.0.18&apos;&#10;Driver info: org.openqa.selenium.remote.RemoteWebDriver&#10;Command: [null, newSession {capabilities=[Capabilities {browserName: Chrome, bstack:options: {browser_version: latest, browserstack.selenium_version: 4.4.0, consoleLogs: info, os: Windows, os_version: 10}}], desiredCapabilities=Capabilities {browserName: Chrome, bstack:options: {browser_version: latest, browserstack.selenium_version: 4.4.0, consoleLogs: info, os: Windows, os_version: 10}, name: Parallel Test - Browser : C...}}]&#10;Capabilities {}" type="org.openqa.selenium.SessionNotCreatedException"><![CDATA[org.openqa.selenium.SessionNotCreatedException: 
Could not start a new session. Possible causes are invalid address of the remote server or browser start-up failure.
Build info: version: '4.1.0', revision: '87802e897b'
System info: host: 'IBM-RAVISHRANA', ip: '192.168.29.167', os.name: 'Windows 11', os.arch: 'amd64', os.version: '10.0', java.version: '11.0.18'
Driver info: org.openqa.selenium.remote.RemoteWebDriver
Command: [null, newSession {capabilities=[Capabilities {browserName: Chrome, bstack:options: {browser_version: latest, browserstack.selenium_version: 4.4.0, consoleLogs: info, os: Windows, os_version: 10}}], desiredCapabilities=Capabilities {browserName: Chrome, bstack:options: {browser_version: latest, browserstack.selenium_version: 4.4.0, consoleLogs: info, os: Windows, os_version: 10}, name: Parallel Test - Browser : C...}}]
Capabilities {}
Caused by: java.lang.RuntimeException: NettyHttpHandler request execution error
Caused by: java.util.concurrent.ExecutionException: java.util.concurrent.TimeoutException: Request timeout to v9v7j6fv-hub.browserstack-ats.com/44.214.86.103:443 after 180000 ms
Caused by: java.util.concurrent.TimeoutException: Request timeout to v9v7j6fv-hub.browserstack-ats.com/44.214.86.103:443 after 180000 ms
]]></failure>
    <system-out><![CDATA[Driver process found to close
RemoteWebDriver: MicrosoftEdge on WINDOWS (630db60d-e34a-4aba-889f-393782c46a1b) BrowserStack driver has been instantiated. 
4089A2FDBD70D2DE04CD828CE2AADD44
First try in catch
Second try in catch
]]></system-out>
    <system-err><![CDATA[Aug 07, 2024 5:41:06 PM org.openqa.selenium.remote.ProtocolHandshake createSession
INFO: Detected dialect: W3C
]]></system-err>
  </testcase>
  <testcase name="quitDriver" classname="com.mystore.testcases.FlipkartHomeTest" time="0.004">
    <failure message="Driver instance is not closed." type="java.lang.AssertionError"><![CDATA[java.lang.AssertionError: Driver instance is not closed.
]]></failure>
  </testcase>
</testsuite>