<?xml version="1.0" encoding="UTF-8"?>
<testsuite xmlns:xsi="http://www.w3.org/2001/XMLSchema-instance" xsi:noNamespaceSchemaLocation="https://maven.apache.org/surefire/maven-surefire-plugin/xsd/surefire-test-report-3.0.xsd" version="3.0" name="TestSuite" time="128.45" tests="3" errors="0" skipped="0" failures="2">
  <properties>
    <property name="sun.desktop" value="windows"/>
    <property name="awt.toolkit" value="sun.awt.windows.WToolkit"/>
    <property name="java.specification.version" value="11"/>
    <property name="sun.cpu.isalist" value="amd64"/>
    <property name="sun.jnu.encoding" value="Cp1252"/>
    <property name="java.class.path" value="C:\Users\ravish.rana\GIT\FrameWork_Ravish\target\test-classes;C:\Users\ravish.rana\GIT\FrameWork_Ravish\target\classes;C:\Users\ravish.rana\.m2\repository\junit\junit\4.11\junit-4.11.jar;C:\Users\ravish.rana\.m2\repository\org\hamcrest\hamcrest-core\1.3\hamcrest-core-1.3.jar;C:\Users\ravish.rana\.m2\repository\org\seleniumhq\selenium\selenium-java\4.4.0\selenium-java-4.4.0.jar;C:\Users\ravish.rana\.m2\repository\org\seleniumhq\selenium\selenium-api\4.4.0\selenium-api-4.4.0.jar;C:\Users\ravish.rana\.m2\repository\org\seleniumhq\selenium\selenium-chrome-driver\4.4.0\selenium-chrome-driver-4.4.0.jar;C:\Users\ravish.rana\.m2\repository\com\google\auto\service\auto-service-annotations\1.0.1\auto-service-annotations-1.0.1.jar;C:\Users\ravish.rana\.m2\repository\com\google\auto\service\auto-service\1.0.1\auto-service-1.0.1.jar;C:\Users\ravish.rana\.m2\repository\com\google\auto\auto-common\1.2\auto-common-1.2.jar;C:\Users\ravish.rana\.m2\repository\com\google\guava\guava\31.1-jre\guava-31.1-jre.jar;C:\Users\ravish.rana\.m2\repository\com\google\guava\failureaccess\1.0.1\failureaccess-1.0.1.jar;C:\Users\ravish.rana\.m2\repository\com\google\guava\listenablefuture\9999.0-empty-to-avoid-conflict-with-guava\listenablefuture-9999.0-empty-to-avoid-conflict-with-guava.jar;C:\Users\ravish.rana\.m2\repository\com\google\code\findbugs\jsr305\3.0.2\jsr305-3.0.2.jar;C:\Users\ravish.rana\.m2\repository\org\checkerframework\checker-qual\3.12.0\checker-qual-3.12.0.jar;C:\Users\ravish.rana\.m2\repository\com\google\errorprone\error_prone_annotations\2.11.0\error_prone_annotations-2.11.0.jar;C:\Users\ravish.rana\.m2\repository\com\google\j2objc\j2objc-annotations\1.3\j2objc-annotations-1.3.jar;C:\Users\ravish.rana\.m2\repository\org\seleniumhq\selenium\selenium-chromium-driver\4.4.0\selenium-chromium-driver-4.4.0.jar;C:\Users\ravish.rana\.m2\repository\org\seleniumhq\selenium\selenium-json\4.4.0\selenium-json-4.4.0.jar;C:\Users\ravish.rana\.m2\repository\org\seleniumhq\selenium\selenium-devtools-v102\4.4.0\selenium-devtools-v102-4.4.0.jar;C:\Users\ravish.rana\.m2\repository\org\seleniumhq\selenium\selenium-devtools-v103\4.4.0\selenium-devtools-v103-4.4.0.jar;C:\Users\ravish.rana\.m2\repository\org\seleniumhq\selenium\selenium-devtools-v104\4.4.0\selenium-devtools-v104-4.4.0.jar;C:\Users\ravish.rana\.m2\repository\org\seleniumhq\selenium\selenium-devtools-v85\4.4.0\selenium-devtools-v85-4.4.0.jar;C:\Users\ravish.rana\.m2\repository\org\seleniumhq\selenium\selenium-edge-driver\4.4.0\selenium-edge-driver-4.4.0.jar;C:\Users\ravish.rana\.m2\repository\org\seleniumhq\selenium\selenium-firefox-driver\4.4.0\selenium-firefox-driver-4.4.0.jar;C:\Users\ravish.rana\.m2\repository\org\seleniumhq\selenium\selenium-ie-driver\4.4.0\selenium-ie-driver-4.4.0.jar;C:\Users\ravish.rana\.m2\repository\org\seleniumhq\selenium\selenium-opera-driver\4.4.0\selenium-opera-driver-4.4.0.jar;C:\Users\ravish.rana\.m2\repository\org\seleniumhq\selenium\selenium-remote-driver\4.4.0\selenium-remote-driver-4.4.0.jar;C:\Users\ravish.rana\.m2\repository\io\netty\netty-buffer\4.1.78.Final\netty-buffer-4.1.78.Final.jar;C:\Users\ravish.rana\.m2\repository\io\netty\netty-codec-http\4.1.78.Final\netty-codec-http-4.1.78.Final.jar;C:\Users\ravish.rana\.m2\repository\io\netty\netty-codec\4.1.78.Final\netty-codec-4.1.78.Final.jar;C:\Users\ravish.rana\.m2\repository\io\netty\netty-handler\4.1.78.Final\netty-handler-4.1.78.Final.jar;C:\Users\ravish.rana\.m2\repository\io\netty\netty-common\4.1.78.Final\netty-common-4.1.78.Final.jar;C:\Users\ravish.rana\.m2\repository\io\netty\netty-transport-classes-epoll\4.1.78.Final\netty-transport-classes-epoll-4.1.78.Final.jar;C:\Users\ravish.rana\.m2\repository\io\netty\netty-transport-classes-kqueue\4.1.78.Final\netty-transport-classes-kqueue-4.1.78.Final.jar;C:\Users\ravish.rana\.m2\repository\io\netty\netty-transport-native-epoll\4.1.78.Final\netty-transport-native-epoll-4.1.78.Final.jar;C:\Users\ravish.rana\.m2\repository\io\netty\netty-transport-native-kqueue\4.1.78.Final\netty-transport-native-kqueue-4.1.78.Final.jar;C:\Users\ravish.rana\.m2\repository\io\netty\netty-transport-native-unix-common\4.1.78.Final\netty-transport-native-unix-common-4.1.78.Final.jar;C:\Users\ravish.rana\.m2\repository\io\netty\netty-transport\4.1.78.Final\netty-transport-4.1.78.Final.jar;C:\Users\ravish.rana\.m2\repository\io\netty\netty-resolver\4.1.78.Final\netty-resolver-4.1.78.Final.jar;C:\Users\ravish.rana\.m2\repository\io\opentelemetry\opentelemetry-api\1.16.0\opentelemetry-api-1.16.0.jar;C:\Users\ravish.rana\.m2\repository\io\opentelemetry\opentelemetry-context\1.16.0\opentelemetry-context-1.16.0.jar;C:\Users\ravish.rana\.m2\repository\io\opentelemetry\opentelemetry-exporter-logging\1.16.0\opentelemetry-exporter-logging-1.16.0.jar;C:\Users\ravish.rana\.m2\repository\io\opentelemetry\opentelemetry-sdk-metrics\1.16.0\opentelemetry-sdk-metrics-1.16.0.jar;C:\Users\ravish.rana\.m2\repository\io\opentelemetry\opentelemetry-sdk-logs\1.16.0-alpha\opentelemetry-sdk-logs-1.16.0-alpha.jar;C:\Users\ravish.rana\.m2\repository\io\opentelemetry\opentelemetry-sdk-common\1.16.0\opentelemetry-sdk-common-1.16.0.jar;C:\Users\ravish.rana\.m2\repository\io\opentelemetry\opentelemetry-sdk-extension-autoconfigure-spi\1.16.0\opentelemetry-sdk-extension-autoconfigure-spi-1.16.0.jar;C:\Users\ravish.rana\.m2\repository\io\opentelemetry\opentelemetry-sdk-extension-autoconfigure\1.16.0-alpha\opentelemetry-sdk-extension-autoconfigure-1.16.0-alpha.jar;C:\Users\ravish.rana\.m2\repository\io\opentelemetry\opentelemetry-sdk-trace\1.16.0\opentelemetry-sdk-trace-1.16.0.jar;C:\Users\ravish.rana\.m2\repository\io\opentelemetry\opentelemetry-sdk\1.16.0\opentelemetry-sdk-1.16.0.jar;C:\Users\ravish.rana\.m2\repository\io\opentelemetry\opentelemetry-semconv\1.16.0-alpha\opentelemetry-semconv-1.16.0-alpha.jar;C:\Users\ravish.rana\.m2\repository\io\ous\jtoml\2.0.0\jtoml-2.0.0.jar;C:\Users\ravish.rana\.m2\repository\net\bytebuddy\byte-buddy\1.12.10\byte-buddy-1.12.10.jar;C:\Users\ravish.rana\.m2\repository\org\apache\commons\commons-exec\1.3\commons-exec-1.3.jar;C:\Users\ravish.rana\.m2\repository\org\asynchttpclient\async-http-client\2.12.3\async-http-client-2.12.3.jar;C:\Users\ravish.rana\.m2\repository\org\asynchttpclient\async-http-client-netty-utils\2.12.3\async-http-client-netty-utils-2.12.3.jar;C:\Users\ravish.rana\.m2\repository\io\netty\netty-codec-socks\4.1.60.Final\netty-codec-socks-4.1.60.Final.jar;C:\Users\ravish.rana\.m2\repository\io\netty\netty-handler-proxy\4.1.60.Final\netty-handler-proxy-4.1.60.Final.jar;C:\Users\ravish.rana\.m2\repository\io\netty\netty-transport-native-epoll\4.1.60.Final\netty-transport-native-epoll-4.1.60.Final-linux-x86_64.jar;C:\Users\ravish.rana\.m2\repository\io\netty\netty-transport-native-kqueue\4.1.60.Final\netty-transport-native-kqueue-4.1.60.Final-osx-x86_64.jar;C:\Users\ravish.rana\.m2\repository\com\typesafe\netty\netty-reactive-streams\2.0.4\netty-reactive-streams-2.0.4.jar;C:\Users\ravish.rana\.m2\repository\com\sun\activation\jakarta.activation\1.2.2\jakarta.activation-1.2.2.jar;C:\Users\ravish.rana\.m2\repository\org\seleniumhq\selenium\selenium-http\4.4.0\selenium-http-4.4.0.jar;C:\Users\ravish.rana\.m2\repository\dev\failsafe\failsafe\3.2.4\failsafe-3.2.4.jar;C:\Users\ravish.rana\.m2\repository\org\seleniumhq\selenium\selenium-safari-driver\4.4.0\selenium-safari-driver-4.4.0.jar;C:\Users\ravish.rana\.m2\repository\org\seleniumhq\selenium\selenium-support\4.4.0\selenium-support-4.4.0.jar;C:\Users\ravish.rana\.m2\repository\org\apache\poi\poi-ooxml\5.2.1\poi-ooxml-5.2.1.jar;C:\Users\ravish.rana\.m2\repository\org\apache\poi\poi-ooxml-lite\5.2.1\poi-ooxml-lite-5.2.1.jar;C:\Users\ravish.rana\.m2\repository\org\apache\xmlbeans\xmlbeans\5.0.3\xmlbeans-5.0.3.jar;C:\Users\ravish.rana\.m2\repository\org\apache\commons\commons-compress\1.21\commons-compress-1.21.jar;C:\Users\ravish.rana\.m2\repository\com\github\virtuald\curvesapi\1.07\curvesapi-1.07.jar;C:\Users\ravish.rana\.m2\repository\org\apache\logging\log4j\log4j-api\2.17.1\log4j-api-2.17.1.jar;C:\Users\ravish.rana\.m2\repository\org\apache\commons\commons-collections4\4.4\commons-collections4-4.4.jar;C:\Users\ravish.rana\.m2\repository\com\aventstack\extentreports\5.0.9\extentreports-5.0.9.jar;C:\Users\ravish.rana\.m2\repository\io\reactivex\rxjava3\rxjava\3.0.4\rxjava-3.0.4.jar;C:\Users\ravish.rana\.m2\repository\org\reactivestreams\reactive-streams\1.0.3\reactive-streams-1.0.3.jar;C:\Users\ravish.rana\.m2\repository\org\freemarker\freemarker\2.3.30\freemarker-2.3.30.jar;C:\Users\ravish.rana\.m2\repository\org\projectlombok\lombok\1.18.12\lombok-1.18.12.jar;C:\Users\ravish.rana\.m2\repository\com\google\code\gson\gson\2.8.6\gson-2.8.6.jar;C:\Users\ravish.rana\.m2\repository\commons-io\commons-io\2.11.0\commons-io-2.11.0.jar;C:\Users\ravish.rana\.m2\repository\io\github\bonigarcia\webdrivermanager\5.8.0\webdrivermanager-5.8.0.jar;C:\Users\ravish.rana\.m2\repository\org\slf4j\slf4j-api\2.0.12\slf4j-api-2.0.12.jar;C:\Users\ravish.rana\.m2\repository\com\github\docker-java\docker-java\3.3.6\docker-java-3.3.6.jar;C:\Users\ravish.rana\.m2\repository\com\github\docker-java\docker-java-core\3.3.6\docker-java-core-3.3.6.jar;C:\Users\ravish.rana\.m2\repository\com\github\docker-java\docker-java-api\3.3.6\docker-java-api-3.3.6.jar;C:\Users\ravish.rana\.m2\repository\com\fasterxml\jackson\core\jackson-annotations\2.10.3\jackson-annotations-2.10.3.jar;C:\Users\ravish.rana\.m2\repository\com\fasterxml\jackson\core\jackson-databind\2.10.3\jackson-databind-2.10.3.jar;C:\Users\ravish.rana\.m2\repository\com\fasterxml\jackson\core\jackson-core\2.10.3\jackson-core-2.10.3.jar;C:\Users\ravish.rana\.m2\repository\org\bouncycastle\bcpkix-jdk18on\1.76\bcpkix-jdk18on-1.76.jar;C:\Users\ravish.rana\.m2\repository\org\bouncycastle\bcprov-jdk18on\1.76\bcprov-jdk18on-1.76.jar;C:\Users\ravish.rana\.m2\repository\org\bouncycastle\bcutil-jdk18on\1.76\bcutil-jdk18on-1.76.jar;C:\Users\ravish.rana\.m2\repository\org\slf4j\jcl-over-slf4j\1.7.30\jcl-over-slf4j-1.7.30.jar;C:\Users\ravish.rana\.m2\repository\com\github\docker-java\docker-java-transport-httpclient5\3.3.6\docker-java-transport-httpclient5-3.3.6.jar;C:\Users\ravish.rana\.m2\repository\com\github\docker-java\docker-java-transport\3.3.6\docker-java-transport-3.3.6.jar;C:\Users\ravish.rana\.m2\repository\net\java\dev\jna\jna\5.13.0\jna-5.13.0.jar;C:\Users\ravish.rana\.m2\repository\org\brotli\dec\0.1.2\dec-0.1.2.jar;C:\Users\ravish.rana\.m2\repository\org\apache\commons\commons-lang3\3.14.0\commons-lang3-3.14.0.jar;C:\Users\ravish.rana\.m2\repository\org\apache\httpcomponents\client5\httpclient5\5.2.1\httpclient5-5.2.1.jar;C:\Users\ravish.rana\.m2\repository\org\apache\httpcomponents\core5\httpcore5\5.2\httpcore5-5.2.jar;C:\Users\ravish.rana\.m2\repository\org\apache\httpcomponents\core5\httpcore5-h2\5.2\httpcore5-h2-5.2.jar;C:\Users\ravish.rana\.m2\repository\com\github\2gis\winium\winium-webdriver\0.1.0-1\winium-webdriver-0.1.0-1.jar;C:\Users\ravish.rana\.m2\repository\log4j\log4j\1.2.17\log4j-1.2.17.jar;C:\Users\ravish.rana\.m2\repository\org\apache\poi\poi\5.1.0\poi-5.1.0.jar;C:\Users\ravish.rana\.m2\repository\commons-codec\commons-codec\1.15\commons-codec-1.15.jar;C:\Users\ravish.rana\.m2\repository\org\apache\commons\commons-math3\3.6.1\commons-math3-3.6.1.jar;C:\Users\ravish.rana\.m2\repository\com\zaxxer\SparseBitSet\1.2\SparseBitSet-1.2.jar;C:\Users\ravish.rana\.m2\repository\org\testng\testng\7.4.0\testng-7.4.0.jar;C:\Users\ravish.rana\.m2\repository\com\beust\jcommander\1.78\jcommander-1.78.jar;C:\Users\ravish.rana\.m2\repository\org\webjars\jquery\3.5.1\jquery-3.5.1.jar;C:\Users\ravish.rana\.m2\repository\com\browserstack\browserstack-java-sdk\1.20.2\browserstack-java-sdk-1.20.2.jar;"/>
    <property name="java.vm.vendor" value="Oracle Corporation"/>
    <property name="sun.arch.data.model" value="64"/>
    <property name="user.variant" value=""/>
    <property name="java.vendor.url" value="https://openjdk.java.net/"/>
    <property name="user.timezone" value="Asia/Calcutta"/>
    <property name="java.vm.specification.version" value="11"/>
    <property name="os.name" value="Windows 11"/>
    <property name="sun.java.launcher" value="SUN_STANDARD"/>
    <property name="user.country" value="IN"/>
    <property name="sun.boot.library.path" value="C:\Program Files\Java\jdk-11\bin"/>
    <property name="sun.java.command" value="C:\Users\ravish.rana\AppData\Local\Temp\surefire17329957939838652772\surefirebooter11885884815809528756.jar C:\Users\ravish.rana\AppData\Local\Temp\surefire17329957939838652772 2024-08-06T18-00-28_668-jvmRun1 surefire437206465236071518tmp surefire_013882109323646449730tmp"/>
    <property name="jdk.debug" value="release"/>
    <property name="surefire.test.class.path" value="C:\Users\ravish.rana\GIT\FrameWork_Ravish\target\test-classes;C:\Users\ravish.rana\GIT\FrameWork_Ravish\target\classes;C:\Users\ravish.rana\.m2\repository\junit\junit\4.11\junit-4.11.jar;C:\Users\ravish.rana\.m2\repository\org\hamcrest\hamcrest-core\1.3\hamcrest-core-1.3.jar;C:\Users\ravish.rana\.m2\repository\org\seleniumhq\selenium\selenium-java\4.4.0\selenium-java-4.4.0.jar;C:\Users\ravish.rana\.m2\repository\org\seleniumhq\selenium\selenium-api\4.4.0\selenium-api-4.4.0.jar;C:\Users\ravish.rana\.m2\repository\org\seleniumhq\selenium\selenium-chrome-driver\4.4.0\selenium-chrome-driver-4.4.0.jar;C:\Users\ravish.rana\.m2\repository\com\google\auto\service\auto-service-annotations\1.0.1\auto-service-annotations-1.0.1.jar;C:\Users\ravish.rana\.m2\repository\com\google\auto\service\auto-service\1.0.1\auto-service-1.0.1.jar;C:\Users\ravish.rana\.m2\repository\com\google\auto\auto-common\1.2\auto-common-1.2.jar;C:\Users\ravish.rana\.m2\repository\com\google\guava\guava\31.1-jre\guava-31.1-jre.jar;C:\Users\ravish.rana\.m2\repository\com\google\guava\failureaccess\1.0.1\failureaccess-1.0.1.jar;C:\Users\ravish.rana\.m2\repository\com\google\guava\listenablefuture\9999.0-empty-to-avoid-conflict-with-guava\listenablefuture-9999.0-empty-to-avoid-conflict-with-guava.jar;C:\Users\ravish.rana\.m2\repository\com\google\code\findbugs\jsr305\3.0.2\jsr305-3.0.2.jar;C:\Users\ravish.rana\.m2\repository\org\checkerframework\checker-qual\3.12.0\checker-qual-3.12.0.jar;C:\Users\ravish.rana\.m2\repository\com\google\errorprone\error_prone_annotations\2.11.0\error_prone_annotations-2.11.0.jar;C:\Users\ravish.rana\.m2\repository\com\google\j2objc\j2objc-annotations\1.3\j2objc-annotations-1.3.jar;C:\Users\ravish.rana\.m2\repository\org\seleniumhq\selenium\selenium-chromium-driver\4.4.0\selenium-chromium-driver-4.4.0.jar;C:\Users\ravish.rana\.m2\repository\org\seleniumhq\selenium\selenium-json\4.4.0\selenium-json-4.4.0.jar;C:\Users\ravish.rana\.m2\repository\org\seleniumhq\selenium\selenium-devtools-v102\4.4.0\selenium-devtools-v102-4.4.0.jar;C:\Users\ravish.rana\.m2\repository\org\seleniumhq\selenium\selenium-devtools-v103\4.4.0\selenium-devtools-v103-4.4.0.jar;C:\Users\ravish.rana\.m2\repository\org\seleniumhq\selenium\selenium-devtools-v104\4.4.0\selenium-devtools-v104-4.4.0.jar;C:\Users\ravish.rana\.m2\repository\org\seleniumhq\selenium\selenium-devtools-v85\4.4.0\selenium-devtools-v85-4.4.0.jar;C:\Users\ravish.rana\.m2\repository\org\seleniumhq\selenium\selenium-edge-driver\4.4.0\selenium-edge-driver-4.4.0.jar;C:\Users\ravish.rana\.m2\repository\org\seleniumhq\selenium\selenium-firefox-driver\4.4.0\selenium-firefox-driver-4.4.0.jar;C:\Users\ravish.rana\.m2\repository\org\seleniumhq\selenium\selenium-ie-driver\4.4.0\selenium-ie-driver-4.4.0.jar;C:\Users\ravish.rana\.m2\repository\org\seleniumhq\selenium\selenium-opera-driver\4.4.0\selenium-opera-driver-4.4.0.jar;C:\Users\ravish.rana\.m2\repository\org\seleniumhq\selenium\selenium-remote-driver\4.4.0\selenium-remote-driver-4.4.0.jar;C:\Users\ravish.rana\.m2\repository\io\netty\netty-buffer\4.1.78.Final\netty-buffer-4.1.78.Final.jar;C:\Users\ravish.rana\.m2\repository\io\netty\netty-codec-http\4.1.78.Final\netty-codec-http-4.1.78.Final.jar;C:\Users\ravish.rana\.m2\repository\io\netty\netty-codec\4.1.78.Final\netty-codec-4.1.78.Final.jar;C:\Users\ravish.rana\.m2\repository\io\netty\netty-handler\4.1.78.Final\netty-handler-4.1.78.Final.jar;C:\Users\ravish.rana\.m2\repository\io\netty\netty-common\4.1.78.Final\netty-common-4.1.78.Final.jar;C:\Users\ravish.rana\.m2\repository\io\netty\netty-transport-classes-epoll\4.1.78.Final\netty-transport-classes-epoll-4.1.78.Final.jar;C:\Users\ravish.rana\.m2\repository\io\netty\netty-transport-classes-kqueue\4.1.78.Final\netty-transport-classes-kqueue-4.1.78.Final.jar;C:\Users\ravish.rana\.m2\repository\io\netty\netty-transport-native-epoll\4.1.78.Final\netty-transport-native-epoll-4.1.78.Final.jar;C:\Users\ravish.rana\.m2\repository\io\netty\netty-transport-native-kqueue\4.1.78.Final\netty-transport-native-kqueue-4.1.78.Final.jar;C:\Users\ravish.rana\.m2\repository\io\netty\netty-transport-native-unix-common\4.1.78.Final\netty-transport-native-unix-common-4.1.78.Final.jar;C:\Users\ravish.rana\.m2\repository\io\netty\netty-transport\4.1.78.Final\netty-transport-4.1.78.Final.jar;C:\Users\ravish.rana\.m2\repository\io\netty\netty-resolver\4.1.78.Final\netty-resolver-4.1.78.Final.jar;C:\Users\ravish.rana\.m2\repository\io\opentelemetry\opentelemetry-api\1.16.0\opentelemetry-api-1.16.0.jar;C:\Users\ravish.rana\.m2\repository\io\opentelemetry\opentelemetry-context\1.16.0\opentelemetry-context-1.16.0.jar;C:\Users\ravish.rana\.m2\repository\io\opentelemetry\opentelemetry-exporter-logging\1.16.0\opentelemetry-exporter-logging-1.16.0.jar;C:\Users\ravish.rana\.m2\repository\io\opentelemetry\opentelemetry-sdk-metrics\1.16.0\opentelemetry-sdk-metrics-1.16.0.jar;C:\Users\ravish.rana\.m2\repository\io\opentelemetry\opentelemetry-sdk-logs\1.16.0-alpha\opentelemetry-sdk-logs-1.16.0-alpha.jar;C:\Users\ravish.rana\.m2\repository\io\opentelemetry\opentelemetry-sdk-common\1.16.0\opentelemetry-sdk-common-1.16.0.jar;C:\Users\ravish.rana\.m2\repository\io\opentelemetry\opentelemetry-sdk-extension-autoconfigure-spi\1.16.0\opentelemetry-sdk-extension-autoconfigure-spi-1.16.0.jar;C:\Users\ravish.rana\.m2\repository\io\opentelemetry\opentelemetry-sdk-extension-autoconfigure\1.16.0-alpha\opentelemetry-sdk-extension-autoconfigure-1.16.0-alpha.jar;C:\Users\ravish.rana\.m2\repository\io\opentelemetry\opentelemetry-sdk-trace\1.16.0\opentelemetry-sdk-trace-1.16.0.jar;C:\Users\ravish.rana\.m2\repository\io\opentelemetry\opentelemetry-sdk\1.16.0\opentelemetry-sdk-1.16.0.jar;C:\Users\ravish.rana\.m2\repository\io\opentelemetry\opentelemetry-semconv\1.16.0-alpha\opentelemetry-semconv-1.16.0-alpha.jar;C:\Users\ravish.rana\.m2\repository\io\ous\jtoml\2.0.0\jtoml-2.0.0.jar;C:\Users\ravish.rana\.m2\repository\net\bytebuddy\byte-buddy\1.12.10\byte-buddy-1.12.10.jar;C:\Users\ravish.rana\.m2\repository\org\apache\commons\commons-exec\1.3\commons-exec-1.3.jar;C:\Users\ravish.rana\.m2\repository\org\asynchttpclient\async-http-client\2.12.3\async-http-client-2.12.3.jar;C:\Users\ravish.rana\.m2\repository\org\asynchttpclient\async-http-client-netty-utils\2.12.3\async-http-client-netty-utils-2.12.3.jar;C:\Users\ravish.rana\.m2\repository\io\netty\netty-codec-socks\4.1.60.Final\netty-codec-socks-4.1.60.Final.jar;C:\Users\ravish.rana\.m2\repository\io\netty\netty-handler-proxy\4.1.60.Final\netty-handler-proxy-4.1.60.Final.jar;C:\Users\ravish.rana\.m2\repository\io\netty\netty-transport-native-epoll\4.1.60.Final\netty-transport-native-epoll-4.1.60.Final-linux-x86_64.jar;C:\Users\ravish.rana\.m2\repository\io\netty\netty-transport-native-kqueue\4.1.60.Final\netty-transport-native-kqueue-4.1.60.Final-osx-x86_64.jar;C:\Users\ravish.rana\.m2\repository\com\typesafe\netty\netty-reactive-streams\2.0.4\netty-reactive-streams-2.0.4.jar;C:\Users\ravish.rana\.m2\repository\com\sun\activation\jakarta.activation\1.2.2\jakarta.activation-1.2.2.jar;C:\Users\ravish.rana\.m2\repository\org\seleniumhq\selenium\selenium-http\4.4.0\selenium-http-4.4.0.jar;C:\Users\ravish.rana\.m2\repository\dev\failsafe\failsafe\3.2.4\failsafe-3.2.4.jar;C:\Users\ravish.rana\.m2\repository\org\seleniumhq\selenium\selenium-safari-driver\4.4.0\selenium-safari-driver-4.4.0.jar;C:\Users\ravish.rana\.m2\repository\org\seleniumhq\selenium\selenium-support\4.4.0\selenium-support-4.4.0.jar;C:\Users\ravish.rana\.m2\repository\org\apache\poi\poi-ooxml\5.2.1\poi-ooxml-5.2.1.jar;C:\Users\ravish.rana\.m2\repository\org\apache\poi\poi-ooxml-lite\5.2.1\poi-ooxml-lite-5.2.1.jar;C:\Users\ravish.rana\.m2\repository\org\apache\xmlbeans\xmlbeans\5.0.3\xmlbeans-5.0.3.jar;C:\Users\ravish.rana\.m2\repository\org\apache\commons\commons-compress\1.21\commons-compress-1.21.jar;C:\Users\ravish.rana\.m2\repository\com\github\virtuald\curvesapi\1.07\curvesapi-1.07.jar;C:\Users\ravish.rana\.m2\repository\org\apache\logging\log4j\log4j-api\2.17.1\log4j-api-2.17.1.jar;C:\Users\ravish.rana\.m2\repository\org\apache\commons\commons-collections4\4.4\commons-collections4-4.4.jar;C:\Users\ravish.rana\.m2\repository\com\aventstack\extentreports\5.0.9\extentreports-5.0.9.jar;C:\Users\ravish.rana\.m2\repository\io\reactivex\rxjava3\rxjava\3.0.4\rxjava-3.0.4.jar;C:\Users\ravish.rana\.m2\repository\org\reactivestreams\reactive-streams\1.0.3\reactive-streams-1.0.3.jar;C:\Users\ravish.rana\.m2\repository\org\freemarker\freemarker\2.3.30\freemarker-2.3.30.jar;C:\Users\ravish.rana\.m2\repository\org\projectlombok\lombok\1.18.12\lombok-1.18.12.jar;C:\Users\ravish.rana\.m2\repository\com\google\code\gson\gson\2.8.6\gson-2.8.6.jar;C:\Users\ravish.rana\.m2\repository\commons-io\commons-io\2.11.0\commons-io-2.11.0.jar;C:\Users\ravish.rana\.m2\repository\io\github\bonigarcia\webdrivermanager\5.8.0\webdrivermanager-5.8.0.jar;C:\Users\ravish.rana\.m2\repository\org\slf4j\slf4j-api\2.0.12\slf4j-api-2.0.12.jar;C:\Users\ravish.rana\.m2\repository\com\github\docker-java\docker-java\3.3.6\docker-java-3.3.6.jar;C:\Users\ravish.rana\.m2\repository\com\github\docker-java\docker-java-core\3.3.6\docker-java-core-3.3.6.jar;C:\Users\ravish.rana\.m2\repository\com\github\docker-java\docker-java-api\3.3.6\docker-java-api-3.3.6.jar;C:\Users\ravish.rana\.m2\repository\com\fasterxml\jackson\core\jackson-annotations\2.10.3\jackson-annotations-2.10.3.jar;C:\Users\ravish.rana\.m2\repository\com\fasterxml\jackson\core\jackson-databind\2.10.3\jackson-databind-2.10.3.jar;C:\Users\ravish.rana\.m2\repository\com\fasterxml\jackson\core\jackson-core\2.10.3\jackson-core-2.10.3.jar;C:\Users\ravish.rana\.m2\repository\org\bouncycastle\bcpkix-jdk18on\1.76\bcpkix-jdk18on-1.76.jar;C:\Users\ravish.rana\.m2\repository\org\bouncycastle\bcprov-jdk18on\1.76\bcprov-jdk18on-1.76.jar;C:\Users\ravish.rana\.m2\repository\org\bouncycastle\bcutil-jdk18on\1.76\bcutil-jdk18on-1.76.jar;C:\Users\ravish.rana\.m2\repository\org\slf4j\jcl-over-slf4j\1.7.30\jcl-over-slf4j-1.7.30.jar;C:\Users\ravish.rana\.m2\repository\com\github\docker-java\docker-java-transport-httpclient5\3.3.6\docker-java-transport-httpclient5-3.3.6.jar;C:\Users\ravish.rana\.m2\repository\com\github\docker-java\docker-java-transport\3.3.6\docker-java-transport-3.3.6.jar;C:\Users\ravish.rana\.m2\repository\net\java\dev\jna\jna\5.13.0\jna-5.13.0.jar;C:\Users\ravish.rana\.m2\repository\org\brotli\dec\0.1.2\dec-0.1.2.jar;C:\Users\ravish.rana\.m2\repository\org\apache\commons\commons-lang3\3.14.0\commons-lang3-3.14.0.jar;C:\Users\ravish.rana\.m2\repository\org\apache\httpcomponents\client5\httpclient5\5.2.1\httpclient5-5.2.1.jar;C:\Users\ravish.rana\.m2\repository\org\apache\httpcomponents\core5\httpcore5\5.2\httpcore5-5.2.jar;C:\Users\ravish.rana\.m2\repository\org\apache\httpcomponents\core5\httpcore5-h2\5.2\httpcore5-h2-5.2.jar;C:\Users\ravish.rana\.m2\repository\com\github\2gis\winium\winium-webdriver\0.1.0-1\winium-webdriver-0.1.0-1.jar;C:\Users\ravish.rana\.m2\repository\log4j\log4j\1.2.17\log4j-1.2.17.jar;C:\Users\ravish.rana\.m2\repository\org\apache\poi\poi\5.1.0\poi-5.1.0.jar;C:\Users\ravish.rana\.m2\repository\commons-codec\commons-codec\1.15\commons-codec-1.15.jar;C:\Users\ravish.rana\.m2\repository\org\apache\commons\commons-math3\3.6.1\commons-math3-3.6.1.jar;C:\Users\ravish.rana\.m2\repository\com\zaxxer\SparseBitSet\1.2\SparseBitSet-1.2.jar;C:\Users\ravish.rana\.m2\repository\org\testng\testng\7.4.0\testng-7.4.0.jar;C:\Users\ravish.rana\.m2\repository\com\beust\jcommander\1.78\jcommander-1.78.jar;C:\Users\ravish.rana\.m2\repository\org\webjars\jquery\3.5.1\jquery-3.5.1.jar;C:\Users\ravish.rana\.m2\repository\com\browserstack\browserstack-java-sdk\1.20.2\browserstack-java-sdk-1.20.2.jar;"/>
    <property name="sun.cpu.endian" value="little"/>
    <property name="user.home" value="C:\Users\ravish.rana"/>
    <property name="user.language" value="en"/>
    <property name="java.specification.vendor" value="Oracle Corporation"/>
    <property name="java.version.date" value="2023-01-17"/>
    <property name="java.home" value="C:\Program Files\Java\jdk-11"/>
    <property name="file.separator" value="\"/>
    <property name="basedir" value="C:\Users\ravish.rana\GIT\FrameWork_Ravish"/>
    <property name="java.vm.compressedOopsMode" value="Zero based"/>
    <property name="line.separator" value="&#10;"/>
    <property name="java.specification.name" value="Java Platform API Specification"/>
    <property name="java.vm.specification.vendor" value="Oracle Corporation"/>
    <property name="java.awt.graphicsenv" value="sun.awt.Win32GraphicsEnvironment"/>
    <property name="surefire.real.class.path" value="C:\Users\ravish.rana\AppData\Local\Temp\surefire17329957939838652772\surefirebooter11885884815809528756.jar"/>
    <property name="user.script" value=""/>
    <property name="sun.management.compiler" value="HotSpot 64-Bit Tiered Compilers"/>
    <property name="java.runtime.version" value="11.0.18+9-LTS-195"/>
    <property name="user.name" value="ravish.rana"/>
    <property name="path.separator" value=";"/>
    <property name="otel.metrics.exporter" value="none"/>
    <property name="os.version" value="10.0"/>
    <property name="java.runtime.name" value="Java(TM) SE Runtime Environment"/>
    <property name="otel.traces.exporter" value="none"/>
    <property name="file.encoding" value="Cp1252"/>
    <property name="java.vm.name" value="Java HotSpot(TM) 64-Bit Server VM"/>
    <property name="java.vendor.version" value="18.9"/>
    <property name="localRepository" value="C:\Users\ravish.rana\.m2\repository"/>
    <property name="java.vendor.url.bug" value="https://bugreport.java.com/bugreport/"/>
    <property name="java.io.tmpdir" value="C:\Users\RAVISH~1.RAN\AppData\Local\Temp\"/>
    <property name="java.version" value="11.0.18"/>
    <property name="user.dir" value="C:\Users\ravish.rana\GIT\FrameWork_Ravish"/>
    <property name="os.arch" value="amd64"/>
    <property name="java.vm.specification.name" value="Java Virtual Machine Specification"/>
    <property name="java.awt.printerjob" value="sun.awt.windows.WPrinterJob"/>
    <property name="sun.os.patch.level" value=""/>
    <property name="java.library.path" value="C:\Program Files\Java\jdk-11\bin;C:\WINDOWS\Sun\Java\bin;C:\WINDOWS\system32;C:\WINDOWS;C:/Users/ravish.rana/.p2/pool/plugins/org.eclipse.justj.openjdk.hotspot.jre.full.win32.x86_64_17.0.2.v20220201-1208/jre/bin/server;C:/Users/ravish.rana/.p2/pool/plugins/org.eclipse.justj.openjdk.hotspot.jre.full.win32.x86_64_17.0.2.v20220201-1208/jre/bin;C:\Program Files\Common Files\Oracle\Java\javapath;C:\Python310\Scripts\;C:\Python310\;C:\Program Files (x86)\Common Files\Oracle\Java\javapath;C:\WINDOWS\system32;C:\WINDOWS;C:\WINDOWS\System32\Wbem;C:\WINDOWS\System32\WindowsPowerShell\v1.0\;C:\WINDOWS\System32\OpenSSH\;C:\Users\ravish.rana\Downloads\platform-tools_r31.0.2-windows\platform-tools;C:\Softwares\apache-ant-1.10.11\bin;C:\Program Files\Java\jdk-11\bin;C:\Program Files\Git\cmd;C:\Softwares\apache-maven-3.9.8\bin;C:\ProgramData\chocolatey\bin;C:\Users\ravish.rana\AppData\Local\Android\Sdk;C:\Users\ravish.rana\AppData\Local\Android\Sdk\platform-tools;C:\Users\ravish.rana\AppData\Local\Android\Sdk\build-tools;C:\Users\ravish.rana\AppData\Local\Android\Sdk\tools;C:\Users\ravish.rana\AppData\Local\Android\Sdk\platforms;C:\Program Files\nodejs\;C:\Program Files\sfdx\bin;C:\Program Files (x86)\GnuWin32\bin;C:\Program Files\OpenSSL-Win64\bin;C:\Program Files\Docker\Docker\resources\bin;C:\Softwares\apache-maven-3.9.8\bin;C:\Users\ravish.rana\AppData\Local\Microsoft\WindowsApps;C:\Users\ravish.rana\AppData\Local\Programs\Microsoft VS Code\bin;C:\Users\ravish.rana\AppData\Local\Android\Sdk;C:\Users\ravish.rana\AppData\Roaming\npm;C:\Program Files\Java\jdk-11\bin;C:\Program Files\sfdx\bin;C:\WINDOWS\System32;;."/>
    <property name="java.vendor" value="Oracle Corporation"/>
    <property name="java.vm.info" value="mixed mode"/>
    <property name="java.vm.version" value="11.0.18+9-LTS-195"/>
    <property name="sun.io.unicode.encoding" value="UnicodeLittle"/>
    <property name="java.class.version" value="55.0"/>
  </properties>
  <testcase name="printProducts" classname="com.mystore.testcases.FlipkartHomeTest" time="23.749">
    <failure message="no such element: Unable to locate element: {&quot;method&quot;:&quot;xpath&quot;,&quot;selector&quot;:&quot;//*[text()=&apos;in Mobiles&apos;]//ancestor::a[contains(@href,&apos;samsung+galaxy+s10&apos;)]&quot;}&#10;  (Session info: chrome=126.0.6478.61)&#10;For documentation on this error, please visit: https://selenium.dev/exceptions/#no_such_element&#10;Build info: version: &apos;4.4.0&apos;, revision: &apos;e5c75ed026a&apos;&#10;System info: host: &apos;IBM-RAVISHRANA&apos;, ip: &apos;192.168.29.167&apos;, os.name: &apos;Windows 11&apos;, os.arch: &apos;amd64&apos;, os.version: &apos;10.0&apos;, java.version: &apos;11.0.18&apos;&#10;Driver info: org.openqa.selenium.remote.RemoteWebDriver&#10;Command: [294f2c23-0bd7-4682-88d0-d0583c284e32, findElement {using=xpath, value=//*[text()=&apos;in Mobiles&apos;]//ancestor::a[contains(@href,&apos;samsung+galaxy+s10&apos;)]}]&#10;Capabilities {acceptInsecureCerts: false, browserName: chrome, browserVersion: 126.0.6478.61, bstack:options: {accessKey: CAxyP14U99jJLtThkKMj, browser_version: latest, browserstack.selenium_version: 4.4.0, consoleLogs: info, os: Windows, os_version: 10, sessionName: Parallel Test on : Chrome, username: ravishrana_5vWQ7y}, chrome: {chromedriverVersion: 126.0.6478.182 (5b5d8292ddf..., userDataDir: C:\Windows\SystemTemp\scope...}, fedcm:accounts: true, goog:chromeOptions: {debuggerAddress: localhost:49398}, goog:loggingPrefs: {browser: INFO}, networkConnectionEnabled: false, pageLoadStrategy: normal, platformName: WINDOWS, proxy: Proxy(manual, socks=repeate..., se:bidiEnabled: false, se:cdp: ws://10.64.8.191:4444/sessi..., se:cdpVersion: 126.0.6478.61, setWindowRect: true, strictFileInteractability: false, timeouts: {implicit: 0, pageLoad: 300000, script: 30000}, unhandledPromptBehavior: dismiss and notify, webauthn:extension:credBlob: true, webauthn:extension:largeBlob: true, webauthn:extension:minPinLength: true, webauthn:extension:prf: true, webauthn:virtualAuthenticators: true}&#10;Session ID: 294f2c23-0bd7-4682-88d0-d0583c284e32" type="org.openqa.selenium.NoSuchElementException"><![CDATA[org.openqa.selenium.NoSuchElementException: 
no such element: Unable to locate element: {"method":"xpath","selector":"//*[text()='in Mobiles']//ancestor::a[contains(@href,'samsung+galaxy+s10')]"}
  (Session info: chrome=126.0.6478.61)
For documentation on this error, please visit: https://selenium.dev/exceptions/#no_such_element
Build info: version: '4.4.0', revision: 'e5c75ed026a'
System info: host: 'IBM-RAVISHRANA', ip: '192.168.29.167', os.name: 'Windows 11', os.arch: 'amd64', os.version: '10.0', java.version: '11.0.18'
Driver info: org.openqa.selenium.remote.RemoteWebDriver
Command: [294f2c23-0bd7-4682-88d0-d0583c284e32, findElement {using=xpath, value=//*[text()='in Mobiles']//ancestor::a[contains(@href,'samsung+galaxy+s10')]}]
Capabilities {acceptInsecureCerts: false, browserName: chrome, browserVersion: 126.0.6478.61, bstack:options: {accessKey: CAxyP14U99jJLtThkKMj, browser_version: latest, browserstack.selenium_version: 4.4.0, consoleLogs: info, os: Windows, os_version: 10, sessionName: Parallel Test on : Chrome, username: ravishrana_5vWQ7y}, chrome: {chromedriverVersion: 126.0.6478.182 (5b5d8292ddf..., userDataDir: C:\Windows\SystemTemp\scope...}, fedcm:accounts: true, goog:chromeOptions: {debuggerAddress: localhost:49398}, goog:loggingPrefs: {browser: INFO}, networkConnectionEnabled: false, pageLoadStrategy: normal, platformName: WINDOWS, proxy: Proxy(manual, socks=repeate..., se:bidiEnabled: false, se:cdp: ws://10.64.8.191:4444/sessi..., se:cdpVersion: 126.0.6478.61, setWindowRect: true, strictFileInteractability: false, timeouts: {implicit: 0, pageLoad: 300000, script: 30000}, unhandledPromptBehavior: dismiss and notify, webauthn:extension:credBlob: true, webauthn:extension:largeBlob: true, webauthn:extension:minPinLength: true, webauthn:extension:prf: true, webauthn:virtualAuthenticators: true}
Session ID: 294f2c23-0bd7-4682-88d0-d0583c284e32
	at com.mystore.testcases.FlipkartHomeTest.printProducts(FlipkartHomeTest.java:19)
]]></failure>
    <system-out><![CDATA[Super constructor invoked
Super constructor invoked
Super constructor invoked
Initial State of Driver= java.lang.ThreadLocal@4f5b4151
Initial State of Driver= java.lang.ThreadLocal@4f5b4151
Initial State of Driver= java.lang.ThreadLocal@4f5b4151
URL to hit is : https://ravishrana_5vWQ7y:CAxyP14U99jJLtThkKMj@v9v7j6fv-hub.browserstack-ats.com/wd/hub
URL to hit is : https://ravishrana_5vWQ7y:CAxyP14U99jJLtThkKMj@v9v7j6fv-hub.browserstack-ats.com/wd/hub
URL to hit is : https://ravishrana_5vWQ7y:CAxyP14U99jJLtThkKMj@v9v7j6fv-hub.browserstack-ats.com/wd/hub
RemoteWebDriver: chrome on WINDOWS (294f2c23-0bd7-4682-88d0-d0583c284e32) BrowserStack driver has been instantiated. 
RemoteWebDriver: MicrosoftEdge on WINDOWS (975c2d04-9e57-4fee-94c3-26d9b6bcc08a) BrowserStack driver has been instantiated. 
E0B4CC46C1676FEBDD0C55B05FB614B6
C3B60ED73378DE8C8B7F9D7E8DB32E12
RemoteWebDriver: firefox on WINDOWS (9aef7918-a0fd-413a-9c82-ada9527db334) BrowserStack driver has been instantiated. 
425ef1a7-0e63-4b28-9c35-dbc444f1684f
First try in catch
First try in catch
First try in catch
Second try in catch
Second try in catch
Second try in catch
]]></system-out>
    <system-err><![CDATA[Aug 06, 2024 6:00:30 PM org.openqa.selenium.remote.tracing.opentelemetry.OpenTelemetryTracer createTracer
INFO: Using OpenTelemetry for tracing
SLF4J(W): No SLF4J providers were found.
SLF4J(W): Defaulting to no-operation (NOP) logger implementation
SLF4J(W): See https://www.slf4j.org/codes.html#noProviders for further details.
Aug 06, 2024 6:00:31 PM org.openqa.selenium.remote.RemoteWebDriver checkNonW3CCapabilities
WARNING: Support for Legacy Capabilities is deprecated; You are sending the following invalid capabilities: [name]; Please update to W3C Syntax: https://www.selenium.dev/blog/2022/legacy-protocol-support/
Aug 06, 2024 6:00:31 PM org.openqa.selenium.remote.RemoteWebDriver checkNonW3CCapabilities
WARNING: Support for Legacy Capabilities is deprecated; You are sending the following invalid capabilities: [name]; Please update to W3C Syntax: https://www.selenium.dev/blog/2022/legacy-protocol-support/
Aug 06, 2024 6:00:31 PM org.openqa.selenium.remote.RemoteWebDriver checkNonW3CCapabilities
WARNING: Support for Legacy Capabilities is deprecated; You are sending the following invalid capabilities: [name]; Please update to W3C Syntax: https://www.selenium.dev/blog/2022/legacy-protocol-support/
Aug 06, 2024 6:01:05 PM org.openqa.selenium.remote.ProtocolHandshake createSession
INFO: Detected upstream dialect: W3C
Aug 06, 2024 6:01:05 PM org.openqa.selenium.remote.ProtocolHandshake createSession
WARNING: Support for Legacy Capabilities is deprecated; You are sending the following invalid capabilities: [name]; Please update to W3C Syntax: https://www.selenium.dev/blog/2022/legacy-protocol-support/
Aug 06, 2024 6:01:05 PM org.openqa.selenium.remote.ProtocolHandshake createSession
INFO: Detected upstream dialect: W3C
Aug 06, 2024 6:01:05 PM org.openqa.selenium.remote.ProtocolHandshake createSession
WARNING: Support for Legacy Capabilities is deprecated; You are sending the following invalid capabilities: [name]; Please update to W3C Syntax: https://www.selenium.dev/blog/2022/legacy-protocol-support/
Aug 06, 2024 6:01:16 PM org.openqa.selenium.remote.ProtocolHandshake createSession
INFO: Detected upstream dialect: W3C
Aug 06, 2024 6:01:16 PM org.openqa.selenium.remote.ProtocolHandshake createSession
WARNING: Support for Legacy Capabilities is deprecated; You are sending the following invalid capabilities: [name]; Please update to W3C Syntax: https://www.selenium.dev/blog/2022/legacy-protocol-support/
org.openqa.selenium.TimeoutException: Expected condition failed: waiting for element to be clickable: Proxy element for: DefaultElementLocator 'By.xpath: //input[@title='Search for Products, Brands and More']' (tried for 10 second(s) with 500 milliseconds interval)
	at org.openqa.selenium.support.ui.WebDriverWait.timeoutException(WebDriverWait.java:87)
	at org.openqa.selenium.support.ui.FluentWait.until(FluentWait.java:231)
	at com.mystore.actiondriver.Action.findElementPresence(Action.java:707)
	at com.mystore.actiondriver.Action.fill(Action.java:125)
	at com.mystore.pageobjects.FlipkartHome.searchProduct(FlipkartHome.java:54)
	at com.mystore.testcases.FlipkartHomeTest.printProducts(FlipkartHomeTest.java:19)
	at java.base/jdk.internal.reflect.NativeMethodAccessorImpl.invoke0(Native Method)
	at java.base/jdk.internal.reflect.NativeMethodAccessorImpl.invoke(NativeMethodAccessorImpl.java:62)
	at java.base/jdk.internal.reflect.DelegatingMethodAccessorImpl.invoke(DelegatingMethodAccessorImpl.java:43)
	at java.base/java.lang.reflect.Method.invoke(Method.java:566)
	at org.testng.internal.MethodInvocationHelper.invokeMethod(MethodInvocationHelper.java:133)
	at org.testng.internal.TestInvoker.invokeMethod(TestInvoker.java:598)
	at org.testng.internal.TestInvoker.invokeTestMethod(TestInvoker.java:173)
	at org.testng.internal.MethodRunner.runInSequence(MethodRunner.java:46)
	at org.testng.internal.TestInvoker$MethodInvocationAgent.invoke(TestInvoker.java:824)
	at org.testng.internal.TestInvoker.invokeTestMethods(TestInvoker.java:146)
	at org.testng.internal.TestMethodWorker.invokeTestMethods(TestMethodWorker.java:146)
	at org.testng.internal.TestMethodWorker.run(TestMethodWorker.java:128)
	at java.base/java.util.ArrayList.forEach(ArrayList.java:1541)
	at org.testng.TestRunner.privateRun(TestRunner.java:794)
	at org.testng.TestRunner.run(TestRunner.java:596)
	at org.testng.SuiteRunner.runTest(SuiteRunner.java:377)
	at org.testng.SuiteRunner.access$000(SuiteRunner.java:28)
	at org.testng.SuiteRunner$SuiteWorker.run(SuiteRunner.java:418)
	at org.testng.internal.thread.ThreadUtil.lambda$execute$0(ThreadUtil.java:64)
	at java.base/java.util.concurrent.FutureTask.run(FutureTask.java:264)
	at java.base/java.util.concurrent.ThreadPoolExecutor.runWorker(ThreadPoolExecutor.java:1128)
	at java.base/java.util.concurrent.ThreadPoolExecutor$Worker.run(ThreadPoolExecutor.java:628)
	at java.base/java.lang.Thread.run(Thread.java:834)
Caused by: org.openqa.selenium.NoSuchElementException: no such element: Unable to locate element: {"method":"xpath","selector":"//input[@title='Search for Products, Brands and More']"}
  (Session info: chrome=126.0.6478.61)
For documentation on this error, please visit: https://selenium.dev/exceptions/#no_such_element
Build info: version: '4.4.0', revision: 'e5c75ed026a'
System info: host: 'IBM-RAVISHRANA', ip: '192.168.29.167', os.name: 'Windows 11', os.arch: 'amd64', os.version: '10.0', java.version: '11.0.18'
Driver info: org.openqa.selenium.remote.RemoteWebDriver
Command: [294f2c23-0bd7-4682-88d0-d0583c284e32, findElement {using=xpath, value=//input[@title='Search for Products, Brands and More']}]
Capabilities {acceptInsecureCerts: false, browserName: chrome, browserVersion: 126.0.6478.61, bstack:options: {accessKey: CAxyP14U99jJLtThkKMj, browser_version: latest, browserstack.selenium_version: 4.4.0, consoleLogs: info, os: Windows, os_version: 10, sessionName: Parallel Test on : Chrome, username: ravishrana_5vWQ7y}, chrome: {chromedriverVersion: 126.0.6478.182 (5b5d8292ddf..., userDataDir: C:\Windows\SystemTemp\scope...}, fedcm:accounts: true, goog:chromeOptions: {debuggerAddress: localhost:49398}, goog:loggingPrefs: {browser: INFO}, networkConnectionEnabled: false, pageLoadStrategy: normal, platformName: WINDOWS, proxy: Proxy(manual, socks=repeate..., se:bidiEnabled: false, se:cdp: ws://10.64.8.191:4444/sessi..., se:cdpVersion: 126.0.6478.61, setWindowRect: true, strictFileInteractability: false, timeouts: {implicit: 0, pageLoad: 300000, script: 30000}, unhandledPromptBehavior: dismiss and notify, webauthn:extension:credBlob: true, webauthn:extension:largeBlob: true, webauthn:extension:minPinLength: true, webauthn:extension:prf: true, webauthn:virtualAuthenticators: true}
Session ID: 294f2c23-0bd7-4682-88d0-d0583c284e32
	at java.base/jdk.internal.reflect.NativeConstructorAccessorImpl.newInstance0(Native Method)
	at java.base/jdk.internal.reflect.NativeConstructorAccessorImpl.newInstance(NativeConstructorAccessorImpl.java:62)
	at java.base/jdk.internal.reflect.DelegatingConstructorAccessorImpl.newInstance(DelegatingConstructorAccessorImpl.java:45)
	at java.base/java.lang.reflect.Constructor.newInstance(Constructor.java:490)
	at org.openqa.selenium.remote.codec.w3c.W3CHttpResponseCodec.createException(W3CHttpResponseCodec.java:200)
	at org.openqa.selenium.remote.codec.w3c.W3CHttpResponseCodec.decode(W3CHttpResponseCodec.java:133)
	at org.openqa.selenium.remote.codec.w3c.W3CHttpResponseCodec.decode(W3CHttpResponseCodec.java:53)
	at org.openqa.selenium.remote.HttpCommandExecutor.execute(HttpCommandExecutor.java:184)
	at org.openqa.selenium.remote.TracedCommandExecutor.execute(TracedCommandExecutor.java:51)
	at org.openqa.selenium.remote.RemoteWebDriver.execute(RemoteWebDriver.java:547)
	at org.openqa.selenium.remote.ElementLocation$ElementFinder$2.findElement(ElementLocation.java:162)
	at org.openqa.selenium.remote.ElementLocation.findElement(ElementLocation.java:60)
	at org.openqa.selenium.remote.RemoteWebDriver.findElement(RemoteWebDriver.java:365)
	at org.openqa.selenium.remote.RemoteWebDriver.findElement(RemoteWebDriver.java:357)
	at org.openqa.selenium.support.pagefactory.DefaultElementLocator.findElement(DefaultElementLocator.java:70)
	at org.openqa.selenium.support.pagefactory.internal.LocatingElementHandler.invoke(LocatingElementHandler.java:39)
	at com.sun.proxy.$Proxy21.isDisplayed(Unknown Source)
	at org.openqa.selenium.support.ui.ExpectedConditions.elementIfVisible(ExpectedConditions.java:307)
	at org.openqa.selenium.support.ui.ExpectedConditions.access$000(ExpectedConditions.java:40)
	at org.openqa.selenium.support.ui.ExpectedConditions$10.apply(ExpectedConditions.java:293)
	at org.openqa.selenium.support.ui.ExpectedConditions$10.apply(ExpectedConditions.java:290)
	at org.openqa.selenium.support.ui.ExpectedConditions$23.apply(ExpectedConditions.java:660)
	at org.openqa.selenium.support.ui.ExpectedConditions$23.apply(ExpectedConditions.java:656)
	at org.openqa.selenium.support.ui.FluentWait.until(FluentWait.java:208)
	... 27 more
]]></system-err>
  </testcase>
  <testcase name="printProducts" classname="com.mystore.testcases.FlipkartHomeTest" time="27.92">
    <failure message="Unable to locate element: //*[text()=&apos;SAMSUNG&apos;]//preceding-sibling::input&#10;For documentation on this error, please visit: https://selenium.dev/exceptions/#no_such_element&#10;Build info: version: &apos;4.4.0&apos;, revision: &apos;e5c75ed026a&apos;&#10;System info: host: &apos;IBM-RAVISHRANA&apos;, ip: &apos;192.168.29.167&apos;, os.name: &apos;Windows 11&apos;, os.arch: &apos;amd64&apos;, os.version: &apos;10.0&apos;, java.version: &apos;11.0.18&apos;&#10;Driver info: org.openqa.selenium.remote.RemoteWebDriver&#10;Command: [9aef7918-a0fd-413a-9c82-ada9527db334, findElement {using=xpath, value=//*[text()=&apos;SAMSUNG&apos;]//preceding-sibling::input}]&#10;Capabilities {acceptInsecureCerts: true, browserName: firefox, browserVersion: 126.0, bstack:options: {accessKey: CAxyP14U99jJLtThkKMj, browser_version: latest, browserstack.selenium_version: 4.4.0, consoleLogs: info, os: Windows, os_version: 10, sessionName: Parallel Test on : Firefox, username: ravishrana_5vWQ7y}, moz:accessibilityChecks: false, moz:buildID: 20240509170740, moz:debuggerAddress: 127.0.0.1:47080, moz:firefoxOptions: {args: [--headless, --window-size=1920,1080], binary: C:\Program Files\Mozilla Fi..., prefs: {network.proxy.http: , network.proxy.http_port: 0, network.proxy.socks_remote_dns: true, network.proxy.ssl: , network.proxy.ssl_port: 0, network.proxy.type: 1}}, moz:geckodriverVersion: 0.34.0, moz:headless: true, moz:platformVersion: 10.0, moz:processID: 13048, moz:profile: C:\Users\ContainerAdministr..., moz:shutdownTimeout: 60000, moz:webdriverClick: true, moz:windowless: false, pageLoadStrategy: normal, platformName: WINDOWS, proxy: Proxy(manual, socks=repeate..., se:bidiEnabled: false, se:cdp: ws://10.64.12.189:4444/sess..., se:cdpVersion: 85.0, setWindowRect: true, strictFileInteractability: false, timeouts: {implicit: 0, pageLoad: 300000, script: 30000}, unhandledPromptBehavior: dismiss and notify, userAgent: Mozilla/5.0 (Windows NT 10....}&#10;Session ID: 9aef7918-a0fd-413a-9c82-ada9527db334" type="org.openqa.selenium.NoSuchElementException"><![CDATA[org.openqa.selenium.NoSuchElementException: 
Unable to locate element: //*[text()='SAMSUNG']//preceding-sibling::input
For documentation on this error, please visit: https://selenium.dev/exceptions/#no_such_element
Build info: version: '4.4.0', revision: 'e5c75ed026a'
System info: host: 'IBM-RAVISHRANA', ip: '192.168.29.167', os.name: 'Windows 11', os.arch: 'amd64', os.version: '10.0', java.version: '11.0.18'
Driver info: org.openqa.selenium.remote.RemoteWebDriver
Command: [9aef7918-a0fd-413a-9c82-ada9527db334, findElement {using=xpath, value=//*[text()='SAMSUNG']//preceding-sibling::input}]
Capabilities {acceptInsecureCerts: true, browserName: firefox, browserVersion: 126.0, bstack:options: {accessKey: CAxyP14U99jJLtThkKMj, browser_version: latest, browserstack.selenium_version: 4.4.0, consoleLogs: info, os: Windows, os_version: 10, sessionName: Parallel Test on : Firefox, username: ravishrana_5vWQ7y}, moz:accessibilityChecks: false, moz:buildID: 20240509170740, moz:debuggerAddress: 127.0.0.1:47080, moz:firefoxOptions: {args: [--headless, --window-size=1920,1080], binary: C:\Program Files\Mozilla Fi..., prefs: {network.proxy.http: , network.proxy.http_port: 0, network.proxy.socks_remote_dns: true, network.proxy.ssl: , network.proxy.ssl_port: 0, network.proxy.type: 1}}, moz:geckodriverVersion: 0.34.0, moz:headless: true, moz:platformVersion: 10.0, moz:processID: 13048, moz:profile: C:\Users\ContainerAdministr..., moz:shutdownTimeout: 60000, moz:webdriverClick: true, moz:windowless: false, pageLoadStrategy: normal, platformName: WINDOWS, proxy: Proxy(manual, socks=repeate..., se:bidiEnabled: false, se:cdp: ws://10.64.12.189:4444/sess..., se:cdpVersion: 85.0, setWindowRect: true, strictFileInteractability: false, timeouts: {implicit: 0, pageLoad: 300000, script: 30000}, unhandledPromptBehavior: dismiss and notify, userAgent: Mozilla/5.0 (Windows NT 10....}
Session ID: 9aef7918-a0fd-413a-9c82-ada9527db334
	at com.mystore.testcases.FlipkartHomeTest.printProducts(FlipkartHomeTest.java:19)
]]></failure>
    <system-out><![CDATA[Driver process found to close
]]></system-out>
    <system-err><![CDATA[log4j:WARN No appenders could be found for logger (freemarker.cache).
log4j:WARN Please initialize the log4j system properly.
log4j:WARN See http://logging.apache.org/log4j/1.2/faq.html#noconfig for more info.
]]></system-err>
  </testcase>
  <testcase name="printProducts" classname="com.mystore.testcases.FlipkartHomeTest" time="75.73">
    <system-out><![CDATA[Driver process found to close
First try in catch
Second try in catch
First try in catch
Name: SAMSUNG Galaxy S24 Ultra 5G (Titanium Violet, 512 GB)
Price: ₹1,39,999
Link: https://www.flipkart.com/samsung-galaxy-s24-ultra-5g-titanium-violet-512-gb/p/itmb65a445764f10?pid=MOBGX2F3PHGQHXSB&lid=LSTMOBGX2F3PHGQHXSBOO4CVF&marketplace=FLIPKART&q=samsung+galaxy+s10+lite+price&store=tyy%2F4io&srno=s_1_1&otracker=AS_QueryStore_OrganicAutoSuggest_1_18_na_na_na&otracker1=AS_QueryStore_OrganicAutoSuggest_1_18_na_na_na&fm=search-autosuggest&iid=52d1e47d-f934-45bf-8cdd-19021b295e6d.MOBGX2F3PHGQHXSB.SEARCH&ppt=sp&ppn=sp&ssid=j5cmpg9a680000001722947490164&qH=e9ac4d84cd2eb9ab
-----------------------------
Name: SAMSUNG Galaxy S24 Ultra 5G (Titanium Gray, 256 GB)
Price: ₹1,29,999
Link: https://www.flipkart.com/samsung-galaxy-s24-ultra-5g-titanium-gray-256-gb/p/itm12ef5ea0212ed?pid=MOBGX2F3RQKKKTAW&lid=LSTMOBGX2F3RQKKKTAWKAVWET&marketplace=FLIPKART&q=samsung+galaxy+s10+lite+price&store=tyy%2F4io&srno=s_1_2&otracker=AS_QueryStore_OrganicAutoSuggest_1_18_na_na_na&otracker1=AS_QueryStore_OrganicAutoSuggest_1_18_na_na_na&fm=search-autosuggest&iid=52d1e47d-f934-45bf-8cdd-19021b295e6d.MOBGX2F3RQKKKTAW.SEARCH&ppt=sp&ppn=sp&ssid=j5cmpg9a680000001722947490164&qH=e9ac4d84cd2eb9ab
-----------------------------
Name: SAMSUNG Galaxy S24 Ultra 5G (Titanium Black, 256 GB)
Price: ₹1,29,999
Link: https://www.flipkart.com/samsung-galaxy-s24-ultra-5g-titanium-black-256-gb/p/itm7d3b6b5d0f501?pid=MOBGX2F3QGZYYZAK&lid=LSTMOBGX2F3QGZYYZAKNETZ3C&marketplace=FLIPKART&q=samsung+galaxy+s10+lite+price&store=tyy%2F4io&srno=s_1_3&otracker=AS_QueryStore_OrganicAutoSuggest_1_18_na_na_na&otracker1=AS_QueryStore_OrganicAutoSuggest_1_18_na_na_na&fm=search-autosuggest&iid=52d1e47d-f934-45bf-8cdd-19021b295e6d.MOBGX2F3QGZYYZAK.SEARCH&ppt=sp&ppn=sp&ssid=j5cmpg9a680000001722947490164&qH=e9ac4d84cd2eb9ab
-----------------------------
Name: SAMSUNG Galaxy S23 Ultra 5G (Cream, 512 GB)
Price: ₹1,24,999
Link: https://www.flipkart.com/samsung-galaxy-s23-ultra-5g-cream-512-gb/p/itm1db5d333d4ee1?pid=MOBGMFFXEHJGRUXK&lid=LSTMOBGMFFXEHJGRUXKYBVAQY&marketplace=FLIPKART&q=samsung+galaxy+s10+lite+price&store=tyy%2F4io&srno=s_1_4&otracker=AS_QueryStore_OrganicAutoSuggest_1_18_na_na_na&otracker1=AS_QueryStore_OrganicAutoSuggest_1_18_na_na_na&fm=search-autosuggest&iid=52d1e47d-f934-45bf-8cdd-19021b295e6d.MOBGMFFXEHJGRUXK.SEARCH&ppt=sp&ppn=sp&ssid=j5cmpg9a680000001722947490164&qH=e9ac4d84cd2eb9ab
-----------------------------
Name: SAMSUNG Galaxy S24+ 5G (Onyx Black, 512 GB)
Price: ₹1,04,999
Link: https://www.flipkart.com/samsung-galaxy-s24-5g-onyx-black-512-gb/p/itme2d93d42550ad?pid=MOBGX2F3YAZ6MRCQ&lid=LSTMOBGX2F3YAZ6MRCQFU5NRH&marketplace=FLIPKART&q=samsung+galaxy+s10+lite+price&store=tyy%2F4io&srno=s_1_5&otracker=AS_QueryStore_OrganicAutoSuggest_1_18_na_na_na&otracker1=AS_QueryStore_OrganicAutoSuggest_1_18_na_na_na&fm=search-autosuggest&iid=52d1e47d-f934-45bf-8cdd-19021b295e6d.MOBGX2F3YAZ6MRCQ.SEARCH&ppt=sp&ppn=sp&ssid=j5cmpg9a680000001722947490164&qH=e9ac4d84cd2eb9ab
-----------------------------
Name: SAMSUNG Galaxy S24+ 5G (Cobalt Violet, 512 GB)
Price: ₹1,04,999
Link: https://www.flipkart.com/samsung-galaxy-s24-5g-cobalt-violet-512-gb/p/itmdbe5ac49590db?pid=MOBGX2F3SN4R8GHF&lid=LSTMOBGX2F3SN4R8GHFUVLXKX&marketplace=FLIPKART&q=samsung+galaxy+s10+lite+price&store=tyy%2F4io&srno=s_1_6&otracker=AS_QueryStore_OrganicAutoSuggest_1_18_na_na_na&otracker1=AS_QueryStore_OrganicAutoSuggest_1_18_na_na_na&fm=search-autosuggest&iid=52d1e47d-f934-45bf-8cdd-19021b295e6d.MOBGX2F3SN4R8GHF.SEARCH&ppt=sp&ppn=sp&ssid=j5cmpg9a680000001722947490164&qH=e9ac4d84cd2eb9ab
-----------------------------
Name: SAMSUNG Galaxy S24+ 5G (Cobalt Violet, 256 GB)
Price: ₹94,999
Link: https://www.flipkart.com/samsung-galaxy-s24-5g-cobalt-violet-256-gb/p/itm46fc37ddc7255?pid=MOBGX2F3GDX7QYFT&lid=LSTMOBGX2F3GDX7QYFTDDMJ7Z&marketplace=FLIPKART&q=samsung+galaxy+s10+lite+price&store=tyy%2F4io&srno=s_1_7&otracker=AS_QueryStore_OrganicAutoSuggest_1_18_na_na_na&otracker1=AS_QueryStore_OrganicAutoSuggest_1_18_na_na_na&fm=search-autosuggest&iid=52d1e47d-f934-45bf-8cdd-19021b295e6d.MOBGX2F3GDX7QYFT.SEARCH&ppt=sp&ppn=sp&ssid=j5cmpg9a680000001722947490164&qH=e9ac4d84cd2eb9ab
-----------------------------
Name: SAMSUNG Galaxy S24+ 5G (Onyx Black, 256 GB)
Price: ₹94,999
Link: https://www.flipkart.com/samsung-galaxy-s24-5g-onyx-black-256-gb/p/itm325da4a26d7bb?pid=MOBGX2F3HVJYNHUV&lid=LSTMOBGX2F3HVJYNHUVP4L3WU&marketplace=FLIPKART&q=samsung+galaxy+s10+lite+price&store=tyy%2F4io&srno=s_1_8&otracker=AS_QueryStore_OrganicAutoSuggest_1_18_na_na_na&otracker1=AS_QueryStore_OrganicAutoSuggest_1_18_na_na_na&fm=search-autosuggest&iid=52d1e47d-f934-45bf-8cdd-19021b295e6d.MOBGX2F3HVJYNHUV.SEARCH&ppt=sp&ppn=sp&ssid=j5cmpg9a680000001722947490164&qH=e9ac4d84cd2eb9ab
-----------------------------
Name: SAMSUNG Galaxy S24 5G (Onyx Black, 512 GB)
Price: ₹89,999
Link: https://www.flipkart.com/samsung-galaxy-s24-5g-onyx-black-512-gb/p/itm210a5a47ed251?pid=MOBGX2F3FEUH6PKS&lid=LSTMOBGX2F3FEUH6PKSNYKMCU&marketplace=FLIPKART&q=samsung+galaxy+s10+lite+price&store=tyy%2F4io&srno=s_1_9&otracker=AS_QueryStore_OrganicAutoSuggest_1_18_na_na_na&otracker1=AS_QueryStore_OrganicAutoSuggest_1_18_na_na_na&fm=search-autosuggest&iid=52d1e47d-f934-45bf-8cdd-19021b295e6d.MOBGX2F3FEUH6PKS.SEARCH&ppt=sp&ppn=sp&ssid=j5cmpg9a680000001722947490164&qH=e9ac4d84cd2eb9ab
-----------------------------
Name: SAMSUNG Galaxy S24 5G (Amber Yellow, 512 GB)
Price: ₹89,999
Link: https://www.flipkart.com/samsung-galaxy-s24-5g-amber-yellow-512-gb/p/itm6225fa9b0990b?pid=MOBGX2F3VFMYCHCX&lid=LSTMOBGX2F3VFMYCHCXJQ83UW&marketplace=FLIPKART&q=samsung+galaxy+s10+lite+price&store=tyy%2F4io&srno=s_1_10&otracker=AS_QueryStore_OrganicAutoSuggest_1_18_na_na_na&otracker1=AS_QueryStore_OrganicAutoSuggest_1_18_na_na_na&fm=search-autosuggest&iid=52d1e47d-f934-45bf-8cdd-19021b295e6d.MOBGX2F3VFMYCHCX.SEARCH&ppt=sp&ppn=sp&ssid=j5cmpg9a680000001722947490164&qH=e9ac4d84cd2eb9ab
-----------------------------
Name: SAMSUNG Galaxy S24 5G (Cobalt Violet, 256 GB)
Price: ₹79,999
Link: https://www.flipkart.com/samsung-galaxy-s24-5g-cobalt-violet-256-gb/p/itme4c78903b0c9f?pid=MOBGX2F3GNSJZ23R&lid=LSTMOBGX2F3GNSJZ23REJ6ZQ8&marketplace=FLIPKART&q=samsung+galaxy+s10+lite+price&store=tyy%2F4io&srno=s_1_11&otracker=AS_QueryStore_OrganicAutoSuggest_1_18_na_na_na&otracker1=AS_QueryStore_OrganicAutoSuggest_1_18_na_na_na&fm=search-autosuggest&iid=52d1e47d-f934-45bf-8cdd-19021b295e6d.MOBGX2F3GNSJZ23R.SEARCH&ppt=sp&ppn=sp&ssid=j5cmpg9a680000001722947490164&qH=e9ac4d84cd2eb9ab
-----------------------------
Name: SAMSUNG Galaxy S24 5G (Onyx Black, 256 GB)
Price: ₹79,999
Link: https://www.flipkart.com/samsung-galaxy-s24-5g-onyx-black-256-gb/p/itm0456c01739016?pid=MOBGX2F3ZUBMWBGP&lid=LSTMOBGX2F3ZUBMWBGPME7BYW&marketplace=FLIPKART&q=samsung+galaxy+s10+lite+price&store=tyy%2F4io&srno=s_1_12&otracker=AS_QueryStore_OrganicAutoSuggest_1_18_na_na_na&otracker1=AS_QueryStore_OrganicAutoSuggest_1_18_na_na_na&fm=search-autosuggest&iid=52d1e47d-f934-45bf-8cdd-19021b295e6d.MOBGX2F3ZUBMWBGP.SEARCH&ppt=sp&ppn=sp&ssid=j5cmpg9a680000001722947490164&qH=e9ac4d84cd2eb9ab
-----------------------------
Name: SAMSUNG Galaxy S24 5G (Amber Yellow, 256 GB)
Price: ₹79,999
Link: https://www.flipkart.com/samsung-galaxy-s24-5g-amber-yellow-256-gb/p/itmebc700bb8d159?pid=MOBGX2F3TYAVSQJC&lid=LSTMOBGX2F3TYAVSQJCZEHPSQ&marketplace=FLIPKART&q=samsung+galaxy+s10+lite+price&store=tyy%2F4io&srno=s_1_13&otracker=AS_QueryStore_OrganicAutoSuggest_1_18_na_na_na&otracker1=AS_QueryStore_OrganicAutoSuggest_1_18_na_na_na&fm=search-autosuggest&iid=52d1e47d-f934-45bf-8cdd-19021b295e6d.MOBGX2F3TYAVSQJC.SEARCH&ppt=sp&ppn=sp&ssid=j5cmpg9a680000001722947490164&qH=e9ac4d84cd2eb9ab
-----------------------------
Name: SAMSUNG Galaxy S24 5G (Marble Gray, 128 GB)
Price: ₹70,999
Link: https://www.flipkart.com/samsung-galaxy-s24-5g-marble-gray-128-gb/p/itmd5309d6e0a151?pid=MOBHYJ6QZP2UA4X9&lid=LSTMOBHYJ6QZP2UA4X90LSJBH&marketplace=FLIPKART&q=samsung+galaxy+s10+lite+price&store=tyy%2F4io&srno=s_1_14&otracker=AS_QueryStore_OrganicAutoSuggest_1_18_na_na_na&otracker1=AS_QueryStore_OrganicAutoSuggest_1_18_na_na_na&fm=search-autosuggest&iid=52d1e47d-f934-45bf-8cdd-19021b295e6d.MOBHYJ6QZP2UA4X9.SEARCH&ppt=sp&ppn=sp&ssid=j5cmpg9a680000001722947490164&qH=e9ac4d84cd2eb9ab
-----------------------------
Name: SAMSUNG Galaxy S22 Plus 5G (Phantom Black, 128 GB)
Price: ₹69,999
Link: https://www.flipkart.com/samsung-galaxy-s22-plus-5g-phantom-black-128-gb/p/itm7fd318a27dcd7?pid=MOBGGG2YUGAYANRQ&lid=LSTMOBGGG2YUGAYANRQQF31UI&marketplace=FLIPKART&q=samsung+galaxy+s10+lite+price&store=tyy%2F4io&srno=s_1_15&otracker=AS_QueryStore_OrganicAutoSuggest_1_18_na_na_na&otracker1=AS_QueryStore_OrganicAutoSuggest_1_18_na_na_na&fm=search-autosuggest&iid=52d1e47d-f934-45bf-8cdd-19021b295e6d.MOBGGG2YUGAYANRQ.SEARCH&ppt=sp&ppn=sp&ssid=j5cmpg9a680000001722947490164&qH=e9ac4d84cd2eb9ab
-----------------------------
Name: SAMSUNG Galaxy S22 Plus 5G (Green, 256 GB)
Price: ₹88,999
Link: https://www.flipkart.com/samsung-galaxy-s22-plus-5g-green-256-gb/p/itmc442739abe1a1?pid=MOBGGG2YGHC42XMF&lid=LSTMOBGGG2YGHC42XMFCUR4NX&marketplace=FLIPKART&q=samsung+galaxy+s10+lite+price&store=tyy%2F4io&srno=s_1_16&otracker=AS_QueryStore_OrganicAutoSuggest_1_18_na_na_na&otracker1=AS_QueryStore_OrganicAutoSuggest_1_18_na_na_na&fm=search-autosuggest&iid=52d1e47d-f934-45bf-8cdd-19021b295e6d.MOBGGG2YGHC42XMF.SEARCH&ppt=sp&ppn=sp&ssid=j5cmpg9a680000001722947490164&qH=e9ac4d84cd2eb9ab
-----------------------------
Name: SAMSUNG Galaxy S7 (Gold Platinum, 32 GB)
Price: ₹46,000
Link: https://www.flipkart.com/samsung-galaxy-s7-gold-platinum-32-gb/p/itmeuyda4qgqetc6?pid=MOBEGFZPWJHYT7NX&lid=LSTMOBEGFZPWJHYT7NXKNHWSQ&marketplace=FLIPKART&q=samsung+galaxy+s10+lite+price&store=tyy%2F4io&srno=s_1_17&otracker=AS_QueryStore_OrganicAutoSuggest_1_18_na_na_na&otracker1=AS_QueryStore_OrganicAutoSuggest_1_18_na_na_na&fm=search-autosuggest&iid=52d1e47d-f934-45bf-8cdd-19021b295e6d.MOBEGFZPWJHYT7NX.SEARCH&ppt=sp&ppn=sp&ssid=j5cmpg9a680000001722947490164&qH=e9ac4d84cd2eb9ab
-----------------------------
Name: SAMSUNG Galaxy S23 5G (Green, 128 GB)
Price: ₹44,999
Link: https://www.flipkart.com/samsung-galaxy-s23-5g-green-128-gb/p/itm7cdd081996dc8?pid=MOBGNPGYWGZAUZGK&lid=LSTMOBGNPGYWGZAUZGKLQSOT0&marketplace=FLIPKART&q=samsung+galaxy+s10+lite+price&store=tyy%2F4io&srno=s_1_18&otracker=AS_QueryStore_OrganicAutoSuggest_1_18_na_na_na&otracker1=AS_QueryStore_OrganicAutoSuggest_1_18_na_na_na&fm=search-autosuggest&iid=52d1e47d-f934-45bf-8cdd-19021b295e6d.MOBGNPGYWGZAUZGK.SEARCH&ppt=sp&ppn=sp&ssid=j5cmpg9a680000001722947490164&qH=e9ac4d84cd2eb9ab
-----------------------------
Name: SAMSUNG Galaxy S23 FE (Graphite, 256 GB)
Price: ₹38,999
Link: https://www.flipkart.com/samsung-galaxy-s23-fe-graphite-256-gb/p/itm3dd39c0d1ec9c?pid=MOBGVTA2GWPSR57X&lid=LSTMOBGVTA2GWPSR57XIIBGXC&marketplace=FLIPKART&q=samsung+galaxy+s10+lite+price&store=tyy%2F4io&srno=s_1_19&otracker=AS_QueryStore_OrganicAutoSuggest_1_18_na_na_na&otracker1=AS_QueryStore_OrganicAutoSuggest_1_18_na_na_na&fm=search-autosuggest&iid=52d1e47d-f934-45bf-8cdd-19021b295e6d.MOBGVTA2GWPSR57X.SEARCH&ppt=sp&ppn=sp&ssid=j5cmpg9a680000001722947490164&qH=e9ac4d84cd2eb9ab
-----------------------------
Name: SAMSUNG Galaxy S21 FE 5G (Lavender, 128 GB)
Price: ₹39,999
Link: https://www.flipkart.com/samsung-galaxy-s21-fe-5g-lavender-128-gb/p/itm3b094762fb621?pid=MOBGBNBDZJ5Q3RXK&lid=LSTMOBGBNBDZJ5Q3RXKUCNNBS&marketplace=FLIPKART&q=samsung+galaxy+s10+lite+price&store=tyy%2F4io&srno=s_1_20&otracker=AS_QueryStore_OrganicAutoSuggest_1_18_na_na_na&otracker1=AS_QueryStore_OrganicAutoSuggest_1_18_na_na_na&fm=search-autosuggest&iid=52d1e47d-f934-45bf-8cdd-19021b295e6d.MOBGBNBDZJ5Q3RXK.SEARCH&ppt=sp&ppn=sp&ssid=j5cmpg9a680000001722947490164&qH=e9ac4d84cd2eb9ab
-----------------------------
Name: SAMSUNG Galaxy S23 FE (Mint, 256 GB)
Price: ₹38,999
Link: https://www.flipkart.com/samsung-galaxy-s23-fe-mint-256-gb/p/itmdb72279972171?pid=MOBGVTA2R8ZH4G3C&lid=LSTMOBGVTA2R8ZH4G3C8XDOZH&marketplace=FLIPKART&q=samsung+galaxy+s10+lite+price&store=tyy%2F4io&srno=s_1_21&otracker=AS_QueryStore_OrganicAutoSuggest_1_18_na_na_na&otracker1=AS_QueryStore_OrganicAutoSuggest_1_18_na_na_na&fm=search-autosuggest&iid=52d1e47d-f934-45bf-8cdd-19021b295e6d.MOBGVTA2R8ZH4G3C.SEARCH&ppt=sp&ppn=sp&ssid=j5cmpg9a680000001722947490164&qH=e9ac4d84cd2eb9ab
-----------------------------
Name: SAMSUNG Galaxy S23 FE (Purple, 256 GB)
Price: ₹38,999
Link: https://www.flipkart.com/samsung-galaxy-s23-fe-purple-256-gb/p/itm8f6a49271bf21?pid=MOBGVTA2VGHCJFGG&lid=LSTMOBGVTA2VGHCJFGG1TC2LI&marketplace=FLIPKART&q=samsung+galaxy+s10+lite+price&store=tyy%2F4io&srno=s_1_22&otracker=AS_QueryStore_OrganicAutoSuggest_1_18_na_na_na&otracker1=AS_QueryStore_OrganicAutoSuggest_1_18_na_na_na&fm=search-autosuggest&iid=52d1e47d-f934-45bf-8cdd-19021b295e6d.MOBGVTA2VGHCJFGG.SEARCH&ppt=sp&ppn=sp&ssid=j5cmpg9a680000001722947490164&qH=e9ac4d84cd2eb9ab
-----------------------------
Name: SAMSUNG Galaxy S23 FE (Purple, 128 GB)
Price: ₹33,999
Link: https://www.flipkart.com/samsung-galaxy-s23-fe-purple-128-gb/p/itm03da6b42ff68e?pid=MOBGVTA24G7GHE6M&lid=LSTMOBGVTA24G7GHE6MN4I8LB&marketplace=FLIPKART&q=samsung+galaxy+s10+lite+price&store=tyy%2F4io&srno=s_1_23&otracker=AS_QueryStore_OrganicAutoSuggest_1_18_na_na_na&otracker1=AS_QueryStore_OrganicAutoSuggest_1_18_na_na_na&fm=search-autosuggest&iid=52d1e47d-f934-45bf-8cdd-19021b295e6d.MOBGVTA24G7GHE6M.SEARCH&ppt=sp&ppn=sp&ssid=j5cmpg9a680000001722947490164&qH=e9ac4d84cd2eb9ab
-----------------------------
Name: SAMSUNG Galaxy S23 FE (Graphite, 128 GB)
Price: ₹33,999
Link: https://www.flipkart.com/samsung-galaxy-s23-fe-graphite-128-gb/p/itme751066521899?pid=MOBGVTA2836DQWTT&lid=LSTMOBGVTA2836DQWTTISGIME&marketplace=FLIPKART&q=samsung+galaxy+s10+lite+price&store=tyy%2F4io&srno=s_1_24&otracker=AS_QueryStore_OrganicAutoSuggest_1_18_na_na_na&otracker1=AS_QueryStore_OrganicAutoSuggest_1_18_na_na_na&fm=search-autosuggest&iid=52d1e47d-f934-45bf-8cdd-19021b295e6d.MOBGVTA2836DQWTT.SEARCH&ppt=sp&ppn=sp&ssid=j5cmpg9a680000001722947490164&qH=e9ac4d84cd2eb9ab
-----------------------------
]]></system-out>
  </testcase>
</testsuite>