<?xml version="1.0" encoding="UTF-8"?>
<testsuite xmlns:xsi="http://www.w3.org/2001/XMLSchema-instance" xsi:noNamespaceSchemaLocation="https://maven.apache.org/surefire/maven-surefire-plugin/xsd/surefire-test-report-3.0.xsd" version="3.0" name="TestSuite" time="122.173" tests="5" errors="0" skipped="0" failures="0">
  <properties>
    <property name="sun.desktop" value="windows"/>
    <property name="awt.toolkit" value="sun.awt.windows.WToolkit"/>
    <property name="java.specification.version" value="11"/>
    <property name="sun.cpu.isalist" value="amd64"/>
    <property name="sun.jnu.encoding" value="Cp1252"/>
    <property name="java.class.path" value="C:\Users\ravish.rana\GIT\FrameWork_Ravish\target\test-classes;C:\Users\ravish.rana\GIT\FrameWork_Ravish\target\classes;C:\Users\ravish.rana\.m2\repository\junit\junit\4.11\junit-4.11.jar;C:\Users\ravish.rana\.m2\repository\org\hamcrest\hamcrest-core\1.3\hamcrest-core-1.3.jar;C:\Users\ravish.rana\.m2\repository\org\seleniumhq\selenium\selenium-java\4.1.4\selenium-java-4.1.4.jar;C:\Users\ravish.rana\.m2\repository\org\seleniumhq\selenium\selenium-api\4.1.4\selenium-api-4.1.4.jar;C:\Users\ravish.rana\.m2\repository\org\seleniumhq\selenium\selenium-chrome-driver\4.1.4\selenium-chrome-driver-4.1.4.jar;C:\Users\ravish.rana\.m2\repository\com\google\auto\service\auto-service-annotations\1.0.1\auto-service-annotations-1.0.1.jar;C:\Users\ravish.rana\.m2\repository\com\google\auto\service\auto-service\1.0.1\auto-service-1.0.1.jar;C:\Users\ravish.rana\.m2\repository\com\google\auto\auto-common\1.2\auto-common-1.2.jar;C:\Users\ravish.rana\.m2\repository\com\google\guava\guava\31.1-jre\guava-31.1-jre.jar;C:\Users\ravish.rana\.m2\repository\com\google\guava\failureaccess\1.0.1\failureaccess-1.0.1.jar;C:\Users\ravish.rana\.m2\repository\com\google\guava\listenablefuture\9999.0-empty-to-avoid-conflict-with-guava\listenablefuture-9999.0-empty-to-avoid-conflict-with-guava.jar;C:\Users\ravish.rana\.m2\repository\com\google\code\findbugs\jsr305\3.0.2\jsr305-3.0.2.jar;C:\Users\ravish.rana\.m2\repository\org\checkerframework\checker-qual\3.12.0\checker-qual-3.12.0.jar;C:\Users\ravish.rana\.m2\repository\com\google\errorprone\error_prone_annotations\2.11.0\error_prone_annotations-2.11.0.jar;C:\Users\ravish.rana\.m2\repository\com\google\j2objc\j2objc-annotations\1.3\j2objc-annotations-1.3.jar;C:\Users\ravish.rana\.m2\repository\org\seleniumhq\selenium\selenium-chromium-driver\4.1.4\selenium-chromium-driver-4.1.4.jar;C:\Users\ravish.rana\.m2\repository\org\seleniumhq\selenium\selenium-json\4.1.4\selenium-json-4.1.4.jar;C:\Users\ravish.rana\.m2\repository\org\seleniumhq\selenium\selenium-devtools-v100\4.1.4\selenium-devtools-v100-4.1.4.jar;C:\Users\ravish.rana\.m2\repository\org\seleniumhq\selenium\selenium-devtools-v101\4.1.4\selenium-devtools-v101-4.1.4.jar;C:\Users\ravish.rana\.m2\repository\org\seleniumhq\selenium\selenium-devtools-v85\4.1.4\selenium-devtools-v85-4.1.4.jar;C:\Users\ravish.rana\.m2\repository\org\seleniumhq\selenium\selenium-devtools-v99\4.1.4\selenium-devtools-v99-4.1.4.jar;C:\Users\ravish.rana\.m2\repository\org\seleniumhq\selenium\selenium-edge-driver\4.1.4\selenium-edge-driver-4.1.4.jar;C:\Users\ravish.rana\.m2\repository\org\seleniumhq\selenium\selenium-firefox-driver\4.1.4\selenium-firefox-driver-4.1.4.jar;C:\Users\ravish.rana\.m2\repository\org\seleniumhq\selenium\selenium-ie-driver\4.1.4\selenium-ie-driver-4.1.4.jar;C:\Users\ravish.rana\.m2\repository\org\seleniumhq\selenium\selenium-opera-driver\4.1.4\selenium-opera-driver-4.1.4.jar;C:\Users\ravish.rana\.m2\repository\org\seleniumhq\selenium\selenium-remote-driver\4.1.4\selenium-remote-driver-4.1.4.jar;C:\Users\ravish.rana\.m2\repository\io\netty\netty-buffer\4.1.76.Final\netty-buffer-4.1.76.Final.jar;C:\Users\ravish.rana\.m2\repository\io\netty\netty-codec-http\4.1.76.Final\netty-codec-http-4.1.76.Final.jar;C:\Users\ravish.rana\.m2\repository\io\netty\netty-codec\4.1.76.Final\netty-codec-4.1.76.Final.jar;C:\Users\ravish.rana\.m2\repository\io\netty\netty-handler\4.1.76.Final\netty-handler-4.1.76.Final.jar;C:\Users\ravish.rana\.m2\repository\io\netty\netty-common\4.1.76.Final\netty-common-4.1.76.Final.jar;C:\Users\ravish.rana\.m2\repository\io\netty\netty-transport-classes-epoll\4.1.76.Final\netty-transport-classes-epoll-4.1.76.Final.jar;C:\Users\ravish.rana\.m2\repository\io\netty\netty-transport-classes-kqueue\4.1.76.Final\netty-transport-classes-kqueue-4.1.76.Final.jar;C:\Users\ravish.rana\.m2\repository\io\netty\netty-transport-native-epoll\4.1.76.Final\netty-transport-native-epoll-4.1.76.Final.jar;C:\Users\ravish.rana\.m2\repository\io\netty\netty-transport-native-kqueue\4.1.76.Final\netty-transport-native-kqueue-4.1.76.Final.jar;C:\Users\ravish.rana\.m2\repository\io\netty\netty-transport-native-unix-common\4.1.76.Final\netty-transport-native-unix-common-4.1.76.Final.jar;C:\Users\ravish.rana\.m2\repository\io\netty\netty-transport\4.1.76.Final\netty-transport-4.1.76.Final.jar;C:\Users\ravish.rana\.m2\repository\io\netty\netty-resolver\4.1.76.Final\netty-resolver-4.1.76.Final.jar;C:\Users\ravish.rana\.m2\repository\io\opentelemetry\opentelemetry-api\1.13.0\opentelemetry-api-1.13.0.jar;C:\Users\ravish.rana\.m2\repository\io\opentelemetry\opentelemetry-context\1.13.0\opentelemetry-context-1.13.0.jar;C:\Users\ravish.rana\.m2\repository\io\opentelemetry\opentelemetry-exporter-logging\1.13.0\opentelemetry-exporter-logging-1.13.0.jar;C:\Users\ravish.rana\.m2\repository\io\opentelemetry\opentelemetry-sdk-metrics\1.13.0-alpha\opentelemetry-sdk-metrics-1.13.0-alpha.jar;C:\Users\ravish.rana\.m2\repository\io\opentelemetry\opentelemetry-sdk-logs\1.13.0-alpha\opentelemetry-sdk-logs-1.13.0-alpha.jar;C:\Users\ravish.rana\.m2\repository\io\opentelemetry\opentelemetry-sdk-common\1.13.0\opentelemetry-sdk-common-1.13.0.jar;C:\Users\ravish.rana\.m2\repository\io\opentelemetry\opentelemetry-sdk-extension-autoconfigure-spi\1.13.0\opentelemetry-sdk-extension-autoconfigure-spi-1.13.0.jar;C:\Users\ravish.rana\.m2\repository\io\opentelemetry\opentelemetry-sdk-extension-autoconfigure\1.13.0-alpha\opentelemetry-sdk-extension-autoconfigure-1.13.0-alpha.jar;C:\Users\ravish.rana\.m2\repository\io\opentelemetry\opentelemetry-sdk-trace\1.13.0\opentelemetry-sdk-trace-1.13.0.jar;C:\Users\ravish.rana\.m2\repository\io\opentelemetry\opentelemetry-sdk\1.13.0\opentelemetry-sdk-1.13.0.jar;C:\Users\ravish.rana\.m2\repository\io\opentelemetry\opentelemetry-semconv\1.13.0-alpha\opentelemetry-semconv-1.13.0-alpha.jar;C:\Users\ravish.rana\.m2\repository\io\ous\jtoml\2.0.0\jtoml-2.0.0.jar;C:\Users\ravish.rana\.m2\repository\net\bytebuddy\byte-buddy\1.12.9\byte-buddy-1.12.9.jar;C:\Users\ravish.rana\.m2\repository\org\apache\commons\commons-exec\1.3\commons-exec-1.3.jar;C:\Users\ravish.rana\.m2\repository\org\asynchttpclient\async-http-client\2.12.3\async-http-client-2.12.3.jar;C:\Users\ravish.rana\.m2\repository\org\asynchttpclient\async-http-client-netty-utils\2.12.3\async-http-client-netty-utils-2.12.3.jar;C:\Users\ravish.rana\.m2\repository\io\netty\netty-codec-socks\4.1.60.Final\netty-codec-socks-4.1.60.Final.jar;C:\Users\ravish.rana\.m2\repository\io\netty\netty-handler-proxy\4.1.60.Final\netty-handler-proxy-4.1.60.Final.jar;C:\Users\ravish.rana\.m2\repository\io\netty\netty-transport-native-epoll\4.1.60.Final\netty-transport-native-epoll-4.1.60.Final-linux-x86_64.jar;C:\Users\ravish.rana\.m2\repository\io\netty\netty-transport-native-kqueue\4.1.60.Final\netty-transport-native-kqueue-4.1.60.Final-osx-x86_64.jar;C:\Users\ravish.rana\.m2\repository\com\typesafe\netty\netty-reactive-streams\2.0.4\netty-reactive-streams-2.0.4.jar;C:\Users\ravish.rana\.m2\repository\com\sun\activation\jakarta.activation\1.2.2\jakarta.activation-1.2.2.jar;C:\Users\ravish.rana\.m2\repository\org\seleniumhq\selenium\selenium-http\4.1.4\selenium-http-4.1.4.jar;C:\Users\ravish.rana\.m2\repository\dev\failsafe\failsafe\3.2.3\failsafe-3.2.3.jar;C:\Users\ravish.rana\.m2\repository\org\seleniumhq\selenium\selenium-safari-driver\4.1.4\selenium-safari-driver-4.1.4.jar;C:\Users\ravish.rana\.m2\repository\org\seleniumhq\selenium\selenium-support\4.1.4\selenium-support-4.1.4.jar;C:\Users\ravish.rana\.m2\repository\org\apache\poi\poi-ooxml\5.2.1\poi-ooxml-5.2.1.jar;C:\Users\ravish.rana\.m2\repository\org\apache\poi\poi-ooxml-lite\5.2.1\poi-ooxml-lite-5.2.1.jar;C:\Users\ravish.rana\.m2\repository\org\apache\xmlbeans\xmlbeans\5.0.3\xmlbeans-5.0.3.jar;C:\Users\ravish.rana\.m2\repository\org\apache\commons\commons-compress\1.21\commons-compress-1.21.jar;C:\Users\ravish.rana\.m2\repository\com\github\virtuald\curvesapi\1.07\curvesapi-1.07.jar;C:\Users\ravish.rana\.m2\repository\org\apache\logging\log4j\log4j-api\2.17.1\log4j-api-2.17.1.jar;C:\Users\ravish.rana\.m2\repository\org\apache\commons\commons-collections4\4.4\commons-collections4-4.4.jar;C:\Users\ravish.rana\.m2\repository\com\aventstack\extentreports\5.0.9\extentreports-5.0.9.jar;C:\Users\ravish.rana\.m2\repository\io\reactivex\rxjava3\rxjava\3.0.4\rxjava-3.0.4.jar;C:\Users\ravish.rana\.m2\repository\org\reactivestreams\reactive-streams\1.0.3\reactive-streams-1.0.3.jar;C:\Users\ravish.rana\.m2\repository\org\freemarker\freemarker\2.3.30\freemarker-2.3.30.jar;C:\Users\ravish.rana\.m2\repository\org\projectlombok\lombok\1.18.12\lombok-1.18.12.jar;C:\Users\ravish.rana\.m2\repository\com\google\code\gson\gson\2.8.6\gson-2.8.6.jar;C:\Users\ravish.rana\.m2\repository\commons-io\commons-io\2.11.0\commons-io-2.11.0.jar;C:\Users\ravish.rana\.m2\repository\io\github\bonigarcia\webdrivermanager\5.8.0\webdrivermanager-5.8.0.jar;C:\Users\ravish.rana\.m2\repository\org\slf4j\slf4j-api\2.0.12\slf4j-api-2.0.12.jar;C:\Users\ravish.rana\.m2\repository\com\github\docker-java\docker-java\3.3.6\docker-java-3.3.6.jar;C:\Users\ravish.rana\.m2\repository\com\github\docker-java\docker-java-core\3.3.6\docker-java-core-3.3.6.jar;C:\Users\ravish.rana\.m2\repository\com\github\docker-java\docker-java-api\3.3.6\docker-java-api-3.3.6.jar;C:\Users\ravish.rana\.m2\repository\com\fasterxml\jackson\core\jackson-annotations\2.10.3\jackson-annotations-2.10.3.jar;C:\Users\ravish.rana\.m2\repository\com\fasterxml\jackson\core\jackson-databind\2.10.3\jackson-databind-2.10.3.jar;C:\Users\ravish.rana\.m2\repository\com\fasterxml\jackson\core\jackson-core\2.10.3\jackson-core-2.10.3.jar;C:\Users\ravish.rana\.m2\repository\org\bouncycastle\bcpkix-jdk18on\1.76\bcpkix-jdk18on-1.76.jar;C:\Users\ravish.rana\.m2\repository\org\bouncycastle\bcprov-jdk18on\1.76\bcprov-jdk18on-1.76.jar;C:\Users\ravish.rana\.m2\repository\org\bouncycastle\bcutil-jdk18on\1.76\bcutil-jdk18on-1.76.jar;C:\Users\ravish.rana\.m2\repository\org\slf4j\jcl-over-slf4j\1.7.30\jcl-over-slf4j-1.7.30.jar;C:\Users\ravish.rana\.m2\repository\com\github\docker-java\docker-java-transport-httpclient5\3.3.6\docker-java-transport-httpclient5-3.3.6.jar;C:\Users\ravish.rana\.m2\repository\com\github\docker-java\docker-java-transport\3.3.6\docker-java-transport-3.3.6.jar;C:\Users\ravish.rana\.m2\repository\net\java\dev\jna\jna\5.13.0\jna-5.13.0.jar;C:\Users\ravish.rana\.m2\repository\org\brotli\dec\0.1.2\dec-0.1.2.jar;C:\Users\ravish.rana\.m2\repository\org\apache\commons\commons-lang3\3.14.0\commons-lang3-3.14.0.jar;C:\Users\ravish.rana\.m2\repository\org\apache\httpcomponents\client5\httpclient5\5.2.1\httpclient5-5.2.1.jar;C:\Users\ravish.rana\.m2\repository\org\apache\httpcomponents\core5\httpcore5\5.2\httpcore5-5.2.jar;C:\Users\ravish.rana\.m2\repository\org\apache\httpcomponents\core5\httpcore5-h2\5.2\httpcore5-h2-5.2.jar;C:\Users\ravish.rana\.m2\repository\com\github\2gis\winium\winium-webdriver\0.1.0-1\winium-webdriver-0.1.0-1.jar;C:\Users\ravish.rana\.m2\repository\log4j\log4j\1.2.17\log4j-1.2.17.jar;C:\Users\ravish.rana\.m2\repository\org\apache\poi\poi\5.1.0\poi-5.1.0.jar;C:\Users\ravish.rana\.m2\repository\commons-codec\commons-codec\1.15\commons-codec-1.15.jar;C:\Users\ravish.rana\.m2\repository\org\apache\commons\commons-math3\3.6.1\commons-math3-3.6.1.jar;C:\Users\ravish.rana\.m2\repository\com\zaxxer\SparseBitSet\1.2\SparseBitSet-1.2.jar;C:\Users\ravish.rana\.m2\repository\org\testng\testng\7.4.0\testng-7.4.0.jar;C:\Users\ravish.rana\.m2\repository\com\beust\jcommander\1.78\jcommander-1.78.jar;C:\Users\ravish.rana\.m2\repository\org\webjars\jquery\3.5.1\jquery-3.5.1.jar;C:\Users\ravish.rana\.m2\repository\com\browserstack\browserstack-java-sdk\1.20.2\browserstack-java-sdk-1.20.2.jar;"/>
    <property name="java.vm.vendor" value="Oracle Corporation"/>
    <property name="sun.arch.data.model" value="64"/>
    <property name="user.variant" value=""/>
    <property name="java.vendor.url" value="https://openjdk.java.net/"/>
    <property name="user.timezone" value="Asia/Calcutta"/>
    <property name="java.vm.specification.version" value="11"/>
    <property name="os.name" value="Windows 11"/>
    <property name="sun.java.launcher" value="SUN_STANDARD"/>
    <property name="user.country" value="IN"/>
    <property name="sun.boot.library.path" value="C:\Program Files\Java\jdk-11\bin"/>
    <property name="sun.java.command" value="C:\Users\ravish.rana\AppData\Local\Temp\surefire17933671642681468526\surefirebooter2553019158996957904.jar C:\Users\ravish.rana\AppData\Local\Temp\surefire17933671642681468526 2024-08-07T21-04-36_030-jvmRun1 surefire7477212907661532944tmp surefire_05647556174903616710tmp"/>
    <property name="jdk.debug" value="release"/>
    <property name="surefire.test.class.path" value="C:\Users\ravish.rana\GIT\FrameWork_Ravish\target\test-classes;C:\Users\ravish.rana\GIT\FrameWork_Ravish\target\classes;C:\Users\ravish.rana\.m2\repository\junit\junit\4.11\junit-4.11.jar;C:\Users\ravish.rana\.m2\repository\org\hamcrest\hamcrest-core\1.3\hamcrest-core-1.3.jar;C:\Users\ravish.rana\.m2\repository\org\seleniumhq\selenium\selenium-java\4.1.4\selenium-java-4.1.4.jar;C:\Users\ravish.rana\.m2\repository\org\seleniumhq\selenium\selenium-api\4.1.4\selenium-api-4.1.4.jar;C:\Users\ravish.rana\.m2\repository\org\seleniumhq\selenium\selenium-chrome-driver\4.1.4\selenium-chrome-driver-4.1.4.jar;C:\Users\ravish.rana\.m2\repository\com\google\auto\service\auto-service-annotations\1.0.1\auto-service-annotations-1.0.1.jar;C:\Users\ravish.rana\.m2\repository\com\google\auto\service\auto-service\1.0.1\auto-service-1.0.1.jar;C:\Users\ravish.rana\.m2\repository\com\google\auto\auto-common\1.2\auto-common-1.2.jar;C:\Users\ravish.rana\.m2\repository\com\google\guava\guava\31.1-jre\guava-31.1-jre.jar;C:\Users\ravish.rana\.m2\repository\com\google\guava\failureaccess\1.0.1\failureaccess-1.0.1.jar;C:\Users\ravish.rana\.m2\repository\com\google\guava\listenablefuture\9999.0-empty-to-avoid-conflict-with-guava\listenablefuture-9999.0-empty-to-avoid-conflict-with-guava.jar;C:\Users\ravish.rana\.m2\repository\com\google\code\findbugs\jsr305\3.0.2\jsr305-3.0.2.jar;C:\Users\ravish.rana\.m2\repository\org\checkerframework\checker-qual\3.12.0\checker-qual-3.12.0.jar;C:\Users\ravish.rana\.m2\repository\com\google\errorprone\error_prone_annotations\2.11.0\error_prone_annotations-2.11.0.jar;C:\Users\ravish.rana\.m2\repository\com\google\j2objc\j2objc-annotations\1.3\j2objc-annotations-1.3.jar;C:\Users\ravish.rana\.m2\repository\org\seleniumhq\selenium\selenium-chromium-driver\4.1.4\selenium-chromium-driver-4.1.4.jar;C:\Users\ravish.rana\.m2\repository\org\seleniumhq\selenium\selenium-json\4.1.4\selenium-json-4.1.4.jar;C:\Users\ravish.rana\.m2\repository\org\seleniumhq\selenium\selenium-devtools-v100\4.1.4\selenium-devtools-v100-4.1.4.jar;C:\Users\ravish.rana\.m2\repository\org\seleniumhq\selenium\selenium-devtools-v101\4.1.4\selenium-devtools-v101-4.1.4.jar;C:\Users\ravish.rana\.m2\repository\org\seleniumhq\selenium\selenium-devtools-v85\4.1.4\selenium-devtools-v85-4.1.4.jar;C:\Users\ravish.rana\.m2\repository\org\seleniumhq\selenium\selenium-devtools-v99\4.1.4\selenium-devtools-v99-4.1.4.jar;C:\Users\ravish.rana\.m2\repository\org\seleniumhq\selenium\selenium-edge-driver\4.1.4\selenium-edge-driver-4.1.4.jar;C:\Users\ravish.rana\.m2\repository\org\seleniumhq\selenium\selenium-firefox-driver\4.1.4\selenium-firefox-driver-4.1.4.jar;C:\Users\ravish.rana\.m2\repository\org\seleniumhq\selenium\selenium-ie-driver\4.1.4\selenium-ie-driver-4.1.4.jar;C:\Users\ravish.rana\.m2\repository\org\seleniumhq\selenium\selenium-opera-driver\4.1.4\selenium-opera-driver-4.1.4.jar;C:\Users\ravish.rana\.m2\repository\org\seleniumhq\selenium\selenium-remote-driver\4.1.4\selenium-remote-driver-4.1.4.jar;C:\Users\ravish.rana\.m2\repository\io\netty\netty-buffer\4.1.76.Final\netty-buffer-4.1.76.Final.jar;C:\Users\ravish.rana\.m2\repository\io\netty\netty-codec-http\4.1.76.Final\netty-codec-http-4.1.76.Final.jar;C:\Users\ravish.rana\.m2\repository\io\netty\netty-codec\4.1.76.Final\netty-codec-4.1.76.Final.jar;C:\Users\ravish.rana\.m2\repository\io\netty\netty-handler\4.1.76.Final\netty-handler-4.1.76.Final.jar;C:\Users\ravish.rana\.m2\repository\io\netty\netty-common\4.1.76.Final\netty-common-4.1.76.Final.jar;C:\Users\ravish.rana\.m2\repository\io\netty\netty-transport-classes-epoll\4.1.76.Final\netty-transport-classes-epoll-4.1.76.Final.jar;C:\Users\ravish.rana\.m2\repository\io\netty\netty-transport-classes-kqueue\4.1.76.Final\netty-transport-classes-kqueue-4.1.76.Final.jar;C:\Users\ravish.rana\.m2\repository\io\netty\netty-transport-native-epoll\4.1.76.Final\netty-transport-native-epoll-4.1.76.Final.jar;C:\Users\ravish.rana\.m2\repository\io\netty\netty-transport-native-kqueue\4.1.76.Final\netty-transport-native-kqueue-4.1.76.Final.jar;C:\Users\ravish.rana\.m2\repository\io\netty\netty-transport-native-unix-common\4.1.76.Final\netty-transport-native-unix-common-4.1.76.Final.jar;C:\Users\ravish.rana\.m2\repository\io\netty\netty-transport\4.1.76.Final\netty-transport-4.1.76.Final.jar;C:\Users\ravish.rana\.m2\repository\io\netty\netty-resolver\4.1.76.Final\netty-resolver-4.1.76.Final.jar;C:\Users\ravish.rana\.m2\repository\io\opentelemetry\opentelemetry-api\1.13.0\opentelemetry-api-1.13.0.jar;C:\Users\ravish.rana\.m2\repository\io\opentelemetry\opentelemetry-context\1.13.0\opentelemetry-context-1.13.0.jar;C:\Users\ravish.rana\.m2\repository\io\opentelemetry\opentelemetry-exporter-logging\1.13.0\opentelemetry-exporter-logging-1.13.0.jar;C:\Users\ravish.rana\.m2\repository\io\opentelemetry\opentelemetry-sdk-metrics\1.13.0-alpha\opentelemetry-sdk-metrics-1.13.0-alpha.jar;C:\Users\ravish.rana\.m2\repository\io\opentelemetry\opentelemetry-sdk-logs\1.13.0-alpha\opentelemetry-sdk-logs-1.13.0-alpha.jar;C:\Users\ravish.rana\.m2\repository\io\opentelemetry\opentelemetry-sdk-common\1.13.0\opentelemetry-sdk-common-1.13.0.jar;C:\Users\ravish.rana\.m2\repository\io\opentelemetry\opentelemetry-sdk-extension-autoconfigure-spi\1.13.0\opentelemetry-sdk-extension-autoconfigure-spi-1.13.0.jar;C:\Users\ravish.rana\.m2\repository\io\opentelemetry\opentelemetry-sdk-extension-autoconfigure\1.13.0-alpha\opentelemetry-sdk-extension-autoconfigure-1.13.0-alpha.jar;C:\Users\ravish.rana\.m2\repository\io\opentelemetry\opentelemetry-sdk-trace\1.13.0\opentelemetry-sdk-trace-1.13.0.jar;C:\Users\ravish.rana\.m2\repository\io\opentelemetry\opentelemetry-sdk\1.13.0\opentelemetry-sdk-1.13.0.jar;C:\Users\ravish.rana\.m2\repository\io\opentelemetry\opentelemetry-semconv\1.13.0-alpha\opentelemetry-semconv-1.13.0-alpha.jar;C:\Users\ravish.rana\.m2\repository\io\ous\jtoml\2.0.0\jtoml-2.0.0.jar;C:\Users\ravish.rana\.m2\repository\net\bytebuddy\byte-buddy\1.12.9\byte-buddy-1.12.9.jar;C:\Users\ravish.rana\.m2\repository\org\apache\commons\commons-exec\1.3\commons-exec-1.3.jar;C:\Users\ravish.rana\.m2\repository\org\asynchttpclient\async-http-client\2.12.3\async-http-client-2.12.3.jar;C:\Users\ravish.rana\.m2\repository\org\asynchttpclient\async-http-client-netty-utils\2.12.3\async-http-client-netty-utils-2.12.3.jar;C:\Users\ravish.rana\.m2\repository\io\netty\netty-codec-socks\4.1.60.Final\netty-codec-socks-4.1.60.Final.jar;C:\Users\ravish.rana\.m2\repository\io\netty\netty-handler-proxy\4.1.60.Final\netty-handler-proxy-4.1.60.Final.jar;C:\Users\ravish.rana\.m2\repository\io\netty\netty-transport-native-epoll\4.1.60.Final\netty-transport-native-epoll-4.1.60.Final-linux-x86_64.jar;C:\Users\ravish.rana\.m2\repository\io\netty\netty-transport-native-kqueue\4.1.60.Final\netty-transport-native-kqueue-4.1.60.Final-osx-x86_64.jar;C:\Users\ravish.rana\.m2\repository\com\typesafe\netty\netty-reactive-streams\2.0.4\netty-reactive-streams-2.0.4.jar;C:\Users\ravish.rana\.m2\repository\com\sun\activation\jakarta.activation\1.2.2\jakarta.activation-1.2.2.jar;C:\Users\ravish.rana\.m2\repository\org\seleniumhq\selenium\selenium-http\4.1.4\selenium-http-4.1.4.jar;C:\Users\ravish.rana\.m2\repository\dev\failsafe\failsafe\3.2.3\failsafe-3.2.3.jar;C:\Users\ravish.rana\.m2\repository\org\seleniumhq\selenium\selenium-safari-driver\4.1.4\selenium-safari-driver-4.1.4.jar;C:\Users\ravish.rana\.m2\repository\org\seleniumhq\selenium\selenium-support\4.1.4\selenium-support-4.1.4.jar;C:\Users\ravish.rana\.m2\repository\org\apache\poi\poi-ooxml\5.2.1\poi-ooxml-5.2.1.jar;C:\Users\ravish.rana\.m2\repository\org\apache\poi\poi-ooxml-lite\5.2.1\poi-ooxml-lite-5.2.1.jar;C:\Users\ravish.rana\.m2\repository\org\apache\xmlbeans\xmlbeans\5.0.3\xmlbeans-5.0.3.jar;C:\Users\ravish.rana\.m2\repository\org\apache\commons\commons-compress\1.21\commons-compress-1.21.jar;C:\Users\ravish.rana\.m2\repository\com\github\virtuald\curvesapi\1.07\curvesapi-1.07.jar;C:\Users\ravish.rana\.m2\repository\org\apache\logging\log4j\log4j-api\2.17.1\log4j-api-2.17.1.jar;C:\Users\ravish.rana\.m2\repository\org\apache\commons\commons-collections4\4.4\commons-collections4-4.4.jar;C:\Users\ravish.rana\.m2\repository\com\aventstack\extentreports\5.0.9\extentreports-5.0.9.jar;C:\Users\ravish.rana\.m2\repository\io\reactivex\rxjava3\rxjava\3.0.4\rxjava-3.0.4.jar;C:\Users\ravish.rana\.m2\repository\org\reactivestreams\reactive-streams\1.0.3\reactive-streams-1.0.3.jar;C:\Users\ravish.rana\.m2\repository\org\freemarker\freemarker\2.3.30\freemarker-2.3.30.jar;C:\Users\ravish.rana\.m2\repository\org\projectlombok\lombok\1.18.12\lombok-1.18.12.jar;C:\Users\ravish.rana\.m2\repository\com\google\code\gson\gson\2.8.6\gson-2.8.6.jar;C:\Users\ravish.rana\.m2\repository\commons-io\commons-io\2.11.0\commons-io-2.11.0.jar;C:\Users\ravish.rana\.m2\repository\io\github\bonigarcia\webdrivermanager\5.8.0\webdrivermanager-5.8.0.jar;C:\Users\ravish.rana\.m2\repository\org\slf4j\slf4j-api\2.0.12\slf4j-api-2.0.12.jar;C:\Users\ravish.rana\.m2\repository\com\github\docker-java\docker-java\3.3.6\docker-java-3.3.6.jar;C:\Users\ravish.rana\.m2\repository\com\github\docker-java\docker-java-core\3.3.6\docker-java-core-3.3.6.jar;C:\Users\ravish.rana\.m2\repository\com\github\docker-java\docker-java-api\3.3.6\docker-java-api-3.3.6.jar;C:\Users\ravish.rana\.m2\repository\com\fasterxml\jackson\core\jackson-annotations\2.10.3\jackson-annotations-2.10.3.jar;C:\Users\ravish.rana\.m2\repository\com\fasterxml\jackson\core\jackson-databind\2.10.3\jackson-databind-2.10.3.jar;C:\Users\ravish.rana\.m2\repository\com\fasterxml\jackson\core\jackson-core\2.10.3\jackson-core-2.10.3.jar;C:\Users\ravish.rana\.m2\repository\org\bouncycastle\bcpkix-jdk18on\1.76\bcpkix-jdk18on-1.76.jar;C:\Users\ravish.rana\.m2\repository\org\bouncycastle\bcprov-jdk18on\1.76\bcprov-jdk18on-1.76.jar;C:\Users\ravish.rana\.m2\repository\org\bouncycastle\bcutil-jdk18on\1.76\bcutil-jdk18on-1.76.jar;C:\Users\ravish.rana\.m2\repository\org\slf4j\jcl-over-slf4j\1.7.30\jcl-over-slf4j-1.7.30.jar;C:\Users\ravish.rana\.m2\repository\com\github\docker-java\docker-java-transport-httpclient5\3.3.6\docker-java-transport-httpclient5-3.3.6.jar;C:\Users\ravish.rana\.m2\repository\com\github\docker-java\docker-java-transport\3.3.6\docker-java-transport-3.3.6.jar;C:\Users\ravish.rana\.m2\repository\net\java\dev\jna\jna\5.13.0\jna-5.13.0.jar;C:\Users\ravish.rana\.m2\repository\org\brotli\dec\0.1.2\dec-0.1.2.jar;C:\Users\ravish.rana\.m2\repository\org\apache\commons\commons-lang3\3.14.0\commons-lang3-3.14.0.jar;C:\Users\ravish.rana\.m2\repository\org\apache\httpcomponents\client5\httpclient5\5.2.1\httpclient5-5.2.1.jar;C:\Users\ravish.rana\.m2\repository\org\apache\httpcomponents\core5\httpcore5\5.2\httpcore5-5.2.jar;C:\Users\ravish.rana\.m2\repository\org\apache\httpcomponents\core5\httpcore5-h2\5.2\httpcore5-h2-5.2.jar;C:\Users\ravish.rana\.m2\repository\com\github\2gis\winium\winium-webdriver\0.1.0-1\winium-webdriver-0.1.0-1.jar;C:\Users\ravish.rana\.m2\repository\log4j\log4j\1.2.17\log4j-1.2.17.jar;C:\Users\ravish.rana\.m2\repository\org\apache\poi\poi\5.1.0\poi-5.1.0.jar;C:\Users\ravish.rana\.m2\repository\commons-codec\commons-codec\1.15\commons-codec-1.15.jar;C:\Users\ravish.rana\.m2\repository\org\apache\commons\commons-math3\3.6.1\commons-math3-3.6.1.jar;C:\Users\ravish.rana\.m2\repository\com\zaxxer\SparseBitSet\1.2\SparseBitSet-1.2.jar;C:\Users\ravish.rana\.m2\repository\org\testng\testng\7.4.0\testng-7.4.0.jar;C:\Users\ravish.rana\.m2\repository\com\beust\jcommander\1.78\jcommander-1.78.jar;C:\Users\ravish.rana\.m2\repository\org\webjars\jquery\3.5.1\jquery-3.5.1.jar;C:\Users\ravish.rana\.m2\repository\com\browserstack\browserstack-java-sdk\1.20.2\browserstack-java-sdk-1.20.2.jar;"/>
    <property name="sun.cpu.endian" value="little"/>
    <property name="user.home" value="C:\Users\ravish.rana"/>
    <property name="user.language" value="en"/>
    <property name="java.specification.vendor" value="Oracle Corporation"/>
    <property name="java.version.date" value="2023-01-17"/>
    <property name="java.home" value="C:\Program Files\Java\jdk-11"/>
    <property name="file.separator" value="\"/>
    <property name="basedir" value="C:\Users\ravish.rana\GIT\FrameWork_Ravish"/>
    <property name="java.vm.compressedOopsMode" value="Zero based"/>
    <property name="line.separator" value="&#10;"/>
    <property name="java.specification.name" value="Java Platform API Specification"/>
    <property name="java.vm.specification.vendor" value="Oracle Corporation"/>
    <property name="java.awt.graphicsenv" value="sun.awt.Win32GraphicsEnvironment"/>
    <property name="surefire.real.class.path" value="C:\Users\ravish.rana\AppData\Local\Temp\surefire17933671642681468526\surefirebooter2553019158996957904.jar"/>
    <property name="user.script" value=""/>
    <property name="sun.management.compiler" value="HotSpot 64-Bit Tiered Compilers"/>
    <property name="java.runtime.version" value="11.0.18+9-LTS-195"/>
    <property name="user.name" value="ravish.rana"/>
    <property name="path.separator" value=";"/>
    <property name="otel.metrics.exporter" value="none"/>
    <property name="os.version" value="10.0"/>
    <property name="java.runtime.name" value="Java(TM) SE Runtime Environment"/>
    <property name="otel.traces.exporter" value="none"/>
    <property name="file.encoding" value="Cp1252"/>
    <property name="java.vm.name" value="Java HotSpot(TM) 64-Bit Server VM"/>
    <property name="java.vendor.version" value="18.9"/>
    <property name="localRepository" value="C:\Users\ravish.rana\.m2\repository"/>
    <property name="java.vendor.url.bug" value="https://bugreport.java.com/bugreport/"/>
    <property name="java.io.tmpdir" value="C:\Users\RAVISH~1.RAN\AppData\Local\Temp\"/>
    <property name="java.version" value="11.0.18"/>
    <property name="user.dir" value="C:\Users\ravish.rana\GIT\FrameWork_Ravish"/>
    <property name="os.arch" value="amd64"/>
    <property name="java.vm.specification.name" value="Java Virtual Machine Specification"/>
    <property name="java.awt.printerjob" value="sun.awt.windows.WPrinterJob"/>
    <property name="sun.os.patch.level" value=""/>
    <property name="java.library.path" value="C:\Program Files\Java\jdk-11\bin;C:\WINDOWS\Sun\Java\bin;C:\WINDOWS\system32;C:\WINDOWS;C:/Users/ravish.rana/.p2/pool/plugins/org.eclipse.justj.openjdk.hotspot.jre.full.win32.x86_64_17.0.2.v20220201-1208/jre/bin/server;C:/Users/ravish.rana/.p2/pool/plugins/org.eclipse.justj.openjdk.hotspot.jre.full.win32.x86_64_17.0.2.v20220201-1208/jre/bin;C:\Program Files\Common Files\Oracle\Java\javapath;C:\Python310\Scripts\;C:\Python310\;C:\Program Files (x86)\Common Files\Oracle\Java\javapath;C:\WINDOWS\system32;C:\WINDOWS;C:\WINDOWS\System32\Wbem;C:\WINDOWS\System32\WindowsPowerShell\v1.0\;C:\WINDOWS\System32\OpenSSH\;C:\Users\ravish.rana\Downloads\platform-tools_r31.0.2-windows\platform-tools;C:\Softwares\apache-ant-1.10.11\bin;C:\Program Files\Java\jdk-11\bin;C:\Program Files\Git\cmd;C:\Users\ravish.rana\Documents\DeliveryHero\apache-maven-3.8.4-bin\apache-maven-3.8.4\bin;C:\ProgramData\chocolatey\bin;C:\Users\ravish.rana\AppData\Local\Android\Sdk;C:\Users\ravish.rana\AppData\Local\Android\Sdk\platform-tools;C:\Users\ravish.rana\AppData\Local\Android\Sdk\build-tools;C:\Users\ravish.rana\AppData\Local\Android\Sdk\tools;C:\Users\ravish.rana\AppData\Local\Android\Sdk\platforms;C:\Program Files\nodejs\;C:\Program Files\sfdx\bin;C:\Program Files (x86)\GnuWin32\bin;C:\Program Files\OpenSSL-Win64\bin;C:\Program Files\Docker\Docker\resources\bin;C:\Users\ravish.rana\Documents\DeliveryHero\apache-maven-3.8.4-bin\apache-maven-3.8.4\bin;C:\Users\ravish.rana\AppData\Local\Microsoft\WindowsApps;C:\Users\ravish.rana\AppData\Local\Programs\Microsoft VS Code\bin;C:\Users\ravish.rana\AppData\Local\Android\Sdk;C:\Users\ravish.rana\AppData\Roaming\npm;C:\Program Files\Java\jdk-11\bin;C:\Program Files\sfdx\bin;C:\WINDOWS\System32;;."/>
    <property name="java.vendor" value="Oracle Corporation"/>
    <property name="java.vm.info" value="mixed mode"/>
    <property name="java.vm.version" value="11.0.18+9-LTS-195"/>
    <property name="sun.io.unicode.encoding" value="UnicodeLittle"/>
    <property name="java.class.version" value="55.0"/>
  </properties>
  <testcase name="printProducts" classname="com.mystore.testcases.FlipkartHomeTest" time="55.788">
    <system-out><![CDATA[Super constructor invoked
Super constructor invoked
Super constructor invoked
Super constructor invoked
Super constructor invoked
Initial State of Driver= java.lang.ThreadLocal@2b2e5ba8
Initial State of Driver= java.lang.ThreadLocal@2b2e5ba8
Initial State of Driver= java.lang.ThreadLocal@2b2e5ba8
Initial State of Driver= java.lang.ThreadLocal@2b2e5ba8
Initial State of Driver= java.lang.ThreadLocal@2b2e5ba8
URL to hit is : https://ravishrana_5vWQ7y:CAxyP14U99jJLtThkKMj@v9v7j6fv-hub.browserstack-ats.com/wd/hub
URL to hit is : https://ravishrana_5vWQ7y:CAxyP14U99jJLtThkKMj@v9v7j6fv-hub.browserstack-ats.com/wd/hub
URL to hit is : https://ravishrana_5vWQ7y:CAxyP14U99jJLtThkKMj@v9v7j6fv-hub.browserstack-ats.com/wd/hub
URL to hit is : https://ravishrana_5vWQ7y:CAxyP14U99jJLtThkKMj@v9v7j6fv-hub.browserstack-ats.com/wd/hub
URL to hit is : https://ravishrana_5vWQ7y:CAxyP14U99jJLtThkKMj@v9v7j6fv-hub.browserstack-ats.com/wd/hub
RemoteWebDriver: chrome on LINUX (08e3d423-d4fd-40c6-b1af-0069b0b745da) BrowserStack driver has been instantiated. 
RemoteWebDriver: MicrosoftEdge on LINUX (f9156966-d03b-45fe-98f8-0976841a575d) BrowserStack driver has been instantiated. 
RemoteWebDriver: chrome on WINDOWS (01fc826e-5338-4f2c-b9f6-649067e9b880) BrowserStack driver has been instantiated. 
RemoteWebDriver: MicrosoftEdge on WINDOWS (dd9a424a-4cd9-47d7-a48e-f37fbc139c04) BrowserStack driver has been instantiated. 
D73E311E641474F161F6B1C3F94AF660
C9D9359E810B54A926702C1BEAFBBD0E
A896F37FB3796F680BF2A76802F6B54C
957AE47D8DC07266BD010BF7AB175BBD
RemoteWebDriver: firefox on WINDOWS (3703a43b-b244-4784-8742-03c86f429c1a) BrowserStack driver has been instantiated. 
1ae002f5-912a-49b1-8563-7e53f7c0f3d2
First try in catch
First try in catch
First try in catch
First try in catch
First try in catch
First try in catch
First try in catch
First try in catch
Name: SAMSUNG Galaxy S24 Ultra 5G (Titanium Gray, 512 GB)
Price: ₹1,31,499
Link: https://www.flipkart.com/samsung-galaxy-s24-ultra-5g-titanium-gray-512-gb/p/itm463827d6eb2be?pid=MOBGX2F3XNW3HK8K&lid=LSTMOBGX2F3XNW3HK8KCQXMCT&marketplace=FLIPKART&q=samsung+galaxy+s10+lite+mobile&store=tyy%2F4io&srno=s_1_1&otracker=AS_QueryStore_OrganicAutoSuggest_1_18_na_na_na&otracker1=AS_QueryStore_OrganicAutoSuggest_1_18_na_na_na&fm=search-autosuggest&iid=2756b47c-10b9-4ef7-aae1-0e39387d9737.MOBGX2F3XNW3HK8K.SEARCH&ppt=sp&ppn=sp&ssid=1thgzjfdalma2j9c1723044947299&qH=1284a3c29a2ae1f4
-----------------------------
Name: SAMSUNG Galaxy S23 Ultra 5G (Cream, 512 GB)
Price: ₹1,24,999
Link: https://www.flipkart.com/samsung-galaxy-s23-ultra-5g-cream-512-gb/p/itm1db5d333d4ee1?pid=MOBGMFFXEHJGRUXK&lid=LSTMOBGMFFXEHJGRUXKYBVAQY&marketplace=FLIPKART&q=samsung+galaxy+s10+lite+mobile&store=tyy%2F4io&srno=s_1_2&otracker=AS_QueryStore_OrganicAutoSuggest_1_18_na_na_na&otracker1=AS_QueryStore_OrganicAutoSuggest_1_18_na_na_na&fm=search-autosuggest&iid=2756b47c-10b9-4ef7-aae1-0e39387d9737.MOBGMFFXEHJGRUXK.SEARCH&ppt=sp&ppn=sp&ssid=1thgzjfdalma2j9c1723044947299&qH=1284a3c29a2ae1f4
-----------------------------
First try in catch
Name: SAMSUNG Galaxy S24 Ultra 5G (Titanium Gray, 256 GB)
Price: ₹1,21,999
Link: https://www.flipkart.com/samsung-galaxy-s24-ultra-5g-titanium-gray-256-gb/p/itm12ef5ea0212ed?pid=MOBGX2F3RQKKKTAW&lid=LSTMOBGX2F3RQKKKTAWKAVWET&marketplace=FLIPKART&q=samsung+galaxy+s10+lite+mobile&store=tyy%2F4io&srno=s_1_3&otracker=AS_QueryStore_OrganicAutoSuggest_1_18_na_na_na&otracker1=AS_QueryStore_OrganicAutoSuggest_1_18_na_na_na&fm=search-autosuggest&iid=2756b47c-10b9-4ef7-aae1-0e39387d9737.MOBGX2F3RQKKKTAW.SEARCH&ppt=sp&ppn=sp&ssid=1thgzjfdalma2j9c1723044947299&qH=1284a3c29a2ae1f4
-----------------------------
First try in catch
Name: SAMSUNG Galaxy S24 Ultra 5G (Titanium Gray, 512 GB)
Price: ₹1,31,499
Link: https://www.flipkart.com/samsung-galaxy-s24-ultra-5g-titanium-gray-512-gb/p/itm463827d6eb2be?pid=MOBGX2F3XNW3HK8K&lid=LSTMOBGX2F3XNW3HK8KCQXMCT&marketplace=FLIPKART&q=samsung+galaxy+s10+lite+mobile&store=tyy%2F4io&srno=s_1_1&otracker=AS_QueryStore_OrganicAutoSuggest_1_18_na_na_na&otracker1=AS_QueryStore_OrganicAutoSuggest_1_18_na_na_na&fm=search-autosuggest&iid=1245ba69-4437-4dd8-8ea6-0eb60436dd96.MOBGX2F3XNW3HK8K.SEARCH&ppt=sp&ppn=sp&ssid=g0k505inqo0000001723044941749&qH=1284a3c29a2ae1f4
-----------------------------
Name: SAMSUNG Galaxy S24 Ultra 5G (Titanium Yellow, 256 GB)
Price: ₹1,21,999
Link: https://www.flipkart.com/samsung-galaxy-s24-ultra-5g-titanium-yellow-256-gb/p/itmeda50bc408d7d?pid=MOBHFRB2F96W6YYS&lid=LSTMOBHFRB2F96W6YYSRNYU8G&marketplace=FLIPKART&q=samsung+galaxy+s10+lite+mobile&store=tyy%2F4io&srno=s_1_4&otracker=AS_QueryStore_OrganicAutoSuggest_1_18_na_na_na&otracker1=AS_QueryStore_OrganicAutoSuggest_1_18_na_na_na&fm=search-autosuggest&iid=2756b47c-10b9-4ef7-aae1-0e39387d9737.MOBHFRB2F96W6YYS.SEARCH&ppt=sp&ppn=sp&ssid=1thgzjfdalma2j9c1723044947299&qH=1284a3c29a2ae1f4
-----------------------------
Name: SAMSUNG Galaxy S24 Ultra 5G (Titanium Gray, 512 GB)
Price: ₹1,31,499
Link: https://www.flipkart.com/samsung-galaxy-s24-ultra-5g-titanium-gray-512-gb/p/itm463827d6eb2be?pid=MOBGX2F3XNW3HK8K&lid=LSTMOBGX2F3XNW3HK8KCQXMCT&marketplace=FLIPKART&q=samsung+galaxy+s10+lite+mobile&store=tyy%2F4io&srno=s_1_1&otracker=AS_QueryStore_OrganicAutoSuggest_1_18_na_na_na&otracker1=AS_QueryStore_OrganicAutoSuggest_1_18_na_na_na&fm=search-autosuggest&iid=7816cf95-b98c-4693-adf8-cde3556aad95.MOBGX2F3XNW3HK8K.SEARCH&ppt=sp&ppn=sp&ssid=kpyf9ff3z40000001723044943024&qH=1284a3c29a2ae1f4
-----------------------------
Name: SAMSUNG Galaxy S23 Ultra 5G (Cream, 512 GB)
Price: ₹1,24,999
Link: https://www.flipkart.com/samsung-galaxy-s23-ultra-5g-cream-512-gb/p/itm1db5d333d4ee1?pid=MOBGMFFXEHJGRUXK&lid=LSTMOBGMFFXEHJGRUXKYBVAQY&marketplace=FLIPKART&q=samsung+galaxy+s10+lite+mobile&store=tyy%2F4io&srno=s_1_2&otracker=AS_QueryStore_OrganicAutoSuggest_1_18_na_na_na&otracker1=AS_QueryStore_OrganicAutoSuggest_1_18_na_na_na&fm=search-autosuggest&iid=1245ba69-4437-4dd8-8ea6-0eb60436dd96.MOBGMFFXEHJGRUXK.SEARCH&ppt=sp&ppn=sp&ssid=g0k505inqo0000001723044941749&qH=1284a3c29a2ae1f4
-----------------------------
Name: SAMSUNG Galaxy S24 Ultra 5G (Titanium Violet, 256 GB)
Price: ₹1,21,999
Link: https://www.flipkart.com/samsung-galaxy-s24-ultra-5g-titanium-violet-256-gb/p/itmd4f51262e3e6b?pid=MOBGX2F38JBJGZSE&lid=LSTMOBGX2F38JBJGZSELMVCH5&marketplace=FLIPKART&q=samsung+galaxy+s10+lite+mobile&store=tyy%2F4io&srno=s_1_5&otracker=AS_QueryStore_OrganicAutoSuggest_1_18_na_na_na&otracker1=AS_QueryStore_OrganicAutoSuggest_1_18_na_na_na&fm=search-autosuggest&iid=2756b47c-10b9-4ef7-aae1-0e39387d9737.MOBGX2F38JBJGZSE.SEARCH&ppt=sp&ppn=sp&ssid=1thgzjfdalma2j9c1723044947299&qH=1284a3c29a2ae1f4
-----------------------------
Name: SAMSUNG Galaxy S23 Ultra 5G (Cream, 512 GB)
Price: ₹1,24,999
Link: https://www.flipkart.com/samsung-galaxy-s23-ultra-5g-cream-512-gb/p/itm1db5d333d4ee1?pid=MOBGMFFXEHJGRUXK&lid=LSTMOBGMFFXEHJGRUXKYBVAQY&marketplace=FLIPKART&q=samsung+galaxy+s10+lite+mobile&store=tyy%2F4io&srno=s_1_2&otracker=AS_QueryStore_OrganicAutoSuggest_1_18_na_na_na&otracker1=AS_QueryStore_OrganicAutoSuggest_1_18_na_na_na&fm=search-autosuggest&iid=7816cf95-b98c-4693-adf8-cde3556aad95.MOBGMFFXEHJGRUXK.SEARCH&ppt=sp&ppn=sp&ssid=kpyf9ff3z40000001723044943024&qH=1284a3c29a2ae1f4
-----------------------------
Name: SAMSUNG Galaxy S24+ 5G (Onyx Black, 512 GB)
Price: ₹98,499
Link: https://www.flipkart.com/samsung-galaxy-s24-5g-onyx-black-512-gb/p/itme2d93d42550ad?pid=MOBGX2F3YAZ6MRCQ&lid=LSTMOBGX2F3YAZ6MRCQFU5NRH&marketplace=FLIPKART&q=samsung+galaxy+s10+lite+mobile&store=tyy%2F4io&srno=s_1_6&otracker=AS_QueryStore_OrganicAutoSuggest_1_18_na_na_na&otracker1=AS_QueryStore_OrganicAutoSuggest_1_18_na_na_na&fm=search-autosuggest&iid=2756b47c-10b9-4ef7-aae1-0e39387d9737.MOBGX2F3YAZ6MRCQ.SEARCH&ppt=sp&ppn=sp&ssid=1thgzjfdalma2j9c1723044947299&qH=1284a3c29a2ae1f4
-----------------------------
Name: SAMSUNG Galaxy S24 Ultra 5G (Titanium Gray, 256 GB)
Price: ₹1,21,999
Link: https://www.flipkart.com/samsung-galaxy-s24-ultra-5g-titanium-gray-256-gb/p/itm12ef5ea0212ed?pid=MOBGX2F3RQKKKTAW&lid=LSTMOBGX2F3RQKKKTAWKAVWET&marketplace=FLIPKART&q=samsung+galaxy+s10+lite+mobile&store=tyy%2F4io&srno=s_1_3&otracker=AS_QueryStore_OrganicAutoSuggest_1_18_na_na_na&otracker1=AS_QueryStore_OrganicAutoSuggest_1_18_na_na_na&fm=search-autosuggest&iid=1245ba69-4437-4dd8-8ea6-0eb60436dd96.MOBGX2F3RQKKKTAW.SEARCH&ppt=sp&ppn=sp&ssid=g0k505inqo0000001723044941749&qH=1284a3c29a2ae1f4
-----------------------------
Name: SAMSUNG Galaxy S24 Ultra 5G (Titanium Violet, 512 GB)
Price: ₹1,31,499
Link: https://www.flipkart.com/samsung-galaxy-s24-ultra-5g-titanium-violet-512-gb/p/itmb65a445764f10?pid=MOBGX2F3PHGQHXSB&lid=LSTMOBGX2F3PHGQHXSBOO4CVF&marketplace=FLIPKART&q=samsung+galaxy+s10+lite+price&store=tyy%2F4io&srno=s_1_1&otracker=AS_QueryStore_OrganicAutoSuggest_2_18_na_na_na&otracker1=AS_QueryStore_OrganicAutoSuggest_2_18_na_na_na&fm=search-autosuggest&iid=c6a2f1fb-9c21-44b4-bede-85b8fff25bce.MOBGX2F3PHGQHXSB.SEARCH&ppt=sp&ppn=sp&ssid=2jbb19soww0000001723044944201&qH=e9ac4d84cd2eb9ab
-----------------------------
Name: SAMSUNG Galaxy S24+ 5G (Cobalt Violet, 512 GB)
Price: ₹98,499
Link: https://www.flipkart.com/samsung-galaxy-s24-5g-cobalt-violet-512-gb/p/itmdbe5ac49590db?pid=MOBGX2F3SN4R8GHF&lid=LSTMOBGX2F3SN4R8GHFUVLXKX&marketplace=FLIPKART&q=samsung+galaxy+s10+lite+mobile&store=tyy%2F4io&srno=s_1_7&otracker=AS_QueryStore_OrganicAutoSuggest_1_18_na_na_na&otracker1=AS_QueryStore_OrganicAutoSuggest_1_18_na_na_na&fm=search-autosuggest&iid=2756b47c-10b9-4ef7-aae1-0e39387d9737.MOBGX2F3SN4R8GHF.SEARCH&ppt=sp&ppn=sp&ssid=1thgzjfdalma2j9c1723044947299&qH=1284a3c29a2ae1f4
-----------------------------
Name: SAMSUNG Galaxy S24 Ultra 5G (Titanium Gray, 256 GB)
Price: ₹1,21,999
Link: https://www.flipkart.com/samsung-galaxy-s24-ultra-5g-titanium-gray-256-gb/p/itm12ef5ea0212ed?pid=MOBGX2F3RQKKKTAW&lid=LSTMOBGX2F3RQKKKTAWKAVWET&marketplace=FLIPKART&q=samsung+galaxy+s10+lite+mobile&store=tyy%2F4io&srno=s_1_3&otracker=AS_QueryStore_OrganicAutoSuggest_1_18_na_na_na&otracker1=AS_QueryStore_OrganicAutoSuggest_1_18_na_na_na&fm=search-autosuggest&iid=7816cf95-b98c-4693-adf8-cde3556aad95.MOBGX2F3RQKKKTAW.SEARCH&ppt=sp&ppn=sp&ssid=kpyf9ff3z40000001723044943024&qH=1284a3c29a2ae1f4
-----------------------------
Name: SAMSUNG Galaxy S24 Ultra 5G (Titanium Violet, 256 GB)
Price: ₹1,21,999
Link: https://www.flipkart.com/samsung-galaxy-s24-ultra-5g-titanium-violet-256-gb/p/itmd4f51262e3e6b?pid=MOBGX2F38JBJGZSE&lid=LSTMOBGX2F38JBJGZSELMVCH5&marketplace=FLIPKART&q=samsung+galaxy+s10+lite+mobile&store=tyy%2F4io&srno=s_1_4&otracker=AS_QueryStore_OrganicAutoSuggest_1_18_na_na_na&otracker1=AS_QueryStore_OrganicAutoSuggest_1_18_na_na_na&fm=search-autosuggest&iid=1245ba69-4437-4dd8-8ea6-0eb60436dd96.MOBGX2F38JBJGZSE.SEARCH&ppt=sp&ppn=sp&ssid=g0k505inqo0000001723044941749&qH=1284a3c29a2ae1f4
-----------------------------
Name: SAMSUNG Galaxy S23 Ultra 5G (Cream, 512 GB)
Price: ₹1,24,999
Link: https://www.flipkart.com/samsung-galaxy-s23-ultra-5g-cream-512-gb/p/itm1db5d333d4ee1?pid=MOBGMFFXEHJGRUXK&lid=LSTMOBGMFFXEHJGRUXKYBVAQY&marketplace=FLIPKART&q=samsung+galaxy+s10+lite+price&store=tyy%2F4io&srno=s_1_2&otracker=AS_QueryStore_OrganicAutoSuggest_2_18_na_na_na&otracker1=AS_QueryStore_OrganicAutoSuggest_2_18_na_na_na&fm=search-autosuggest&iid=c6a2f1fb-9c21-44b4-bede-85b8fff25bce.MOBGMFFXEHJGRUXK.SEARCH&ppt=sp&ppn=sp&ssid=2jbb19soww0000001723044944201&qH=e9ac4d84cd2eb9ab
-----------------------------
Name: SAMSUNG Galaxy S24 Ultra 5G (Titanium Gray, 512 GB)
Price: ₹1,31,499
Link: https://www.flipkart.com/samsung-galaxy-s24-ultra-5g-titanium-gray-512-gb/p/itm463827d6eb2be?pid=MOBGX2F3XNW3HK8K&lid=LSTMOBGX2F3XNW3HK8KCQXMCT&marketplace=FLIPKART&q=samsung+galaxy+s10+lite+mobile&store=tyy%2F4io&srno=s_1_1&otracker=AS_QueryStore_OrganicAutoSuggest_1_18_na_na_na&otracker1=AS_QueryStore_OrganicAutoSuggest_1_18_na_na_na&fm=search-autosuggest&iid=dd9ca09e-bf99-4df4-bcbf-31e03e783582.MOBGX2F3XNW3HK8K.SEARCH&ppt=sp&ppn=sp&ssid=dtl8cnn65c0000001723044944828&qH=1284a3c29a2ae1f4
-----------------------------
Name: SAMSUNG Galaxy S23 Plus 5G (Cream, 512 GB)
Price: ₹94,000
Link: https://www.flipkart.com/samsung-galaxy-s23-plus-5g-cream-512-gb/p/itm1f3bef850ef01?pid=MOBGMFFXHKGEXXGZ&lid=LSTMOBGMFFXHKGEXXGZCN8Z4O&marketplace=FLIPKART&q=samsung+galaxy+s10+lite+mobile&store=tyy%2F4io&srno=s_1_8&otracker=AS_QueryStore_OrganicAutoSuggest_1_18_na_na_na&otracker1=AS_QueryStore_OrganicAutoSuggest_1_18_na_na_na&fm=search-autosuggest&iid=2756b47c-10b9-4ef7-aae1-0e39387d9737.MOBGMFFXHKGEXXGZ.SEARCH&ppt=sp&ppn=sp&ssid=1thgzjfdalma2j9c1723044947299&qH=1284a3c29a2ae1f4
-----------------------------
Name: SAMSUNG Galaxy S24 Ultra 5G (Titanium Violet, 256 GB)
Price: ₹1,21,999
Link: https://www.flipkart.com/samsung-galaxy-s24-ultra-5g-titanium-violet-256-gb/p/itmd4f51262e3e6b?pid=MOBGX2F38JBJGZSE&lid=LSTMOBGX2F38JBJGZSELMVCH5&marketplace=FLIPKART&q=samsung+galaxy+s10+lite+mobile&store=tyy%2F4io&srno=s_1_4&otracker=AS_QueryStore_OrganicAutoSuggest_1_18_na_na_na&otracker1=AS_QueryStore_OrganicAutoSuggest_1_18_na_na_na&fm=search-autosuggest&iid=7816cf95-b98c-4693-adf8-cde3556aad95.MOBGX2F38JBJGZSE.SEARCH&ppt=sp&ppn=sp&ssid=kpyf9ff3z40000001723044943024&qH=1284a3c29a2ae1f4
-----------------------------
Name: SAMSUNG Galaxy S24 Ultra 5G (Titanium Yellow, 256 GB)
Price: ₹1,21,999
Link: https://www.flipkart.com/samsung-galaxy-s24-ultra-5g-titanium-yellow-256-gb/p/itmeda50bc408d7d?pid=MOBHFRB2F96W6YYS&lid=LSTMOBHFRB2F96W6YYSRNYU8G&marketplace=FLIPKART&q=samsung+galaxy+s10+lite+mobile&store=tyy%2F4io&srno=s_1_5&otracker=AS_QueryStore_OrganicAutoSuggest_1_18_na_na_na&otracker1=AS_QueryStore_OrganicAutoSuggest_1_18_na_na_na&fm=search-autosuggest&iid=1245ba69-4437-4dd8-8ea6-0eb60436dd96.MOBHFRB2F96W6YYS.SEARCH&ppt=sp&ppn=sp&ssid=g0k505inqo0000001723044941749&qH=1284a3c29a2ae1f4
-----------------------------
Name: SAMSUNG Galaxy S24 Ultra 5G (Titanium Gray, 256 GB)
Price: ₹1,21,999
Link: https://www.flipkart.com/samsung-galaxy-s24-ultra-5g-titanium-gray-256-gb/p/itm12ef5ea0212ed?pid=MOBGX2F3RQKKKTAW&lid=LSTMOBGX2F3RQKKKTAWKAVWET&marketplace=FLIPKART&q=samsung+galaxy+s10+lite+price&store=tyy%2F4io&srno=s_1_3&otracker=AS_QueryStore_OrganicAutoSuggest_2_18_na_na_na&otracker1=AS_QueryStore_OrganicAutoSuggest_2_18_na_na_na&fm=search-autosuggest&iid=c6a2f1fb-9c21-44b4-bede-85b8fff25bce.MOBGX2F3RQKKKTAW.SEARCH&ppt=sp&ppn=sp&ssid=2jbb19soww0000001723044944201&qH=e9ac4d84cd2eb9ab
-----------------------------
Name: SAMSUNG Galaxy S23 Ultra 5G (Cream, 512 GB)
Price: ₹1,24,999
Link: https://www.flipkart.com/samsung-galaxy-s23-ultra-5g-cream-512-gb/p/itm1db5d333d4ee1?pid=MOBGMFFXEHJGRUXK&lid=LSTMOBGMFFXEHJGRUXKYBVAQY&marketplace=FLIPKART&q=samsung+galaxy+s10+lite+mobile&store=tyy%2F4io&srno=s_1_2&otracker=AS_QueryStore_OrganicAutoSuggest_1_18_na_na_na&otracker1=AS_QueryStore_OrganicAutoSuggest_1_18_na_na_na&fm=search-autosuggest&iid=dd9ca09e-bf99-4df4-bcbf-31e03e783582.MOBGMFFXEHJGRUXK.SEARCH&ppt=sp&ppn=sp&ssid=dtl8cnn65c0000001723044944828&qH=1284a3c29a2ae1f4
-----------------------------
Name: SAMSUNG Galaxy S23 Ultra 5G (Green, 256 GB)
Price: ₹89,999
Link: https://www.flipkart.com/samsung-galaxy-s23-ultra-5g-green-256-gb/p/itm77dc35f7779a4?pid=MOBGMFFX32WUYXUJ&lid=LSTMOBGMFFX32WUYXUJEUVNIW&marketplace=FLIPKART&q=samsung+galaxy+s10+lite+mobile&store=tyy%2F4io&srno=s_1_9&otracker=AS_QueryStore_OrganicAutoSuggest_1_18_na_na_na&otracker1=AS_QueryStore_OrganicAutoSuggest_1_18_na_na_na&fm=search-autosuggest&iid=2756b47c-10b9-4ef7-aae1-0e39387d9737.MOBGMFFX32WUYXUJ.SEARCH&ppt=sp&ppn=sp&ssid=1thgzjfdalma2j9c1723044947299&qH=1284a3c29a2ae1f4
-----------------------------
Name: SAMSUNG Galaxy S24 Ultra 5G (Titanium Yellow, 256 GB)
Price: ₹1,21,999
Link: https://www.flipkart.com/samsung-galaxy-s24-ultra-5g-titanium-yellow-256-gb/p/itmeda50bc408d7d?pid=MOBHFRB2F96W6YYS&lid=LSTMOBHFRB2F96W6YYSRNYU8G&marketplace=FLIPKART&q=samsung+galaxy+s10+lite+mobile&store=tyy%2F4io&srno=s_1_5&otracker=AS_QueryStore_OrganicAutoSuggest_1_18_na_na_na&otracker1=AS_QueryStore_OrganicAutoSuggest_1_18_na_na_na&fm=search-autosuggest&iid=7816cf95-b98c-4693-adf8-cde3556aad95.MOBHFRB2F96W6YYS.SEARCH&ppt=sp&ppn=sp&ssid=kpyf9ff3z40000001723044943024&qH=1284a3c29a2ae1f4
-----------------------------
Name: SAMSUNG Galaxy S24+ 5G (Onyx Black, 512 GB)
Price: ₹98,499
Link: https://www.flipkart.com/samsung-galaxy-s24-5g-onyx-black-512-gb/p/itme2d93d42550ad?pid=MOBGX2F3YAZ6MRCQ&lid=LSTMOBGX2F3YAZ6MRCQFU5NRH&marketplace=FLIPKART&q=samsung+galaxy+s10+lite+mobile&store=tyy%2F4io&srno=s_1_6&otracker=AS_QueryStore_OrganicAutoSuggest_1_18_na_na_na&otracker1=AS_QueryStore_OrganicAutoSuggest_1_18_na_na_na&fm=search-autosuggest&iid=1245ba69-4437-4dd8-8ea6-0eb60436dd96.MOBGX2F3YAZ6MRCQ.SEARCH&ppt=sp&ppn=sp&ssid=g0k505inqo0000001723044941749&qH=1284a3c29a2ae1f4
-----------------------------
Name: SAMSUNG Galaxy S24 Ultra 5G (Titanium Black, 256 GB)
Price: ₹1,21,999
Link: https://www.flipkart.com/samsung-galaxy-s24-ultra-5g-titanium-black-256-gb/p/itm7d3b6b5d0f501?pid=MOBGX2F3QGZYYZAK&lid=LSTMOBGX2F3QGZYYZAKNETZ3C&marketplace=FLIPKART&q=samsung+galaxy+s10+lite+price&store=tyy%2F4io&srno=s_1_4&otracker=AS_QueryStore_OrganicAutoSuggest_2_18_na_na_na&otracker1=AS_QueryStore_OrganicAutoSuggest_2_18_na_na_na&fm=search-autosuggest&iid=c6a2f1fb-9c21-44b4-bede-85b8fff25bce.MOBGX2F3QGZYYZAK.SEARCH&ppt=sp&ppn=sp&ssid=2jbb19soww0000001723044944201&qH=e9ac4d84cd2eb9ab
-----------------------------
Name: SAMSUNG Galaxy S24 Ultra 5G (Titanium Gray, 256 GB)
Price: ₹1,21,999
Link: https://www.flipkart.com/samsung-galaxy-s24-ultra-5g-titanium-gray-256-gb/p/itm12ef5ea0212ed?pid=MOBGX2F3RQKKKTAW&lid=LSTMOBGX2F3RQKKKTAWKAVWET&marketplace=FLIPKART&q=samsung+galaxy+s10+lite+mobile&store=tyy%2F4io&srno=s_1_3&otracker=AS_QueryStore_OrganicAutoSuggest_1_18_na_na_na&otracker1=AS_QueryStore_OrganicAutoSuggest_1_18_na_na_na&fm=search-autosuggest&iid=dd9ca09e-bf99-4df4-bcbf-31e03e783582.MOBGX2F3RQKKKTAW.SEARCH&ppt=sp&ppn=sp&ssid=dtl8cnn65c0000001723044944828&qH=1284a3c29a2ae1f4
-----------------------------
Name: SAMSUNG Galaxy S23 Ultra 5G (Cream, 256 GB)
Price: ₹89,999
Link: https://www.flipkart.com/samsung-galaxy-s23-ultra-5g-cream-256-gb/p/itm322ed1a040dec?pid=MOBGMFFX44FGHNHV&lid=LSTMOBGMFFX44FGHNHVKDIBNL&marketplace=FLIPKART&q=samsung+galaxy+s10+lite+mobile&store=tyy%2F4io&srno=s_1_10&otracker=AS_QueryStore_OrganicAutoSuggest_1_18_na_na_na&otracker1=AS_QueryStore_OrganicAutoSuggest_1_18_na_na_na&fm=search-autosuggest&iid=2756b47c-10b9-4ef7-aae1-0e39387d9737.MOBGMFFX44FGHNHV.SEARCH&ppt=sp&ppn=sp&ssid=1thgzjfdalma2j9c1723044947299&qH=1284a3c29a2ae1f4
-----------------------------
Name: SAMSUNG Galaxy S24+ 5G (Onyx Black, 512 GB)
Price: ₹98,499
Link: https://www.flipkart.com/samsung-galaxy-s24-5g-onyx-black-512-gb/p/itme2d93d42550ad?pid=MOBGX2F3YAZ6MRCQ&lid=LSTMOBGX2F3YAZ6MRCQFU5NRH&marketplace=FLIPKART&q=samsung+galaxy+s10+lite+mobile&store=tyy%2F4io&srno=s_1_6&otracker=AS_QueryStore_OrganicAutoSuggest_1_18_na_na_na&otracker1=AS_QueryStore_OrganicAutoSuggest_1_18_na_na_na&fm=search-autosuggest&iid=7816cf95-b98c-4693-adf8-cde3556aad95.MOBGX2F3YAZ6MRCQ.SEARCH&ppt=sp&ppn=sp&ssid=kpyf9ff3z40000001723044943024&qH=1284a3c29a2ae1f4
-----------------------------
Name: SAMSUNG Galaxy S24+ 5G (Cobalt Violet, 512 GB)
Price: ₹98,499
Link: https://www.flipkart.com/samsung-galaxy-s24-5g-cobalt-violet-512-gb/p/itmdbe5ac49590db?pid=MOBGX2F3SN4R8GHF&lid=LSTMOBGX2F3SN4R8GHFUVLXKX&marketplace=FLIPKART&q=samsung+galaxy+s10+lite+mobile&store=tyy%2F4io&srno=s_1_7&otracker=AS_QueryStore_OrganicAutoSuggest_1_18_na_na_na&otracker1=AS_QueryStore_OrganicAutoSuggest_1_18_na_na_na&fm=search-autosuggest&iid=1245ba69-4437-4dd8-8ea6-0eb60436dd96.MOBGX2F3SN4R8GHF.SEARCH&ppt=sp&ppn=sp&ssid=g0k505inqo0000001723044941749&qH=1284a3c29a2ae1f4
-----------------------------
Name: SAMSUNG Galaxy S24+ 5G (Cobalt Violet, 512 GB)
Price: ₹98,499
Link: https://www.flipkart.com/samsung-galaxy-s24-5g-cobalt-violet-512-gb/p/itmdbe5ac49590db?pid=MOBGX2F3SN4R8GHF&lid=LSTMOBGX2F3SN4R8GHFUVLXKX&marketplace=FLIPKART&q=samsung+galaxy+s10+lite+price&store=tyy%2F4io&srno=s_1_5&otracker=AS_QueryStore_OrganicAutoSuggest_2_18_na_na_na&otracker1=AS_QueryStore_OrganicAutoSuggest_2_18_na_na_na&fm=search-autosuggest&iid=c6a2f1fb-9c21-44b4-bede-85b8fff25bce.MOBGX2F3SN4R8GHF.SEARCH&ppt=sp&ppn=sp&ssid=2jbb19soww0000001723044944201&qH=e9ac4d84cd2eb9ab
-----------------------------
Name: SAMSUNG Galaxy S24 Ultra 5G (Titanium Violet, 256 GB)
Price: ₹1,21,999
Link: https://www.flipkart.com/samsung-galaxy-s24-ultra-5g-titanium-violet-256-gb/p/itmd4f51262e3e6b?pid=MOBGX2F38JBJGZSE&lid=LSTMOBGX2F38JBJGZSELMVCH5&marketplace=FLIPKART&q=samsung+galaxy+s10+lite+mobile&store=tyy%2F4io&srno=s_1_4&otracker=AS_QueryStore_OrganicAutoSuggest_1_18_na_na_na&otracker1=AS_QueryStore_OrganicAutoSuggest_1_18_na_na_na&fm=search-autosuggest&iid=dd9ca09e-bf99-4df4-bcbf-31e03e783582.MOBGX2F38JBJGZSE.SEARCH&ppt=sp&ppn=sp&ssid=dtl8cnn65c0000001723044944828&qH=1284a3c29a2ae1f4
-----------------------------
Name: SAMSUNG Galaxy S22 Plus 5G (Green, 256 GB)
Price: ₹88,999
Link: https://www.flipkart.com/samsung-galaxy-s22-plus-5g-green-256-gb/p/itmc442739abe1a1?pid=MOBGGG2YGHC42XMF&lid=LSTMOBGGG2YGHC42XMFCUR4NX&marketplace=FLIPKART&q=samsung+galaxy+s10+lite+mobile&store=tyy%2F4io&srno=s_1_11&otracker=AS_QueryStore_OrganicAutoSuggest_1_18_na_na_na&otracker1=AS_QueryStore_OrganicAutoSuggest_1_18_na_na_na&fm=search-autosuggest&iid=2756b47c-10b9-4ef7-aae1-0e39387d9737.MOBGGG2YGHC42XMF.SEARCH&ppt=sp&ppn=sp&ssid=1thgzjfdalma2j9c1723044947299&qH=1284a3c29a2ae1f4
-----------------------------
Name: SAMSUNG Galaxy S24+ 5G (Cobalt Violet, 512 GB)
Price: ₹98,499
Link: https://www.flipkart.com/samsung-galaxy-s24-5g-cobalt-violet-512-gb/p/itmdbe5ac49590db?pid=MOBGX2F3SN4R8GHF&lid=LSTMOBGX2F3SN4R8GHFUVLXKX&marketplace=FLIPKART&q=samsung+galaxy+s10+lite+mobile&store=tyy%2F4io&srno=s_1_7&otracker=AS_QueryStore_OrganicAutoSuggest_1_18_na_na_na&otracker1=AS_QueryStore_OrganicAutoSuggest_1_18_na_na_na&fm=search-autosuggest&iid=7816cf95-b98c-4693-adf8-cde3556aad95.MOBGX2F3SN4R8GHF.SEARCH&ppt=sp&ppn=sp&ssid=kpyf9ff3z40000001723044943024&qH=1284a3c29a2ae1f4
-----------------------------
Name: SAMSUNG Galaxy S23 Plus 5G (Cream, 512 GB)
Price: ₹94,000
Link: https://www.flipkart.com/samsung-galaxy-s23-plus-5g-cream-512-gb/p/itm1f3bef850ef01?pid=MOBGMFFXHKGEXXGZ&lid=LSTMOBGMFFXHKGEXXGZCN8Z4O&marketplace=FLIPKART&q=samsung+galaxy+s10+lite+mobile&store=tyy%2F4io&srno=s_1_8&otracker=AS_QueryStore_OrganicAutoSuggest_1_18_na_na_na&otracker1=AS_QueryStore_OrganicAutoSuggest_1_18_na_na_na&fm=search-autosuggest&iid=1245ba69-4437-4dd8-8ea6-0eb60436dd96.MOBGMFFXHKGEXXGZ.SEARCH&ppt=sp&ppn=sp&ssid=g0k505inqo0000001723044941749&qH=1284a3c29a2ae1f4
-----------------------------
Name: SAMSUNG Galaxy S24+ 5G (Onyx Black, 512 GB)
Price: ₹98,499
Link: https://www.flipkart.com/samsung-galaxy-s24-5g-onyx-black-512-gb/p/itme2d93d42550ad?pid=MOBGX2F3YAZ6MRCQ&lid=LSTMOBGX2F3YAZ6MRCQFU5NRH&marketplace=FLIPKART&q=samsung+galaxy+s10+lite+price&store=tyy%2F4io&srno=s_1_6&otracker=AS_QueryStore_OrganicAutoSuggest_2_18_na_na_na&otracker1=AS_QueryStore_OrganicAutoSuggest_2_18_na_na_na&fm=search-autosuggest&iid=c6a2f1fb-9c21-44b4-bede-85b8fff25bce.MOBGX2F3YAZ6MRCQ.SEARCH&ppt=sp&ppn=sp&ssid=2jbb19soww0000001723044944201&qH=e9ac4d84cd2eb9ab
-----------------------------
Name: SAMSUNG Galaxy S24 Ultra 5G (Titanium Yellow, 256 GB)
Price: ₹1,21,999
Link: https://www.flipkart.com/samsung-galaxy-s24-ultra-5g-titanium-yellow-256-gb/p/itmeda50bc408d7d?pid=MOBHFRB2F96W6YYS&lid=LSTMOBHFRB2F96W6YYSRNYU8G&marketplace=FLIPKART&q=samsung+galaxy+s10+lite+mobile&store=tyy%2F4io&srno=s_1_5&otracker=AS_QueryStore_OrganicAutoSuggest_1_18_na_na_na&otracker1=AS_QueryStore_OrganicAutoSuggest_1_18_na_na_na&fm=search-autosuggest&iid=dd9ca09e-bf99-4df4-bcbf-31e03e783582.MOBHFRB2F96W6YYS.SEARCH&ppt=sp&ppn=sp&ssid=dtl8cnn65c0000001723044944828&qH=1284a3c29a2ae1f4
-----------------------------
Name: SAMSUNG Galaxy S24+ 5G (Onyx Black, 256 GB)
Price: ₹88,999
Link: https://www.flipkart.com/samsung-galaxy-s24-5g-onyx-black-256-gb/p/itm325da4a26d7bb?pid=MOBGX2F3HVJYNHUV&lid=LSTMOBGX2F3HVJYNHUVP4L3WU&marketplace=FLIPKART&q=samsung+galaxy+s10+lite+mobile&store=tyy%2F4io&srno=s_1_12&otracker=AS_QueryStore_OrganicAutoSuggest_1_18_na_na_na&otracker1=AS_QueryStore_OrganicAutoSuggest_1_18_na_na_na&fm=search-autosuggest&iid=2756b47c-10b9-4ef7-aae1-0e39387d9737.MOBGX2F3HVJYNHUV.SEARCH&ppt=sp&ppn=sp&ssid=1thgzjfdalma2j9c1723044947299&qH=1284a3c29a2ae1f4
-----------------------------
Name: SAMSUNG Galaxy S23 Plus 5G (Cream, 512 GB)
Price: ₹94,000
Link: https://www.flipkart.com/samsung-galaxy-s23-plus-5g-cream-512-gb/p/itm1f3bef850ef01?pid=MOBGMFFXHKGEXXGZ&lid=LSTMOBGMFFXHKGEXXGZCN8Z4O&marketplace=FLIPKART&q=samsung+galaxy+s10+lite+mobile&store=tyy%2F4io&srno=s_1_8&otracker=AS_QueryStore_OrganicAutoSuggest_1_18_na_na_na&otracker1=AS_QueryStore_OrganicAutoSuggest_1_18_na_na_na&fm=search-autosuggest&iid=7816cf95-b98c-4693-adf8-cde3556aad95.MOBGMFFXHKGEXXGZ.SEARCH&ppt=sp&ppn=sp&ssid=kpyf9ff3z40000001723044943024&qH=1284a3c29a2ae1f4
-----------------------------
Name: SAMSUNG Galaxy S23 Ultra 5G (Green, 256 GB)
Price: ₹89,999
Link: https://www.flipkart.com/samsung-galaxy-s23-ultra-5g-green-256-gb/p/itm77dc35f7779a4?pid=MOBGMFFX32WUYXUJ&lid=LSTMOBGMFFX32WUYXUJEUVNIW&marketplace=FLIPKART&q=samsung+galaxy+s10+lite+mobile&store=tyy%2F4io&srno=s_1_9&otracker=AS_QueryStore_OrganicAutoSuggest_1_18_na_na_na&otracker1=AS_QueryStore_OrganicAutoSuggest_1_18_na_na_na&fm=search-autosuggest&iid=1245ba69-4437-4dd8-8ea6-0eb60436dd96.MOBGMFFX32WUYXUJ.SEARCH&ppt=sp&ppn=sp&ssid=g0k505inqo0000001723044941749&qH=1284a3c29a2ae1f4
-----------------------------
Name: SAMSUNG Galaxy S24+ 5G (Cobalt Violet, 256 GB)
Price: ₹88,999
Link: https://www.flipkart.com/samsung-galaxy-s24-5g-cobalt-violet-256-gb/p/itm46fc37ddc7255?pid=MOBGX2F3GDX7QYFT&lid=LSTMOBGX2F3GDX7QYFTDDMJ7Z&marketplace=FLIPKART&q=samsung+galaxy+s10+lite+price&store=tyy%2F4io&srno=s_1_7&otracker=AS_QueryStore_OrganicAutoSuggest_2_18_na_na_na&otracker1=AS_QueryStore_OrganicAutoSuggest_2_18_na_na_na&fm=search-autosuggest&iid=c6a2f1fb-9c21-44b4-bede-85b8fff25bce.MOBGX2F3GDX7QYFT.SEARCH&ppt=sp&ppn=sp&ssid=2jbb19soww0000001723044944201&qH=e9ac4d84cd2eb9ab
-----------------------------
Name: SAMSUNG Galaxy S24+ 5G (Cobalt Violet, 256 GB)
Price: ₹88,999
Link: https://www.flipkart.com/samsung-galaxy-s24-5g-cobalt-violet-256-gb/p/itm46fc37ddc7255?pid=MOBGX2F3GDX7QYFT&lid=LSTMOBGX2F3GDX7QYFTDDMJ7Z&marketplace=FLIPKART&q=samsung+galaxy+s10+lite+mobile&store=tyy%2F4io&srno=s_1_13&otracker=AS_QueryStore_OrganicAutoSuggest_1_18_na_na_na&otracker1=AS_QueryStore_OrganicAutoSuggest_1_18_na_na_na&fm=search-autosuggest&iid=2756b47c-10b9-4ef7-aae1-0e39387d9737.MOBGX2F3GDX7QYFT.SEARCH&ppt=sp&ppn=sp&ssid=1thgzjfdalma2j9c1723044947299&qH=1284a3c29a2ae1f4
-----------------------------
Name: SAMSUNG Galaxy S24+ 5G (Onyx Black, 512 GB)
Price: ₹98,499
Link: https://www.flipkart.com/samsung-galaxy-s24-5g-onyx-black-512-gb/p/itme2d93d42550ad?pid=MOBGX2F3YAZ6MRCQ&lid=LSTMOBGX2F3YAZ6MRCQFU5NRH&marketplace=FLIPKART&q=samsung+galaxy+s10+lite+mobile&store=tyy%2F4io&srno=s_1_6&otracker=AS_QueryStore_OrganicAutoSuggest_1_18_na_na_na&otracker1=AS_QueryStore_OrganicAutoSuggest_1_18_na_na_na&fm=search-autosuggest&iid=dd9ca09e-bf99-4df4-bcbf-31e03e783582.MOBGX2F3YAZ6MRCQ.SEARCH&ppt=sp&ppn=sp&ssid=dtl8cnn65c0000001723044944828&qH=1284a3c29a2ae1f4
-----------------------------
Name: SAMSUNG Galaxy S23 Ultra 5G (Green, 256 GB)
Price: ₹89,999
Link: https://www.flipkart.com/samsung-galaxy-s23-ultra-5g-green-256-gb/p/itm77dc35f7779a4?pid=MOBGMFFX32WUYXUJ&lid=LSTMOBGMFFX32WUYXUJEUVNIW&marketplace=FLIPKART&q=samsung+galaxy+s10+lite+mobile&store=tyy%2F4io&srno=s_1_9&otracker=AS_QueryStore_OrganicAutoSuggest_1_18_na_na_na&otracker1=AS_QueryStore_OrganicAutoSuggest_1_18_na_na_na&fm=search-autosuggest&iid=7816cf95-b98c-4693-adf8-cde3556aad95.MOBGMFFX32WUYXUJ.SEARCH&ppt=sp&ppn=sp&ssid=kpyf9ff3z40000001723044943024&qH=1284a3c29a2ae1f4
-----------------------------
Name: SAMSUNG Galaxy S24+ 5G (Cobalt Violet, 256 GB)
Price: ₹88,999
Link: https://www.flipkart.com/samsung-galaxy-s24-5g-cobalt-violet-256-gb/p/itm46fc37ddc7255?pid=MOBGX2F3GDX7QYFT&lid=LSTMOBGX2F3GDX7QYFTDDMJ7Z&marketplace=FLIPKART&q=samsung+galaxy+s10+lite+mobile&store=tyy%2F4io&srno=s_1_10&otracker=AS_QueryStore_OrganicAutoSuggest_1_18_na_na_na&otracker1=AS_QueryStore_OrganicAutoSuggest_1_18_na_na_na&fm=search-autosuggest&iid=1245ba69-4437-4dd8-8ea6-0eb60436dd96.MOBGX2F3GDX7QYFT.SEARCH&ppt=sp&ppn=sp&ssid=g0k505inqo0000001723044941749&qH=1284a3c29a2ae1f4
-----------------------------
Name: SAMSUNG Galaxy S24 5G (Cobalt Violet, 512 GB)
Price: ₹84,499
Link: https://www.flipkart.com/samsung-galaxy-s24-5g-cobalt-violet-512-gb/p/itm0d5ed926087c7?pid=MOBGX2F3V52SBYMZ&lid=LSTMOBGX2F3V52SBYMZKEWTB0&marketplace=FLIPKART&q=samsung+galaxy+s10+lite+price&store=tyy%2F4io&srno=s_1_8&otracker=AS_QueryStore_OrganicAutoSuggest_2_18_na_na_na&otracker1=AS_QueryStore_OrganicAutoSuggest_2_18_na_na_na&fm=search-autosuggest&iid=c6a2f1fb-9c21-44b4-bede-85b8fff25bce.MOBGX2F3V52SBYMZ.SEARCH&ppt=sp&ppn=sp&ssid=2jbb19soww0000001723044944201&qH=e9ac4d84cd2eb9ab
-----------------------------
Name: SAMSUNG Galaxy S24 5G (Onyx Black, 512 GB)
Price: ₹84,499
Link: https://www.flipkart.com/samsung-galaxy-s24-5g-onyx-black-512-gb/p/itm210a5a47ed251?pid=MOBGX2F3FEUH6PKS&lid=LSTMOBGX2F3FEUH6PKSNYKMCU&marketplace=FLIPKART&q=samsung+galaxy+s10+lite+mobile&store=tyy%2F4io&srno=s_1_14&otracker=AS_QueryStore_OrganicAutoSuggest_1_18_na_na_na&otracker1=AS_QueryStore_OrganicAutoSuggest_1_18_na_na_na&fm=search-autosuggest&iid=2756b47c-10b9-4ef7-aae1-0e39387d9737.MOBGX2F3FEUH6PKS.SEARCH&ppt=sp&ppn=sp&ssid=1thgzjfdalma2j9c1723044947299&qH=1284a3c29a2ae1f4
-----------------------------
Name: SAMSUNG Galaxy S24+ 5G (Cobalt Violet, 512 GB)
Price: ₹98,499
Link: https://www.flipkart.com/samsung-galaxy-s24-5g-cobalt-violet-512-gb/p/itmdbe5ac49590db?pid=MOBGX2F3SN4R8GHF&lid=LSTMOBGX2F3SN4R8GHFUVLXKX&marketplace=FLIPKART&q=samsung+galaxy+s10+lite+mobile&store=tyy%2F4io&srno=s_1_7&otracker=AS_QueryStore_OrganicAutoSuggest_1_18_na_na_na&otracker1=AS_QueryStore_OrganicAutoSuggest_1_18_na_na_na&fm=search-autosuggest&iid=dd9ca09e-bf99-4df4-bcbf-31e03e783582.MOBGX2F3SN4R8GHF.SEARCH&ppt=sp&ppn=sp&ssid=dtl8cnn65c0000001723044944828&qH=1284a3c29a2ae1f4
-----------------------------
Name: SAMSUNG Galaxy S24+ 5G (Cobalt Violet, 256 GB)
Price: ₹88,999
Link: https://www.flipkart.com/samsung-galaxy-s24-5g-cobalt-violet-256-gb/p/itm46fc37ddc7255?pid=MOBGX2F3GDX7QYFT&lid=LSTMOBGX2F3GDX7QYFTDDMJ7Z&marketplace=FLIPKART&q=samsung+galaxy+s10+lite+mobile&store=tyy%2F4io&srno=s_1_10&otracker=AS_QueryStore_OrganicAutoSuggest_1_18_na_na_na&otracker1=AS_QueryStore_OrganicAutoSuggest_1_18_na_na_na&fm=search-autosuggest&iid=7816cf95-b98c-4693-adf8-cde3556aad95.MOBGX2F3GDX7QYFT.SEARCH&ppt=sp&ppn=sp&ssid=kpyf9ff3z40000001723044943024&qH=1284a3c29a2ae1f4
-----------------------------
Name: SAMSUNG Galaxy S22 Plus 5G (Green, 256 GB)
Price: ₹88,999
Link: https://www.flipkart.com/samsung-galaxy-s22-plus-5g-green-256-gb/p/itmc442739abe1a1?pid=MOBGGG2YGHC42XMF&lid=LSTMOBGGG2YGHC42XMFCUR4NX&marketplace=FLIPKART&q=samsung+galaxy+s10+lite+mobile&store=tyy%2F4io&srno=s_1_11&otracker=AS_QueryStore_OrganicAutoSuggest_1_18_na_na_na&otracker1=AS_QueryStore_OrganicAutoSuggest_1_18_na_na_na&fm=search-autosuggest&iid=1245ba69-4437-4dd8-8ea6-0eb60436dd96.MOBGGG2YGHC42XMF.SEARCH&ppt=sp&ppn=sp&ssid=g0k505inqo0000001723044941749&qH=1284a3c29a2ae1f4
-----------------------------
Name: SAMSUNG Galaxy S24 5G (Onyx Black, 512 GB)
Price: ₹84,499
Link: https://www.flipkart.com/samsung-galaxy-s24-5g-onyx-black-512-gb/p/itm210a5a47ed251?pid=MOBGX2F3FEUH6PKS&lid=LSTMOBGX2F3FEUH6PKSNYKMCU&marketplace=FLIPKART&q=samsung+galaxy+s10+lite+price&store=tyy%2F4io&srno=s_1_9&otracker=AS_QueryStore_OrganicAutoSuggest_2_18_na_na_na&otracker1=AS_QueryStore_OrganicAutoSuggest_2_18_na_na_na&fm=search-autosuggest&iid=c6a2f1fb-9c21-44b4-bede-85b8fff25bce.MOBGX2F3FEUH6PKS.SEARCH&ppt=sp&ppn=sp&ssid=2jbb19soww0000001723044944201&qH=e9ac4d84cd2eb9ab
-----------------------------
Name: SAMSUNG Galaxy S24 5G (Amber Yellow, 512 GB)
Price: ₹84,499
Link: https://www.flipkart.com/samsung-galaxy-s24-5g-amber-yellow-512-gb/p/itm6225fa9b0990b?pid=MOBGX2F3VFMYCHCX&lid=LSTMOBGX2F3VFMYCHCXJQ83UW&marketplace=FLIPKART&q=samsung+galaxy+s10+lite+mobile&store=tyy%2F4io&srno=s_1_15&otracker=AS_QueryStore_OrganicAutoSuggest_1_18_na_na_na&otracker1=AS_QueryStore_OrganicAutoSuggest_1_18_na_na_na&fm=search-autosuggest&iid=2756b47c-10b9-4ef7-aae1-0e39387d9737.MOBGX2F3VFMYCHCX.SEARCH&ppt=sp&ppn=sp&ssid=1thgzjfdalma2j9c1723044947299&qH=1284a3c29a2ae1f4
-----------------------------
Name: SAMSUNG Galaxy S23 Plus 5G (Cream, 512 GB)
Price: ₹94,000
Link: https://www.flipkart.com/samsung-galaxy-s23-plus-5g-cream-512-gb/p/itm1f3bef850ef01?pid=MOBGMFFXHKGEXXGZ&lid=LSTMOBGMFFXHKGEXXGZCN8Z4O&marketplace=FLIPKART&q=samsung+galaxy+s10+lite+mobile&store=tyy%2F4io&srno=s_1_8&otracker=AS_QueryStore_OrganicAutoSuggest_1_18_na_na_na&otracker1=AS_QueryStore_OrganicAutoSuggest_1_18_na_na_na&fm=search-autosuggest&iid=dd9ca09e-bf99-4df4-bcbf-31e03e783582.MOBGMFFXHKGEXXGZ.SEARCH&ppt=sp&ppn=sp&ssid=dtl8cnn65c0000001723044944828&qH=1284a3c29a2ae1f4
-----------------------------
Name: SAMSUNG Galaxy S22 Plus 5G (Green, 256 GB)
Price: ₹88,999
Link: https://www.flipkart.com/samsung-galaxy-s22-plus-5g-green-256-gb/p/itmc442739abe1a1?pid=MOBGGG2YGHC42XMF&lid=LSTMOBGGG2YGHC42XMFCUR4NX&marketplace=FLIPKART&q=samsung+galaxy+s10+lite+mobile&store=tyy%2F4io&srno=s_1_11&otracker=AS_QueryStore_OrganicAutoSuggest_1_18_na_na_na&otracker1=AS_QueryStore_OrganicAutoSuggest_1_18_na_na_na&fm=search-autosuggest&iid=7816cf95-b98c-4693-adf8-cde3556aad95.MOBGGG2YGHC42XMF.SEARCH&ppt=sp&ppn=sp&ssid=kpyf9ff3z40000001723044943024&qH=1284a3c29a2ae1f4
-----------------------------
Name: SAMSUNG Galaxy S24 5G (Onyx Black, 512 GB)
Price: ₹84,499
Link: https://www.flipkart.com/samsung-galaxy-s24-5g-onyx-black-512-gb/p/itm210a5a47ed251?pid=MOBGX2F3FEUH6PKS&lid=LSTMOBGX2F3FEUH6PKSNYKMCU&marketplace=FLIPKART&q=samsung+galaxy+s10+lite+mobile&store=tyy%2F4io&srno=s_1_12&otracker=AS_QueryStore_OrganicAutoSuggest_1_18_na_na_na&otracker1=AS_QueryStore_OrganicAutoSuggest_1_18_na_na_na&fm=search-autosuggest&iid=1245ba69-4437-4dd8-8ea6-0eb60436dd96.MOBGX2F3FEUH6PKS.SEARCH&ppt=sp&ppn=sp&ssid=g0k505inqo0000001723044941749&qH=1284a3c29a2ae1f4
-----------------------------
Name: SAMSUNG Galaxy S24 5G (Cobalt Violet, 512 GB)
Price: ₹84,499
Link: https://www.flipkart.com/samsung-galaxy-s24-5g-cobalt-violet-512-gb/p/itm0d5ed926087c7?pid=MOBGX2F3V52SBYMZ&lid=LSTMOBGX2F3V52SBYMZKEWTB0&marketplace=FLIPKART&q=samsung+galaxy+s10+lite+mobile&store=tyy%2F4io&srno=s_1_16&otracker=AS_QueryStore_OrganicAutoSuggest_1_18_na_na_na&otracker1=AS_QueryStore_OrganicAutoSuggest_1_18_na_na_na&fm=search-autosuggest&iid=2756b47c-10b9-4ef7-aae1-0e39387d9737.MOBGX2F3V52SBYMZ.SEARCH&ppt=sp&ppn=sp&ssid=1thgzjfdalma2j9c1723044947299&qH=1284a3c29a2ae1f4
-----------------------------
Name: SAMSUNG Galaxy S24 5G (Amber Yellow, 512 GB)
Price: ₹84,499
Link: https://www.flipkart.com/samsung-galaxy-s24-5g-amber-yellow-512-gb/p/itm6225fa9b0990b?pid=MOBGX2F3VFMYCHCX&lid=LSTMOBGX2F3VFMYCHCXJQ83UW&marketplace=FLIPKART&q=samsung+galaxy+s10+lite+price&store=tyy%2F4io&srno=s_1_10&otracker=AS_QueryStore_OrganicAutoSuggest_2_18_na_na_na&otracker1=AS_QueryStore_OrganicAutoSuggest_2_18_na_na_na&fm=search-autosuggest&iid=c6a2f1fb-9c21-44b4-bede-85b8fff25bce.MOBGX2F3VFMYCHCX.SEARCH&ppt=sp&ppn=sp&ssid=2jbb19soww0000001723044944201&qH=e9ac4d84cd2eb9ab
-----------------------------
Name: SAMSUNG Galaxy S23 Ultra 5G (Green, 256 GB)
Price: ₹89,999
Link: https://www.flipkart.com/samsung-galaxy-s23-ultra-5g-green-256-gb/p/itm77dc35f7779a4?pid=MOBGMFFX32WUYXUJ&lid=LSTMOBGMFFX32WUYXUJEUVNIW&marketplace=FLIPKART&q=samsung+galaxy+s10+lite+mobile&store=tyy%2F4io&srno=s_1_9&otracker=AS_QueryStore_OrganicAutoSuggest_1_18_na_na_na&otracker1=AS_QueryStore_OrganicAutoSuggest_1_18_na_na_na&fm=search-autosuggest&iid=dd9ca09e-bf99-4df4-bcbf-31e03e783582.MOBGMFFX32WUYXUJ.SEARCH&ppt=sp&ppn=sp&ssid=dtl8cnn65c0000001723044944828&qH=1284a3c29a2ae1f4
-----------------------------
Name: SAMSUNG Galaxy S24 5G (Onyx Black, 512 GB)
Price: ₹84,499
Link: https://www.flipkart.com/samsung-galaxy-s24-5g-onyx-black-512-gb/p/itm210a5a47ed251?pid=MOBGX2F3FEUH6PKS&lid=LSTMOBGX2F3FEUH6PKSNYKMCU&marketplace=FLIPKART&q=samsung+galaxy+s10+lite+mobile&store=tyy%2F4io&srno=s_1_12&otracker=AS_QueryStore_OrganicAutoSuggest_1_18_na_na_na&otracker1=AS_QueryStore_OrganicAutoSuggest_1_18_na_na_na&fm=search-autosuggest&iid=7816cf95-b98c-4693-adf8-cde3556aad95.MOBGX2F3FEUH6PKS.SEARCH&ppt=sp&ppn=sp&ssid=kpyf9ff3z40000001723044943024&qH=1284a3c29a2ae1f4
-----------------------------
Name: SAMSUNG Galaxy S24 5G (Amber Yellow, 512 GB)
Price: ₹84,499
Link: https://www.flipkart.com/samsung-galaxy-s24-5g-amber-yellow-512-gb/p/itm6225fa9b0990b?pid=MOBGX2F3VFMYCHCX&lid=LSTMOBGX2F3VFMYCHCXJQ83UW&marketplace=FLIPKART&q=samsung+galaxy+s10+lite+mobile&store=tyy%2F4io&srno=s_1_13&otracker=AS_QueryStore_OrganicAutoSuggest_1_18_na_na_na&otracker1=AS_QueryStore_OrganicAutoSuggest_1_18_na_na_na&fm=search-autosuggest&iid=1245ba69-4437-4dd8-8ea6-0eb60436dd96.MOBGX2F3VFMYCHCX.SEARCH&ppt=sp&ppn=sp&ssid=g0k505inqo0000001723044941749&qH=1284a3c29a2ae1f4
-----------------------------
Name: SAMSUNG Galaxy S24 5G (Amber Yellow, 256 GB)
Price: ₹74,999
Link: https://www.flipkart.com/samsung-galaxy-s24-5g-amber-yellow-256-gb/p/itmebc700bb8d159?pid=MOBGX2F3TYAVSQJC&lid=LSTMOBGX2F3TYAVSQJCZEHPSQ&marketplace=FLIPKART&q=samsung+galaxy+s10+lite+mobile&store=tyy%2F4io&srno=s_1_17&otracker=AS_QueryStore_OrganicAutoSuggest_1_18_na_na_na&otracker1=AS_QueryStore_OrganicAutoSuggest_1_18_na_na_na&fm=search-autosuggest&iid=2756b47c-10b9-4ef7-aae1-0e39387d9737.MOBGX2F3TYAVSQJC.SEARCH&ppt=sp&ppn=sp&ssid=1thgzjfdalma2j9c1723044947299&qH=1284a3c29a2ae1f4
-----------------------------
Name: SAMSUNG Galaxy S24 5G (Amber Yellow, 256 GB)
Price: ₹74,999
Link: https://www.flipkart.com/samsung-galaxy-s24-5g-amber-yellow-256-gb/p/itmebc700bb8d159?pid=MOBGX2F3TYAVSQJC&lid=LSTMOBGX2F3TYAVSQJCZEHPSQ&marketplace=FLIPKART&q=samsung+galaxy+s10+lite+price&store=tyy%2F4io&srno=s_1_11&otracker=AS_QueryStore_OrganicAutoSuggest_2_18_na_na_na&otracker1=AS_QueryStore_OrganicAutoSuggest_2_18_na_na_na&fm=search-autosuggest&iid=c6a2f1fb-9c21-44b4-bede-85b8fff25bce.MOBGX2F3TYAVSQJC.SEARCH&ppt=sp&ppn=sp&ssid=2jbb19soww0000001723044944201&qH=e9ac4d84cd2eb9ab
-----------------------------
Name: SAMSUNG Galaxy S24+ 5G (Cobalt Violet, 256 GB)
Price: ₹88,999
Link: https://www.flipkart.com/samsung-galaxy-s24-5g-cobalt-violet-256-gb/p/itm46fc37ddc7255?pid=MOBGX2F3GDX7QYFT&lid=LSTMOBGX2F3GDX7QYFTDDMJ7Z&marketplace=FLIPKART&q=samsung+galaxy+s10+lite+mobile&store=tyy%2F4io&srno=s_1_10&otracker=AS_QueryStore_OrganicAutoSuggest_1_18_na_na_na&otracker1=AS_QueryStore_OrganicAutoSuggest_1_18_na_na_na&fm=search-autosuggest&iid=dd9ca09e-bf99-4df4-bcbf-31e03e783582.MOBGX2F3GDX7QYFT.SEARCH&ppt=sp&ppn=sp&ssid=dtl8cnn65c0000001723044944828&qH=1284a3c29a2ae1f4
-----------------------------
Name: SAMSUNG Galaxy S24 5G (Amber Yellow, 512 GB)
Price: ₹84,499
Link: https://www.flipkart.com/samsung-galaxy-s24-5g-amber-yellow-512-gb/p/itm6225fa9b0990b?pid=MOBGX2F3VFMYCHCX&lid=LSTMOBGX2F3VFMYCHCXJQ83UW&marketplace=FLIPKART&q=samsung+galaxy+s10+lite+mobile&store=tyy%2F4io&srno=s_1_13&otracker=AS_QueryStore_OrganicAutoSuggest_1_18_na_na_na&otracker1=AS_QueryStore_OrganicAutoSuggest_1_18_na_na_na&fm=search-autosuggest&iid=7816cf95-b98c-4693-adf8-cde3556aad95.MOBGX2F3VFMYCHCX.SEARCH&ppt=sp&ppn=sp&ssid=kpyf9ff3z40000001723044943024&qH=1284a3c29a2ae1f4
-----------------------------
Name: SAMSUNG Galaxy S24 5G (Cobalt Violet, 512 GB)
Name: SAMSUNG Galaxy S24 5G (Cobalt Violet, 256 GB)
Price: ₹84,499
Price: ₹74,999
Link: https://www.flipkart.com/samsung-galaxy-s24-5g-cobalt-violet-512-gb/p/itm0d5ed926087c7?pid=MOBGX2F3V52SBYMZ&lid=LSTMOBGX2F3V52SBYMZKEWTB0&marketplace=FLIPKART&q=samsung+galaxy+s10+lite+mobile&store=tyy%2F4io&srno=s_1_14&otracker=AS_QueryStore_OrganicAutoSuggest_1_18_na_na_na&otracker1=AS_QueryStore_OrganicAutoSuggest_1_18_na_na_na&fm=search-autosuggest&iid=1245ba69-4437-4dd8-8ea6-0eb60436dd96.MOBGX2F3V52SBYMZ.SEARCH&ppt=sp&ppn=sp&ssid=g0k505inqo0000001723044941749&qH=1284a3c29a2ae1f4
Link: https://www.flipkart.com/samsung-galaxy-s24-5g-cobalt-violet-256-gb/p/itme4c78903b0c9f?pid=MOBGX2F3GNSJZ23R&lid=LSTMOBGX2F3GNSJZ23REJ6ZQ8&marketplace=FLIPKART&q=samsung+galaxy+s10+lite+mobile&store=tyy%2F4io&srno=s_1_18&otracker=AS_QueryStore_OrganicAutoSuggest_1_18_na_na_na&otracker1=AS_QueryStore_OrganicAutoSuggest_1_18_na_na_na&fm=search-autosuggest&iid=2756b47c-10b9-4ef7-aae1-0e39387d9737.MOBGX2F3GNSJZ23R.SEARCH&ppt=sp&ppn=sp&ssid=1thgzjfdalma2j9c1723044947299&qH=1284a3c29a2ae1f4
-----------------------------
-----------------------------
Name: SAMSUNG Galaxy S24 5G (Cobalt Violet, 256 GB)
Price: ₹74,999
Link: https://www.flipkart.com/samsung-galaxy-s24-5g-cobalt-violet-256-gb/p/itme4c78903b0c9f?pid=MOBGX2F3GNSJZ23R&lid=LSTMOBGX2F3GNSJZ23REJ6ZQ8&marketplace=FLIPKART&q=samsung+galaxy+s10+lite+price&store=tyy%2F4io&srno=s_1_12&otracker=AS_QueryStore_OrganicAutoSuggest_2_18_na_na_na&otracker1=AS_QueryStore_OrganicAutoSuggest_2_18_na_na_na&fm=search-autosuggest&iid=c6a2f1fb-9c21-44b4-bede-85b8fff25bce.MOBGX2F3GNSJZ23R.SEARCH&ppt=sp&ppn=sp&ssid=2jbb19soww0000001723044944201&qH=e9ac4d84cd2eb9ab
-----------------------------
Name: SAMSUNG Galaxy S22 Plus 5G (Green, 256 GB)
Price: ₹88,999
Link: https://www.flipkart.com/samsung-galaxy-s22-plus-5g-green-256-gb/p/itmc442739abe1a1?pid=MOBGGG2YGHC42XMF&lid=LSTMOBGGG2YGHC42XMFCUR4NX&marketplace=FLIPKART&q=samsung+galaxy+s10+lite+mobile&store=tyy%2F4io&srno=s_1_11&otracker=AS_QueryStore_OrganicAutoSuggest_1_18_na_na_na&otracker1=AS_QueryStore_OrganicAutoSuggest_1_18_na_na_na&fm=search-autosuggest&iid=dd9ca09e-bf99-4df4-bcbf-31e03e783582.MOBGGG2YGHC42XMF.SEARCH&ppt=sp&ppn=sp&ssid=dtl8cnn65c0000001723044944828&qH=1284a3c29a2ae1f4
-----------------------------
Name: SAMSUNG Galaxy S24 5G (Cobalt Violet, 512 GB)
Price: ₹84,499
Link: https://www.flipkart.com/samsung-galaxy-s24-5g-cobalt-violet-512-gb/p/itm0d5ed926087c7?pid=MOBGX2F3V52SBYMZ&lid=LSTMOBGX2F3V52SBYMZKEWTB0&marketplace=FLIPKART&q=samsung+galaxy+s10+lite+mobile&store=tyy%2F4io&srno=s_1_14&otracker=AS_QueryStore_OrganicAutoSuggest_1_18_na_na_na&otracker1=AS_QueryStore_OrganicAutoSuggest_1_18_na_na_na&fm=search-autosuggest&iid=7816cf95-b98c-4693-adf8-cde3556aad95.MOBGX2F3V52SBYMZ.SEARCH&ppt=sp&ppn=sp&ssid=kpyf9ff3z40000001723044943024&qH=1284a3c29a2ae1f4
-----------------------------
Name: SAMSUNG Galaxy S24 5G (Cobalt Violet, 256 GB)
Price: ₹74,999
Link: https://www.flipkart.com/samsung-galaxy-s24-5g-cobalt-violet-256-gb/p/itme4c78903b0c9f?pid=MOBGX2F3GNSJZ23R&lid=LSTMOBGX2F3GNSJZ23REJ6ZQ8&marketplace=FLIPKART&q=samsung+galaxy+s10+lite+mobile&store=tyy%2F4io&srno=s_1_15&otracker=AS_QueryStore_OrganicAutoSuggest_1_18_na_na_na&otracker1=AS_QueryStore_OrganicAutoSuggest_1_18_na_na_na&fm=search-autosuggest&iid=1245ba69-4437-4dd8-8ea6-0eb60436dd96.MOBGX2F3GNSJZ23R.SEARCH&ppt=sp&ppn=sp&ssid=g0k505inqo0000001723044941749&qH=1284a3c29a2ae1f4
-----------------------------
Name: SAMSUNG Galaxy S24 5G (Onyx Black, 256 GB)
Price: ₹74,999
Link: https://www.flipkart.com/samsung-galaxy-s24-5g-onyx-black-256-gb/p/itm0456c01739016?pid=MOBGX2F3ZUBMWBGP&lid=LSTMOBGX2F3ZUBMWBGPME7BYW&marketplace=FLIPKART&q=samsung+galaxy+s10+lite+mobile&store=tyy%2F4io&srno=s_1_19&otracker=AS_QueryStore_OrganicAutoSuggest_1_18_na_na_na&otracker1=AS_QueryStore_OrganicAutoSuggest_1_18_na_na_na&fm=search-autosuggest&iid=2756b47c-10b9-4ef7-aae1-0e39387d9737.MOBGX2F3ZUBMWBGP.SEARCH&ppt=sp&ppn=sp&ssid=1thgzjfdalma2j9c1723044947299&qH=1284a3c29a2ae1f4
-----------------------------
Name: SAMSUNG Galaxy S24 5G (Onyx Black, 256 GB)
Price: ₹74,999
Link: https://www.flipkart.com/samsung-galaxy-s24-5g-onyx-black-256-gb/p/itm0456c01739016?pid=MOBGX2F3ZUBMWBGP&lid=LSTMOBGX2F3ZUBMWBGPME7BYW&marketplace=FLIPKART&q=samsung+galaxy+s10+lite+price&store=tyy%2F4io&srno=s_1_13&otracker=AS_QueryStore_OrganicAutoSuggest_2_18_na_na_na&otracker1=AS_QueryStore_OrganicAutoSuggest_2_18_na_na_na&fm=search-autosuggest&iid=c6a2f1fb-9c21-44b4-bede-85b8fff25bce.MOBGX2F3ZUBMWBGP.SEARCH&ppt=sp&ppn=sp&ssid=2jbb19soww0000001723044944201&qH=e9ac4d84cd2eb9ab
-----------------------------
Name: SAMSUNG Galaxy S24 5G (Onyx Black, 512 GB)
Price: ₹84,499
Link: https://www.flipkart.com/samsung-galaxy-s24-5g-onyx-black-512-gb/p/itm210a5a47ed251?pid=MOBGX2F3FEUH6PKS&lid=LSTMOBGX2F3FEUH6PKSNYKMCU&marketplace=FLIPKART&q=samsung+galaxy+s10+lite+mobile&store=tyy%2F4io&srno=s_1_12&otracker=AS_QueryStore_OrganicAutoSuggest_1_18_na_na_na&otracker1=AS_QueryStore_OrganicAutoSuggest_1_18_na_na_na&fm=search-autosuggest&iid=dd9ca09e-bf99-4df4-bcbf-31e03e783582.MOBGX2F3FEUH6PKS.SEARCH&ppt=sp&ppn=sp&ssid=dtl8cnn65c0000001723044944828&qH=1284a3c29a2ae1f4
-----------------------------
Name: SAMSUNG Galaxy S24 5G (Cobalt Violet, 256 GB)
Price: ₹74,999
Link: https://www.flipkart.com/samsung-galaxy-s24-5g-cobalt-violet-256-gb/p/itme4c78903b0c9f?pid=MOBGX2F3GNSJZ23R&lid=LSTMOBGX2F3GNSJZ23REJ6ZQ8&marketplace=FLIPKART&q=samsung+galaxy+s10+lite+mobile&store=tyy%2F4io&srno=s_1_15&otracker=AS_QueryStore_OrganicAutoSuggest_1_18_na_na_na&otracker1=AS_QueryStore_OrganicAutoSuggest_1_18_na_na_na&fm=search-autosuggest&iid=7816cf95-b98c-4693-adf8-cde3556aad95.MOBGX2F3GNSJZ23R.SEARCH&ppt=sp&ppn=sp&ssid=kpyf9ff3z40000001723044943024&qH=1284a3c29a2ae1f4
-----------------------------
Name: SAMSUNG Galaxy S24 5G (Onyx Black, 256 GB)
Price: ₹74,999
Link: https://www.flipkart.com/samsung-galaxy-s24-5g-onyx-black-256-gb/p/itm0456c01739016?pid=MOBGX2F3ZUBMWBGP&lid=LSTMOBGX2F3ZUBMWBGPME7BYW&marketplace=FLIPKART&q=samsung+galaxy+s10+lite+mobile&store=tyy%2F4io&srno=s_1_16&otracker=AS_QueryStore_OrganicAutoSuggest_1_18_na_na_na&otracker1=AS_QueryStore_OrganicAutoSuggest_1_18_na_na_na&fm=search-autosuggest&iid=1245ba69-4437-4dd8-8ea6-0eb60436dd96.MOBGX2F3ZUBMWBGP.SEARCH&ppt=sp&ppn=sp&ssid=g0k505inqo0000001723044941749&qH=1284a3c29a2ae1f4
-----------------------------
Name: SAMSUNG Galaxy S24 5G (Amber Yellow, 128 GB)
Price: ₹69,999
Link: https://www.flipkart.com/samsung-galaxy-s24-5g-amber-yellow-128-gb/p/itmc7715e16403d1?pid=MOBHYJ6QMSGJG28G&lid=LSTMOBHYJ6QMSGJG28GKEE5UE&marketplace=FLIPKART&q=samsung+galaxy+s10+lite+mobile&store=tyy%2F4io&srno=s_1_20&otracker=AS_QueryStore_OrganicAutoSuggest_1_18_na_na_na&otracker1=AS_QueryStore_OrganicAutoSuggest_1_18_na_na_na&fm=search-autosuggest&iid=2756b47c-10b9-4ef7-aae1-0e39387d9737.MOBHYJ6QMSGJG28G.SEARCH&ppt=sp&ppn=sp&ssid=1thgzjfdalma2j9c1723044947299&qH=1284a3c29a2ae1f4
-----------------------------
Name: SAMSUNG Galaxy S24 5G (Amber Yellow, 128 GB)
Price: ₹69,999
Link: https://www.flipkart.com/samsung-galaxy-s24-5g-amber-yellow-128-gb/p/itmc7715e16403d1?pid=MOBHYJ6QMSGJG28G&lid=LSTMOBHYJ6QMSGJG28GKEE5UE&marketplace=FLIPKART&q=samsung+galaxy+s10+lite+price&store=tyy%2F4io&srno=s_1_14&otracker=AS_QueryStore_OrganicAutoSuggest_2_18_na_na_na&otracker1=AS_QueryStore_OrganicAutoSuggest_2_18_na_na_na&fm=search-autosuggest&iid=c6a2f1fb-9c21-44b4-bede-85b8fff25bce.MOBHYJ6QMSGJG28G.SEARCH&ppt=sp&ppn=sp&ssid=2jbb19soww0000001723044944201&qH=e9ac4d84cd2eb9ab
-----------------------------
Name: SAMSUNG Galaxy S24 5G (Amber Yellow, 512 GB)
Price: ₹84,499
Link: https://www.flipkart.com/samsung-galaxy-s24-5g-amber-yellow-512-gb/p/itm6225fa9b0990b?pid=MOBGX2F3VFMYCHCX&lid=LSTMOBGX2F3VFMYCHCXJQ83UW&marketplace=FLIPKART&q=samsung+galaxy+s10+lite+mobile&store=tyy%2F4io&srno=s_1_13&otracker=AS_QueryStore_OrganicAutoSuggest_1_18_na_na_na&otracker1=AS_QueryStore_OrganicAutoSuggest_1_18_na_na_na&fm=search-autosuggest&iid=dd9ca09e-bf99-4df4-bcbf-31e03e783582.MOBGX2F3VFMYCHCX.SEARCH&ppt=sp&ppn=sp&ssid=dtl8cnn65c0000001723044944828&qH=1284a3c29a2ae1f4
-----------------------------
Name: SAMSUNG Galaxy S24 5G (Onyx Black, 256 GB)
Price: ₹74,999
Link: https://www.flipkart.com/samsung-galaxy-s24-5g-onyx-black-256-gb/p/itm0456c01739016?pid=MOBGX2F3ZUBMWBGP&lid=LSTMOBGX2F3ZUBMWBGPME7BYW&marketplace=FLIPKART&q=samsung+galaxy+s10+lite+mobile&store=tyy%2F4io&srno=s_1_16&otracker=AS_QueryStore_OrganicAutoSuggest_1_18_na_na_na&otracker1=AS_QueryStore_OrganicAutoSuggest_1_18_na_na_na&fm=search-autosuggest&iid=7816cf95-b98c-4693-adf8-cde3556aad95.MOBGX2F3ZUBMWBGP.SEARCH&ppt=sp&ppn=sp&ssid=kpyf9ff3z40000001723044943024&qH=1284a3c29a2ae1f4
-----------------------------
Name: SAMSUNG Galaxy S24 5G (Cobalt Violet, 128 GB)
Price: ₹69,999
Link: https://www.flipkart.com/samsung-galaxy-s24-5g-cobalt-violet-128-gb/p/itma2ec54ed01030?pid=MOBHYJ6Q3ZAFJTF7&lid=LSTMOBHYJ6Q3ZAFJTF7GUPLRR&marketplace=FLIPKART&q=samsung+galaxy+s10+lite+mobile&store=tyy%2F4io&srno=s_1_21&otracker=AS_QueryStore_OrganicAutoSuggest_1_18_na_na_na&otracker1=AS_QueryStore_OrganicAutoSuggest_1_18_na_na_na&fm=search-autosuggest&iid=2756b47c-10b9-4ef7-aae1-0e39387d9737.MOBHYJ6Q3ZAFJTF7.SEARCH&ppt=sp&ppn=sp&ssid=1thgzjfdalma2j9c1723044947299&qH=1284a3c29a2ae1f4
-----------------------------
Name: SAMSUNG Galaxy S24 5G (Amber Yellow, 256 GB)
Price: ₹74,999
Link: https://www.flipkart.com/samsung-galaxy-s24-5g-amber-yellow-256-gb/p/itmebc700bb8d159?pid=MOBGX2F3TYAVSQJC&lid=LSTMOBGX2F3TYAVSQJCZEHPSQ&marketplace=FLIPKART&q=samsung+galaxy+s10+lite+mobile&store=tyy%2F4io&srno=s_1_17&otracker=AS_QueryStore_OrganicAutoSuggest_1_18_na_na_na&otracker1=AS_QueryStore_OrganicAutoSuggest_1_18_na_na_na&fm=search-autosuggest&iid=1245ba69-4437-4dd8-8ea6-0eb60436dd96.MOBGX2F3TYAVSQJC.SEARCH&ppt=sp&ppn=sp&ssid=g0k505inqo0000001723044941749&qH=1284a3c29a2ae1f4
-----------------------------
Name: SAMSUNG Galaxy S22 Plus 5G (Phantom Black, 128 GB)
Price: ₹69,999
Link: https://www.flipkart.com/samsung-galaxy-s22-plus-5g-phantom-black-128-gb/p/itm7fd318a27dcd7?pid=MOBGGG2YUGAYANRQ&lid=LSTMOBGGG2YUGAYANRQQF31UI&marketplace=FLIPKART&q=samsung+galaxy+s10+lite+price&store=tyy%2F4io&srno=s_1_15&otracker=AS_QueryStore_OrganicAutoSuggest_2_18_na_na_na&otracker1=AS_QueryStore_OrganicAutoSuggest_2_18_na_na_na&fm=search-autosuggest&iid=c6a2f1fb-9c21-44b4-bede-85b8fff25bce.MOBGGG2YUGAYANRQ.SEARCH&ppt=sp&ppn=sp&ssid=2jbb19soww0000001723044944201&qH=e9ac4d84cd2eb9ab
-----------------------------
Name: SAMSUNG Galaxy S24 5G (Cobalt Violet, 512 GB)
Price: ₹84,499
Link: https://www.flipkart.com/samsung-galaxy-s24-5g-cobalt-violet-512-gb/p/itm0d5ed926087c7?pid=MOBGX2F3V52SBYMZ&lid=LSTMOBGX2F3V52SBYMZKEWTB0&marketplace=FLIPKART&q=samsung+galaxy+s10+lite+mobile&store=tyy%2F4io&srno=s_1_14&otracker=AS_QueryStore_OrganicAutoSuggest_1_18_na_na_na&otracker1=AS_QueryStore_OrganicAutoSuggest_1_18_na_na_na&fm=search-autosuggest&iid=dd9ca09e-bf99-4df4-bcbf-31e03e783582.MOBGX2F3V52SBYMZ.SEARCH&ppt=sp&ppn=sp&ssid=dtl8cnn65c0000001723044944828&qH=1284a3c29a2ae1f4
-----------------------------
Name: SAMSUNG Galaxy S24 5G (Amber Yellow, 256 GB)
Price: ₹74,999
Link: https://www.flipkart.com/samsung-galaxy-s24-5g-amber-yellow-256-gb/p/itmebc700bb8d159?pid=MOBGX2F3TYAVSQJC&lid=LSTMOBGX2F3TYAVSQJCZEHPSQ&marketplace=FLIPKART&q=samsung+galaxy+s10+lite+mobile&store=tyy%2F4io&srno=s_1_17&otracker=AS_QueryStore_OrganicAutoSuggest_1_18_na_na_na&otracker1=AS_QueryStore_OrganicAutoSuggest_1_18_na_na_na&fm=search-autosuggest&iid=7816cf95-b98c-4693-adf8-cde3556aad95.MOBGX2F3TYAVSQJC.SEARCH&ppt=sp&ppn=sp&ssid=kpyf9ff3z40000001723044943024&qH=1284a3c29a2ae1f4
-----------------------------
Name: SAMSUNG Galaxy S22 Plus 5G (Phantom Black, 128 GB)
Price: ₹69,999
Link: https://www.flipkart.com/samsung-galaxy-s22-plus-5g-phantom-black-128-gb/p/itm7fd318a27dcd7?pid=MOBGGG2YUGAYANRQ&lid=LSTMOBGGG2YUGAYANRQQF31UI&marketplace=FLIPKART&q=samsung+galaxy+s10+lite+mobile&store=tyy%2F4io&srno=s_1_22&otracker=AS_QueryStore_OrganicAutoSuggest_1_18_na_na_na&otracker1=AS_QueryStore_OrganicAutoSuggest_1_18_na_na_na&fm=search-autosuggest&iid=2756b47c-10b9-4ef7-aae1-0e39387d9737.MOBGGG2YUGAYANRQ.SEARCH&ppt=sp&ppn=sp&ssid=1thgzjfdalma2j9c1723044947299&qH=1284a3c29a2ae1f4
-----------------------------
Name: SAMSUNG Galaxy S24 5G (Cobalt Violet, 128 GB)
Price: ₹69,999
Link: https://www.flipkart.com/samsung-galaxy-s24-5g-cobalt-violet-128-gb/p/itma2ec54ed01030?pid=MOBHYJ6Q3ZAFJTF7&lid=LSTMOBHYJ6Q3ZAFJTF7GUPLRR&marketplace=FLIPKART&q=samsung+galaxy+s10+lite+mobile&store=tyy%2F4io&srno=s_1_18&otracker=AS_QueryStore_OrganicAutoSuggest_1_18_na_na_na&otracker1=AS_QueryStore_OrganicAutoSuggest_1_18_na_na_na&fm=search-autosuggest&iid=1245ba69-4437-4dd8-8ea6-0eb60436dd96.MOBHYJ6Q3ZAFJTF7.SEARCH&ppt=sp&ppn=sp&ssid=g0k505inqo0000001723044941749&qH=1284a3c29a2ae1f4
-----------------------------
Name: SAMSUNG Galaxy S24 5G (Marble Gray, 128 GB)
Price: ₹69,999
Link: https://www.flipkart.com/samsung-galaxy-s24-5g-marble-gray-128-gb/p/itmd5309d6e0a151?pid=MOBHYJ6QZP2UA4X9&lid=LSTMOBHYJ6QZP2UA4X9WSTBPZ&marketplace=FLIPKART&q=samsung+galaxy+s10+lite+price&store=tyy%2F4io&srno=s_1_16&otracker=AS_QueryStore_OrganicAutoSuggest_2_18_na_na_na&otracker1=AS_QueryStore_OrganicAutoSuggest_2_18_na_na_na&fm=search-autosuggest&iid=c6a2f1fb-9c21-44b4-bede-85b8fff25bce.MOBHYJ6QZP2UA4X9.SEARCH&ppt=sp&ppn=sp&ssid=2jbb19soww0000001723044944201&qH=e9ac4d84cd2eb9ab
-----------------------------
Name: SAMSUNG Galaxy S24 5G (Cobalt Violet, 256 GB)
Price: ₹74,999
Link: https://www.flipkart.com/samsung-galaxy-s24-5g-cobalt-violet-256-gb/p/itme4c78903b0c9f?pid=MOBGX2F3GNSJZ23R&lid=LSTMOBGX2F3GNSJZ23REJ6ZQ8&marketplace=FLIPKART&q=samsung+galaxy+s10+lite+mobile&store=tyy%2F4io&srno=s_1_15&otracker=AS_QueryStore_OrganicAutoSuggest_1_18_na_na_na&otracker1=AS_QueryStore_OrganicAutoSuggest_1_18_na_na_na&fm=search-autosuggest&iid=dd9ca09e-bf99-4df4-bcbf-31e03e783582.MOBGX2F3GNSJZ23R.SEARCH&ppt=sp&ppn=sp&ssid=dtl8cnn65c0000001723044944828&qH=1284a3c29a2ae1f4
-----------------------------
Name: SAMSUNG Galaxy S24 5G (Cobalt Violet, 128 GB)
Price: ₹69,999
Link: https://www.flipkart.com/samsung-galaxy-s24-5g-cobalt-violet-128-gb/p/itma2ec54ed01030?pid=MOBHYJ6Q3ZAFJTF7&lid=LSTMOBHYJ6Q3ZAFJTF7GUPLRR&marketplace=FLIPKART&q=samsung+galaxy+s10+lite+mobile&store=tyy%2F4io&srno=s_1_18&otracker=AS_QueryStore_OrganicAutoSuggest_1_18_na_na_na&otracker1=AS_QueryStore_OrganicAutoSuggest_1_18_na_na_na&fm=search-autosuggest&iid=7816cf95-b98c-4693-adf8-cde3556aad95.MOBHYJ6Q3ZAFJTF7.SEARCH&ppt=sp&ppn=sp&ssid=kpyf9ff3z40000001723044943024&qH=1284a3c29a2ae1f4
-----------------------------
Name: SAMSUNG Galaxy S24 5G (Marble Gray, 128 GB)
Price: ₹69,999
Link: https://www.flipkart.com/samsung-galaxy-s24-5g-marble-gray-128-gb/p/itmd5309d6e0a151?pid=MOBHYJ6QZP2UA4X9&lid=LSTMOBHYJ6QZP2UA4X9WSTBPZ&marketplace=FLIPKART&q=samsung+galaxy+s10+lite+mobile&store=tyy%2F4io&srno=s_1_23&otracker=AS_QueryStore_OrganicAutoSuggest_1_18_na_na_na&otracker1=AS_QueryStore_OrganicAutoSuggest_1_18_na_na_na&fm=search-autosuggest&iid=2756b47c-10b9-4ef7-aae1-0e39387d9737.MOBHYJ6QZP2UA4X9.SEARCH&ppt=sp&ppn=sp&ssid=1thgzjfdalma2j9c1723044947299&qH=1284a3c29a2ae1f4
-----------------------------
Name: SAMSUNG Galaxy S24 5G (Amber Yellow, 128 GB)
Price: ₹69,999
Link: https://www.flipkart.com/samsung-galaxy-s24-5g-amber-yellow-128-gb/p/itmc7715e16403d1?pid=MOBHYJ6QMSGJG28G&lid=LSTMOBHYJ6QMSGJG28GKEE5UE&marketplace=FLIPKART&q=samsung+galaxy+s10+lite+mobile&store=tyy%2F4io&srno=s_1_19&otracker=AS_QueryStore_OrganicAutoSuggest_1_18_na_na_na&otracker1=AS_QueryStore_OrganicAutoSuggest_1_18_na_na_na&fm=search-autosuggest&iid=1245ba69-4437-4dd8-8ea6-0eb60436dd96.MOBHYJ6QMSGJG28G.SEARCH&ppt=sp&ppn=sp&ssid=g0k505inqo0000001723044941749&qH=1284a3c29a2ae1f4
-----------------------------
Name: SAMSUNG Galaxy S24 5G (Cobalt Violet, 128 GB)
Price: ₹69,999
Link: https://www.flipkart.com/samsung-galaxy-s24-5g-cobalt-violet-128-gb/p/itma2ec54ed01030?pid=MOBHYJ6Q3ZAFJTF7&lid=LSTMOBHYJ6Q3ZAFJTF7GUPLRR&marketplace=FLIPKART&q=samsung+galaxy+s10+lite+price&store=tyy%2F4io&srno=s_1_17&otracker=AS_QueryStore_OrganicAutoSuggest_2_18_na_na_na&otracker1=AS_QueryStore_OrganicAutoSuggest_2_18_na_na_na&fm=search-autosuggest&iid=c6a2f1fb-9c21-44b4-bede-85b8fff25bce.MOBHYJ6Q3ZAFJTF7.SEARCH&ppt=sp&ppn=sp&ssid=2jbb19soww0000001723044944201&qH=e9ac4d84cd2eb9ab
-----------------------------
Name: SAMSUNG Galaxy S24 5G (Onyx Black, 256 GB)
Price: ₹74,999
Link: https://www.flipkart.com/samsung-galaxy-s24-5g-onyx-black-256-gb/p/itm0456c01739016?pid=MOBGX2F3ZUBMWBGP&lid=LSTMOBGX2F3ZUBMWBGPME7BYW&marketplace=FLIPKART&q=samsung+galaxy+s10+lite+mobile&store=tyy%2F4io&srno=s_1_16&otracker=AS_QueryStore_OrganicAutoSuggest_1_18_na_na_na&otracker1=AS_QueryStore_OrganicAutoSuggest_1_18_na_na_na&fm=search-autosuggest&iid=dd9ca09e-bf99-4df4-bcbf-31e03e783582.MOBGX2F3ZUBMWBGP.SEARCH&ppt=sp&ppn=sp&ssid=dtl8cnn65c0000001723044944828&qH=1284a3c29a2ae1f4
-----------------------------
Name: SAMSUNG Galaxy S24 5G (Amber Yellow, 128 GB)
Price: ₹69,999
Link: https://www.flipkart.com/samsung-galaxy-s24-5g-amber-yellow-128-gb/p/itmc7715e16403d1?pid=MOBHYJ6QMSGJG28G&lid=LSTMOBHYJ6QMSGJG28GKEE5UE&marketplace=FLIPKART&q=samsung+galaxy+s10+lite+mobile&store=tyy%2F4io&srno=s_1_19&otracker=AS_QueryStore_OrganicAutoSuggest_1_18_na_na_na&otracker1=AS_QueryStore_OrganicAutoSuggest_1_18_na_na_na&fm=search-autosuggest&iid=7816cf95-b98c-4693-adf8-cde3556aad95.MOBHYJ6QMSGJG28G.SEARCH&ppt=sp&ppn=sp&ssid=kpyf9ff3z40000001723044943024&qH=1284a3c29a2ae1f4
-----------------------------
Name: SAMSUNG Galaxy S23 5G (Phantom Black, 256 GB)
Price: ₹49,999
Link: https://www.flipkart.com/samsung-galaxy-s23-5g-phantom-black-256-gb/p/itm347e695feffe7?pid=MOBGMFFXPNSHBGRC&lid=LSTMOBGMFFXPNSHBGRCPG5BZP&marketplace=FLIPKART&q=samsung+galaxy+s10+lite+mobile&store=tyy%2F4io&srno=s_1_24&otracker=AS_QueryStore_OrganicAutoSuggest_1_18_na_na_na&otracker1=AS_QueryStore_OrganicAutoSuggest_1_18_na_na_na&fm=search-autosuggest&iid=2756b47c-10b9-4ef7-aae1-0e39387d9737.MOBGMFFXPNSHBGRC.SEARCH&ppt=sp&ppn=sp&ssid=1thgzjfdalma2j9c1723044947299&qH=1284a3c29a2ae1f4
-----------------------------
]]></system-out>
    <system-err><![CDATA[Aug 07, 2024 9:04:37 PM org.openqa.selenium.remote.tracing.opentelemetry.OpenTelemetryTracer createTracer
INFO: Using OpenTelemetry for tracing
SLF4J(W): No SLF4J providers were found.
SLF4J(W): Defaulting to no-operation (NOP) logger implementation
SLF4J(W): See https://www.slf4j.org/codes.html#noProviders for further details.
Aug 07, 2024 9:05:13 PM org.openqa.selenium.remote.ProtocolHandshake createSession
INFO: Detected dialect: W3C
Aug 07, 2024 9:05:14 PM org.openqa.selenium.remote.ProtocolHandshake createSession
INFO: Detected dialect: W3C
Aug 07, 2024 9:05:15 PM org.openqa.selenium.remote.ProtocolHandshake createSession
INFO: Detected dialect: W3C
Aug 07, 2024 9:05:15 PM org.openqa.selenium.remote.ProtocolHandshake createSession
INFO: Detected dialect: W3C
Aug 07, 2024 9:05:27 PM org.openqa.selenium.remote.ProtocolHandshake createSession
INFO: Detected dialect: W3C
]]></system-err>
  </testcase>
  <testcase name="printProducts" classname="com.mystore.testcases.FlipkartHomeTest" time="61.591">
    <system-out><![CDATA[Driver process found to close
Name: SAMSUNG Galaxy S22 Plus 5G (Phantom Black, 128 GB)
Price: ₹69,999
Link: https://www.flipkart.com/samsung-galaxy-s22-plus-5g-phantom-black-128-gb/p/itm7fd318a27dcd7?pid=MOBGGG2YUGAYANRQ&lid=LSTMOBGGG2YUGAYANRQQF31UI&marketplace=FLIPKART&q=samsung+galaxy+s10+lite+mobile&store=tyy%2F4io&srno=s_1_20&otracker=AS_QueryStore_OrganicAutoSuggest_1_18_na_na_na&otracker1=AS_QueryStore_OrganicAutoSuggest_1_18_na_na_na&fm=search-autosuggest&iid=1245ba69-4437-4dd8-8ea6-0eb60436dd96.MOBGGG2YUGAYANRQ.SEARCH&ppt=sp&ppn=sp&ssid=g0k505inqo0000001723044941749&qH=1284a3c29a2ae1f4
-----------------------------
Name: SAMSUNG Galaxy S22 Plus 5G (Green, 256 GB)
Price: ₹88,999
Link: https://www.flipkart.com/samsung-galaxy-s22-plus-5g-green-256-gb/p/itmc442739abe1a1?pid=MOBGGG2YGHC42XMF&lid=LSTMOBGGG2YGHC42XMFCUR4NX&marketplace=FLIPKART&q=samsung+galaxy+s10+lite+price&store=tyy%2F4io&srno=s_1_18&otracker=AS_QueryStore_OrganicAutoSuggest_2_18_na_na_na&otracker1=AS_QueryStore_OrganicAutoSuggest_2_18_na_na_na&fm=search-autosuggest&iid=c6a2f1fb-9c21-44b4-bede-85b8fff25bce.MOBGGG2YGHC42XMF.SEARCH&ppt=sp&ppn=sp&ssid=2jbb19soww0000001723044944201&qH=e9ac4d84cd2eb9ab
-----------------------------
Name: SAMSUNG Galaxy S24 5G (Amber Yellow, 256 GB)
Price: ₹74,999
Link: https://www.flipkart.com/samsung-galaxy-s24-5g-amber-yellow-256-gb/p/itmebc700bb8d159?pid=MOBGX2F3TYAVSQJC&lid=LSTMOBGX2F3TYAVSQJCZEHPSQ&marketplace=FLIPKART&q=samsung+galaxy+s10+lite+mobile&store=tyy%2F4io&srno=s_1_17&otracker=AS_QueryStore_OrganicAutoSuggest_1_18_na_na_na&otracker1=AS_QueryStore_OrganicAutoSuggest_1_18_na_na_na&fm=search-autosuggest&iid=dd9ca09e-bf99-4df4-bcbf-31e03e783582.MOBGX2F3TYAVSQJC.SEARCH&ppt=sp&ppn=sp&ssid=dtl8cnn65c0000001723044944828&qH=1284a3c29a2ae1f4
-----------------------------
Name: SAMSUNG Galaxy S22 Plus 5G (Phantom Black, 128 GB)
Price: ₹69,999
Link: https://www.flipkart.com/samsung-galaxy-s22-plus-5g-phantom-black-128-gb/p/itm7fd318a27dcd7?pid=MOBGGG2YUGAYANRQ&lid=LSTMOBGGG2YUGAYANRQQF31UI&marketplace=FLIPKART&q=samsung+galaxy+s10+lite+mobile&store=tyy%2F4io&srno=s_1_20&otracker=AS_QueryStore_OrganicAutoSuggest_1_18_na_na_na&otracker1=AS_QueryStore_OrganicAutoSuggest_1_18_na_na_na&fm=search-autosuggest&iid=7816cf95-b98c-4693-adf8-cde3556aad95.MOBGGG2YUGAYANRQ.SEARCH&ppt=sp&ppn=sp&ssid=kpyf9ff3z40000001723044943024&qH=1284a3c29a2ae1f4
-----------------------------
Name: SAMSUNG Galaxy S7 (Gold Platinum, 32 GB)
Price: ₹46,000
Link: https://www.flipkart.com/samsung-galaxy-s7-gold-platinum-32-gb/p/itmeuyda4qgqetc6?pid=MOBEGFZPWJHYT7NX&lid=LSTMOBEGFZPWJHYT7NXKNHWSQ&marketplace=FLIPKART&q=samsung+galaxy+s10+lite+price&store=tyy%2F4io&srno=s_1_19&otracker=AS_QueryStore_OrganicAutoSuggest_2_18_na_na_na&otracker1=AS_QueryStore_OrganicAutoSuggest_2_18_na_na_na&fm=search-autosuggest&iid=c6a2f1fb-9c21-44b4-bede-85b8fff25bce.MOBEGFZPWJHYT7NX.SEARCH&ppt=sp&ppn=sp&ssid=2jbb19soww0000001723044944201&qH=e9ac4d84cd2eb9ab
-----------------------------
Name: SAMSUNG Galaxy S24 5G (Marble Gray, 128 GB)
Price: ₹69,999
Link: https://www.flipkart.com/samsung-galaxy-s24-5g-marble-gray-128-gb/p/itmd5309d6e0a151?pid=MOBHYJ6QZP2UA4X9&lid=LSTMOBHYJ6QZP2UA4X9WSTBPZ&marketplace=FLIPKART&q=samsung+galaxy+s10+lite+mobile&store=tyy%2F4io&srno=s_1_21&otracker=AS_QueryStore_OrganicAutoSuggest_1_18_na_na_na&otracker1=AS_QueryStore_OrganicAutoSuggest_1_18_na_na_na&fm=search-autosuggest&iid=1245ba69-4437-4dd8-8ea6-0eb60436dd96.MOBHYJ6QZP2UA4X9.SEARCH&ppt=sp&ppn=sp&ssid=g0k505inqo0000001723044941749&qH=1284a3c29a2ae1f4
-----------------------------
Name: SAMSUNG Galaxy S24 5G (Cobalt Violet, 128 GB)
Price: ₹69,999
Link: https://www.flipkart.com/samsung-galaxy-s24-5g-cobalt-violet-128-gb/p/itma2ec54ed01030?pid=MOBHYJ6Q3ZAFJTF7&lid=LSTMOBHYJ6Q3ZAFJTF7GUPLRR&marketplace=FLIPKART&q=samsung+galaxy+s10+lite+mobile&store=tyy%2F4io&srno=s_1_18&otracker=AS_QueryStore_OrganicAutoSuggest_1_18_na_na_na&otracker1=AS_QueryStore_OrganicAutoSuggest_1_18_na_na_na&fm=search-autosuggest&iid=dd9ca09e-bf99-4df4-bcbf-31e03e783582.MOBHYJ6Q3ZAFJTF7.SEARCH&ppt=sp&ppn=sp&ssid=dtl8cnn65c0000001723044944828&qH=1284a3c29a2ae1f4
-----------------------------
Name: SAMSUNG Galaxy S24 5G (Marble Gray, 128 GB)
Price: ₹69,999
Link: https://www.flipkart.com/samsung-galaxy-s24-5g-marble-gray-128-gb/p/itmd5309d6e0a151?pid=MOBHYJ6QZP2UA4X9&lid=LSTMOBHYJ6QZP2UA4X9WSTBPZ&marketplace=FLIPKART&q=samsung+galaxy+s10+lite+mobile&store=tyy%2F4io&srno=s_1_21&otracker=AS_QueryStore_OrganicAutoSuggest_1_18_na_na_na&otracker1=AS_QueryStore_OrganicAutoSuggest_1_18_na_na_na&fm=search-autosuggest&iid=7816cf95-b98c-4693-adf8-cde3556aad95.MOBHYJ6QZP2UA4X9.SEARCH&ppt=sp&ppn=sp&ssid=kpyf9ff3z40000001723044943024&qH=1284a3c29a2ae1f4
-----------------------------
Name: SAMSUNG Galaxy S23 5G (Green, 128 GB)
Price: ₹44,999
Link: https://www.flipkart.com/samsung-galaxy-s23-5g-green-128-gb/p/itm7cdd081996dc8?pid=MOBGNPGYWGZAUZGK&lid=LSTMOBGNPGYWGZAUZGKLQSOT0&marketplace=FLIPKART&q=samsung+galaxy+s10+lite+price&store=tyy%2F4io&srno=s_1_20&otracker=AS_QueryStore_OrganicAutoSuggest_2_18_na_na_na&otracker1=AS_QueryStore_OrganicAutoSuggest_2_18_na_na_na&fm=search-autosuggest&iid=c6a2f1fb-9c21-44b4-bede-85b8fff25bce.MOBGNPGYWGZAUZGK.SEARCH&ppt=sp&ppn=sp&ssid=2jbb19soww0000001723044944201&qH=e9ac4d84cd2eb9ab
-----------------------------
Name: SAMSUNG Galaxy S23 5G (Phantom Black, 256 GB)
Price: ₹49,999
Link: https://www.flipkart.com/samsung-galaxy-s23-5g-phantom-black-256-gb/p/itm347e695feffe7?pid=MOBGMFFXPNSHBGRC&lid=LSTMOBGMFFXPNSHBGRCPG5BZP&marketplace=FLIPKART&q=samsung+galaxy+s10+lite+mobile&store=tyy%2F4io&srno=s_1_22&otracker=AS_QueryStore_OrganicAutoSuggest_1_18_na_na_na&otracker1=AS_QueryStore_OrganicAutoSuggest_1_18_na_na_na&fm=search-autosuggest&iid=1245ba69-4437-4dd8-8ea6-0eb60436dd96.MOBGMFFXPNSHBGRC.SEARCH&ppt=sp&ppn=sp&ssid=g0k505inqo0000001723044941749&qH=1284a3c29a2ae1f4
-----------------------------
Name: SAMSUNG Galaxy S24 5G (Amber Yellow, 128 GB)
Price: ₹69,999
Link: https://www.flipkart.com/samsung-galaxy-s24-5g-amber-yellow-128-gb/p/itmc7715e16403d1?pid=MOBHYJ6QMSGJG28G&lid=LSTMOBHYJ6QMSGJG28GKEE5UE&marketplace=FLIPKART&q=samsung+galaxy+s10+lite+mobile&store=tyy%2F4io&srno=s_1_19&otracker=AS_QueryStore_OrganicAutoSuggest_1_18_na_na_na&otracker1=AS_QueryStore_OrganicAutoSuggest_1_18_na_na_na&fm=search-autosuggest&iid=dd9ca09e-bf99-4df4-bcbf-31e03e783582.MOBHYJ6QMSGJG28G.SEARCH&ppt=sp&ppn=sp&ssid=dtl8cnn65c0000001723044944828&qH=1284a3c29a2ae1f4
-----------------------------
Name: SAMSUNG Galaxy S23 5G (Phantom Black, 256 GB)
Price: ₹49,999
Link: https://www.flipkart.com/samsung-galaxy-s23-5g-phantom-black-256-gb/p/itm347e695feffe7?pid=MOBGMFFXPNSHBGRC&lid=LSTMOBGMFFXPNSHBGRCPG5BZP&marketplace=FLIPKART&q=samsung+galaxy+s10+lite+mobile&store=tyy%2F4io&srno=s_1_22&otracker=AS_QueryStore_OrganicAutoSuggest_1_18_na_na_na&otracker1=AS_QueryStore_OrganicAutoSuggest_1_18_na_na_na&fm=search-autosuggest&iid=7816cf95-b98c-4693-adf8-cde3556aad95.MOBGMFFXPNSHBGRC.SEARCH&ppt=sp&ppn=sp&ssid=kpyf9ff3z40000001723044943024&qH=1284a3c29a2ae1f4
-----------------------------
Name: SAMSUNG Galaxy S21 FE 5G (Lavender, 128 GB)
Price: ₹39,999
Link: https://www.flipkart.com/samsung-galaxy-s21-fe-5g-lavender-128-gb/p/itm3b094762fb621?pid=MOBGBNBDZJ5Q3RXK&lid=LSTMOBGBNBDZJ5Q3RXKUCNNBS&marketplace=FLIPKART&q=samsung+galaxy+s10+lite+price&store=tyy%2F4io&srno=s_1_21&otracker=AS_QueryStore_OrganicAutoSuggest_2_18_na_na_na&otracker1=AS_QueryStore_OrganicAutoSuggest_2_18_na_na_na&fm=search-autosuggest&iid=c6a2f1fb-9c21-44b4-bede-85b8fff25bce.MOBGBNBDZJ5Q3RXK.SEARCH&ppt=sp&ppn=sp&ssid=2jbb19soww0000001723044944201&qH=e9ac4d84cd2eb9ab
-----------------------------
Name: SAMSUNG Galaxy S23 5G (Lavender, 256 GB)
Price: ₹49,999
Link: https://www.flipkart.com/samsung-galaxy-s23-5g-lavender-256-gb/p/itmfbae75e3840e1?pid=MOBGMFFXDQTGNWVK&lid=LSTMOBGMFFXDQTGNWVKWE3VH0&marketplace=FLIPKART&q=samsung+galaxy+s10+lite+mobile&store=tyy%2F4io&srno=s_1_23&otracker=AS_QueryStore_OrganicAutoSuggest_1_18_na_na_na&otracker1=AS_QueryStore_OrganicAutoSuggest_1_18_na_na_na&fm=search-autosuggest&iid=1245ba69-4437-4dd8-8ea6-0eb60436dd96.MOBGMFFXDQTGNWVK.SEARCH&ppt=sp&ppn=sp&ssid=g0k505inqo0000001723044941749&qH=1284a3c29a2ae1f4
-----------------------------
Name: SAMSUNG Galaxy S22 Plus 5G (Phantom Black, 128 GB)
Price: ₹69,999
Link: https://www.flipkart.com/samsung-galaxy-s22-plus-5g-phantom-black-128-gb/p/itm7fd318a27dcd7?pid=MOBGGG2YUGAYANRQ&lid=LSTMOBGGG2YUGAYANRQQF31UI&marketplace=FLIPKART&q=samsung+galaxy+s10+lite+mobile&store=tyy%2F4io&srno=s_1_20&otracker=AS_QueryStore_OrganicAutoSuggest_1_18_na_na_na&otracker1=AS_QueryStore_OrganicAutoSuggest_1_18_na_na_na&fm=search-autosuggest&iid=dd9ca09e-bf99-4df4-bcbf-31e03e783582.MOBGGG2YUGAYANRQ.SEARCH&ppt=sp&ppn=sp&ssid=dtl8cnn65c0000001723044944828&qH=1284a3c29a2ae1f4
-----------------------------
Name: SAMSUNG Galaxy S23 5G (Lavender, 256 GB)
Price: ₹49,999
Link: https://www.flipkart.com/samsung-galaxy-s23-5g-lavender-256-gb/p/itmfbae75e3840e1?pid=MOBGMFFXDQTGNWVK&lid=LSTMOBGMFFXDQTGNWVKWE3VH0&marketplace=FLIPKART&q=samsung+galaxy+s10+lite+mobile&store=tyy%2F4io&srno=s_1_23&otracker=AS_QueryStore_OrganicAutoSuggest_1_18_na_na_na&otracker1=AS_QueryStore_OrganicAutoSuggest_1_18_na_na_na&fm=search-autosuggest&iid=7816cf95-b98c-4693-adf8-cde3556aad95.MOBGMFFXDQTGNWVK.SEARCH&ppt=sp&ppn=sp&ssid=kpyf9ff3z40000001723044943024&qH=1284a3c29a2ae1f4
-----------------------------
Name: SAMSUNG Galaxy S23 FE (Graphite, 256 GB)
Price: ₹38,999
Link: https://www.flipkart.com/samsung-galaxy-s23-fe-graphite-256-gb/p/itm3dd39c0d1ec9c?pid=MOBGVTA2GWPSR57X&lid=LSTMOBGVTA2GWPSR57XIIBGXC&marketplace=FLIPKART&q=samsung+galaxy+s10+lite+price&store=tyy%2F4io&srno=s_1_22&otracker=AS_QueryStore_OrganicAutoSuggest_2_18_na_na_na&otracker1=AS_QueryStore_OrganicAutoSuggest_2_18_na_na_na&fm=search-autosuggest&iid=c6a2f1fb-9c21-44b4-bede-85b8fff25bce.MOBGVTA2GWPSR57X.SEARCH&ppt=sp&ppn=sp&ssid=2jbb19soww0000001723044944201&qH=e9ac4d84cd2eb9ab
-----------------------------
Name: SAMSUNG Galaxy S23 5G (Green, 256 GB)
Price: ₹49,999
Link: https://www.flipkart.com/samsung-galaxy-s23-5g-green-256-gb/p/itm6840743bfd1ef?pid=MOBGMFFXB7RGPNET&lid=LSTMOBGMFFXB7RGPNETJZGNDL&marketplace=FLIPKART&q=samsung+galaxy+s10+lite+mobile&store=tyy%2F4io&srno=s_1_24&otracker=AS_QueryStore_OrganicAutoSuggest_1_18_na_na_na&otracker1=AS_QueryStore_OrganicAutoSuggest_1_18_na_na_na&fm=search-autosuggest&iid=1245ba69-4437-4dd8-8ea6-0eb60436dd96.MOBGMFFXB7RGPNET.SEARCH&ppt=sp&ppn=sp&ssid=g0k505inqo0000001723044941749&qH=1284a3c29a2ae1f4
-----------------------------
]]></system-out>
    <system-err><![CDATA[log4j:WARN No appenders could be found for logger (freemarker.cache).
log4j:WARN Please initialize the log4j system properly.
log4j:WARN See http://logging.apache.org/log4j/1.2/faq.html#noconfig for more info.
]]></system-err>
  </testcase>
  <testcase name="printProducts" classname="com.mystore.testcases.FlipkartHomeTest" time="62.46">
    <system-out><![CDATA[Driver process found to close
Name: SAMSUNG Galaxy S24 5G (Marble Gray, 128 GB)
Price: ₹69,999
Link: https://www.flipkart.com/samsung-galaxy-s24-5g-marble-gray-128-gb/p/itmd5309d6e0a151?pid=MOBHYJ6QZP2UA4X9&lid=LSTMOBHYJ6QZP2UA4X9WSTBPZ&marketplace=FLIPKART&q=samsung+galaxy+s10+lite+mobile&store=tyy%2F4io&srno=s_1_21&otracker=AS_QueryStore_OrganicAutoSuggest_1_18_na_na_na&otracker1=AS_QueryStore_OrganicAutoSuggest_1_18_na_na_na&fm=search-autosuggest&iid=dd9ca09e-bf99-4df4-bcbf-31e03e783582.MOBHYJ6QZP2UA4X9.SEARCH&ppt=sp&ppn=sp&ssid=dtl8cnn65c0000001723044944828&qH=1284a3c29a2ae1f4
-----------------------------
Name: SAMSUNG Galaxy S23 5G (Green, 256 GB)
Price: ₹49,999
Link: https://www.flipkart.com/samsung-galaxy-s23-5g-green-256-gb/p/itm6840743bfd1ef?pid=MOBGMFFXB7RGPNET&lid=LSTMOBGMFFXB7RGPNETJZGNDL&marketplace=FLIPKART&q=samsung+galaxy+s10+lite+mobile&store=tyy%2F4io&srno=s_1_24&otracker=AS_QueryStore_OrganicAutoSuggest_1_18_na_na_na&otracker1=AS_QueryStore_OrganicAutoSuggest_1_18_na_na_na&fm=search-autosuggest&iid=7816cf95-b98c-4693-adf8-cde3556aad95.MOBGMFFXB7RGPNET.SEARCH&ppt=sp&ppn=sp&ssid=kpyf9ff3z40000001723044943024&qH=1284a3c29a2ae1f4
-----------------------------
]]></system-out>
  </testcase>
  <testcase name="printProducts" classname="com.mystore.testcases.FlipkartHomeTest" time="64.009">
    <system-out><![CDATA[Driver process found to close
Name: SAMSUNG Galaxy S23 FE (Mint, 256 GB)
Price: ₹38,999
Link: https://www.flipkart.com/samsung-galaxy-s23-fe-mint-256-gb/p/itmdb72279972171?pid=MOBGVTA2R8ZH4G3C&lid=LSTMOBGVTA2R8ZH4G3C8XDOZH&marketplace=FLIPKART&q=samsung+galaxy+s10+lite+price&store=tyy%2F4io&srno=s_1_23&otracker=AS_QueryStore_OrganicAutoSuggest_2_18_na_na_na&otracker1=AS_QueryStore_OrganicAutoSuggest_2_18_na_na_na&fm=search-autosuggest&iid=c6a2f1fb-9c21-44b4-bede-85b8fff25bce.MOBGVTA2R8ZH4G3C.SEARCH&ppt=sp&ppn=sp&ssid=2jbb19soww0000001723044944201&qH=e9ac4d84cd2eb9ab
-----------------------------
Name: SAMSUNG Galaxy S23 5G (Phantom Black, 256 GB)
Price: ₹49,999
Link: https://www.flipkart.com/samsung-galaxy-s23-5g-phantom-black-256-gb/p/itm347e695feffe7?pid=MOBGMFFXPNSHBGRC&lid=LSTMOBGMFFXPNSHBGRCPG5BZP&marketplace=FLIPKART&q=samsung+galaxy+s10+lite+mobile&store=tyy%2F4io&srno=s_1_22&otracker=AS_QueryStore_OrganicAutoSuggest_1_18_na_na_na&otracker1=AS_QueryStore_OrganicAutoSuggest_1_18_na_na_na&fm=search-autosuggest&iid=dd9ca09e-bf99-4df4-bcbf-31e03e783582.MOBGMFFXPNSHBGRC.SEARCH&ppt=sp&ppn=sp&ssid=dtl8cnn65c0000001723044944828&qH=1284a3c29a2ae1f4
-----------------------------
Name: SAMSUNG Galaxy S23 FE (Purple, 256 GB)
Price: ₹38,999
Link: https://www.flipkart.com/samsung-galaxy-s23-fe-purple-256-gb/p/itm8f6a49271bf21?pid=MOBGVTA2VGHCJFGG&lid=LSTMOBGVTA2VGHCJFGG1TC2LI&marketplace=FLIPKART&q=samsung+galaxy+s10+lite+price&store=tyy%2F4io&srno=s_1_24&otracker=AS_QueryStore_OrganicAutoSuggest_2_18_na_na_na&otracker1=AS_QueryStore_OrganicAutoSuggest_2_18_na_na_na&fm=search-autosuggest&iid=c6a2f1fb-9c21-44b4-bede-85b8fff25bce.MOBGVTA2VGHCJFGG.SEARCH&ppt=sp&ppn=sp&ssid=2jbb19soww0000001723044944201&qH=e9ac4d84cd2eb9ab
-----------------------------
]]></system-out>
  </testcase>
  <testcase name="printProducts" classname="com.mystore.testcases.FlipkartHomeTest" time="65.538">
    <system-out><![CDATA[Driver process found to close
Name: SAMSUNG Galaxy S23 5G (Lavender, 256 GB)
Price: ₹49,999
Link: https://www.flipkart.com/samsung-galaxy-s23-5g-lavender-256-gb/p/itmfbae75e3840e1?pid=MOBGMFFXDQTGNWVK&lid=LSTMOBGMFFXDQTGNWVKWE3VH0&marketplace=FLIPKART&q=samsung+galaxy+s10+lite+mobile&store=tyy%2F4io&srno=s_1_23&otracker=AS_QueryStore_OrganicAutoSuggest_1_18_na_na_na&otracker1=AS_QueryStore_OrganicAutoSuggest_1_18_na_na_na&fm=search-autosuggest&iid=dd9ca09e-bf99-4df4-bcbf-31e03e783582.MOBGMFFXDQTGNWVK.SEARCH&ppt=sp&ppn=sp&ssid=dtl8cnn65c0000001723044944828&qH=1284a3c29a2ae1f4
-----------------------------
Name: SAMSUNG Galaxy S23 5G (Green, 256 GB)
Price: ₹49,999
Link: https://www.flipkart.com/samsung-galaxy-s23-5g-green-256-gb/p/itm6840743bfd1ef?pid=MOBGMFFXB7RGPNET&lid=LSTMOBGMFFXB7RGPNETJZGNDL&marketplace=FLIPKART&q=samsung+galaxy+s10+lite+mobile&store=tyy%2F4io&srno=s_1_24&otracker=AS_QueryStore_OrganicAutoSuggest_1_18_na_na_na&otracker1=AS_QueryStore_OrganicAutoSuggest_1_18_na_na_na&fm=search-autosuggest&iid=dd9ca09e-bf99-4df4-bcbf-31e03e783582.MOBGMFFXB7RGPNET.SEARCH&ppt=sp&ppn=sp&ssid=dtl8cnn65c0000001723044944828&qH=1284a3c29a2ae1f4
-----------------------------
]]></system-out>
  </testcase>
</testsuite>