<?xml version="1.0" encoding="UTF-8"?>
<!-- Generated by org.testng.reporters.JUnitReportReporter -->
<testsuite hostname="ibm-ravishrana" failures="0" tests="2" name="com.mystore.testcases.FlipkartHomeTest" time="42.758" errors="0" timestamp="2024-08-06T02:47:48 IST" skipped="0">
  <testcase classname="com.mystore.testcases.FlipkartHomeTest" name="printProducts" time="32.464"/>
  <system-out/>
  <testcase classname="com.mystore.testcases.FlipkartHomeTest" name="printProducts" time="10.294"/>
  <system-out/>
</testsuite> <!-- com.mystore.testcases.FlipkartHomeTest -->
