<?xml version="1.0" encoding="UTF-8"?>
<!-- Generated by org.testng.reporters.JUnitReportReporter -->
<testsuite hostname="ibm-ravishrana" failures="0" tests="3" name="com.mystore.testcases.SampleTest" time="0.029" errors="0" timestamp="2022-12-22T16:17:44 IST" skipped="0">
  <testcase classname="com.mystore.testcases.SampleTest" name="test2" time="0.009"/>
  <system-out/>
  <testcase classname="com.mystore.testcases.SampleTest" name="test1" time="0.010"/>
  <system-out/>
  <testcase classname="com.mystore.testcases.SampleTest" name="test3" time="0.010"/>
  <system-out/>
</testsuite> <!-- com.mystore.testcases.SampleTest -->
