<?xml version="1.0" encoding="UTF-8"?>
<!-- Generated by org.testng.reporters.JUnitReportReporter -->
<testsuite hostname="ibm-ravishrana" failures="0" tests="2" name="com.mystore.testcases.LoginPageTest" time="28.948" errors="0" timestamp="2023-01-03T16:19:18 IST" skipped="0">
  <testcase classname="com.mystore.testcases.LoginPageTest" name="f1" time="18.782"/>
  <system-out/>
  <testcase classname="com.mystore.testcases.LoginPageTest" name="loginTest" time="10.166"/>
  <system-out/>
</testsuite> <!-- com.mystore.testcases.LoginPageTest -->
