<?xml version="1.0" encoding="UTF-8"?>
<!-- Generated by org.testng.reporters.JUnitReportReporter -->
<testsuite hostname="ibm-ravishrana" failures="0" tests="1" name="com.mystore.testcases.FlipkartHomeTest" time="85.797" errors="0" timestamp="2024-08-06T13:17:35 IST" skipped="0">
  <testcase classname="com.mystore.testcases.FlipkartHomeTest" name="printProducts" time="85.797"/>
  <system-out/>
</testsuite> <!-- com.mystore.testcases.FlipkartHomeTest -->
