<?xml version="1.0" encoding="UTF-8"?>
<!-- Generated by org.testng.reporters.JUnitReportReporter -->
<testsuite hostname="ibm-ravishrana" failures="0" tests="3" name="com.mystore.testcases.FlipkartHomeTest" time="126.022" errors="0" timestamp="2024-08-13T00:25:26 IST" skipped="0">
  <testcase classname="com.mystore.testcases.FlipkartHomeTest" name="printProducts" time="44.831"/>
  <system-out/>
  <testcase classname="com.mystore.testcases.FlipkartHomeTest" name="printProducts" time="51.034"/>
  <system-out/>
  <testcase classname="com.mystore.testcases.FlipkartHomeTest" name="printProducts" time="30.157"/>
  <system-out/>
</testsuite> <!-- com.mystore.testcases.FlipkartHomeTest -->
