<?xml version="1.0" encoding="UTF-8"?>
<!-- Generated by org.testng.reporters.JUnitReportReporter -->
<testsuite hostname="ibm-ravishrana" failures="0" tests="3" name="com.mystore.testcases.FlipkartHomeTest" time="65.297" errors="0" timestamp="2024-08-07T19:57:03 IST" skipped="0">
  <testcase classname="com.mystore.testcases.FlipkartHomeTest" name="printProducts" time="13.688"/>
  <system-out/>
  <testcase classname="com.mystore.testcases.FlipkartHomeTest" name="printProducts" time="26.141"/>
  <system-out/>
  <testcase classname="com.mystore.testcases.FlipkartHomeTest" name="printProducts" time="25.468"/>
  <system-out/>
</testsuite> <!-- com.mystore.testcases.FlipkartHomeTest -->
