<?xml version="1.0" encoding="UTF-8"?>
<!-- Generated by org.testng.reporters.JUnitReportReporter -->
<testsuite hostname="ibm-ravishrana" failures="0" tests="3" name="com.mystore.testcases.FlipkartHomeTest" time="164.589" errors="0" timestamp="2024-08-13T12:08:42 IST" skipped="0">
  <testcase classname="com.mystore.testcases.FlipkartHomeTest" name="printProducts" time="47.109"/>
  <system-out/>
  <testcase classname="com.mystore.testcases.FlipkartHomeTest" name="printProducts" time="56.261"/>
  <system-out/>
  <testcase classname="com.mystore.testcases.FlipkartHomeTest" name="printProducts" time="61.219"/>
  <system-out/>
</testsuite> <!-- com.mystore.testcases.FlipkartHomeTest -->
