<?xml version="1.0" encoding="UTF-8"?>
<!-- Generated by org.testng.reporters.JUnitReportReporter -->
<testsuite hostname="ibm-ravishrana" failures="0" tests="3" name="com.mystore.testcases.FlipkartHomeTest" time="64.483" errors="0" timestamp="2024-08-07T20:17:00 IST" skipped="0">
  <testcase classname="com.mystore.testcases.FlipkartHomeTest" name="printProducts" time="25.332"/>
  <system-out/>
  <testcase classname="com.mystore.testcases.FlipkartHomeTest" name="printProducts" time="13.507"/>
  <system-out/>
  <testcase classname="com.mystore.testcases.FlipkartHomeTest" name="printProducts" time="25.644"/>
  <system-out/>
</testsuite> <!-- com.mystore.testcases.FlipkartHomeTest -->
