<?xml version="1.0" encoding="UTF-8"?>
<!-- Generated by org.testng.reporters.JUnitReportReporter -->
<testsuite hostname="ibm-ravishrana" failures="0" tests="1" name="com.mystore.testcases.HomePageTest" time="24.460" errors="0" timestamp="2022-12-29T18:51:48 IST" skipped="0">
  <testcase classname="com.mystore.testcases.HomePageTest" name="f1" time="24.460"/>
  <system-out/>
</testsuite> <!-- com.mystore.testcases.HomePageTest -->
